[2022-06-04 05:00:33.124] [exthost] [info] Extension host with pid 35099 started
[2022-06-04 05:00:33.124] [exthost] [info] Skipping acquiring lock for /home/xmig/.config/Code - OSS/User/workspaceStorage/bee9aec4d7138019d5bc5f406d157cf9.
[2022-06-04 05:00:33.631] [exthost] [info] ExtensionService#_doActivateExtension vscode.debug-auto-launch, startup: true, activationEvent: '*'
[2022-06-04 05:00:33.667] [exthost] [info] ExtensionService#_doActivateExtension vscode.git-base, startup: true, activationEvent: '*', root cause: vscode.git
[2022-06-04 05:00:33.704] [exthost] [info] ExtensionService#_doActivateExtension vscode.ipynb, startup: true, activationEvent: '*'
[2022-06-04 05:00:33.754] [exthost] [info] ExtensionService#_doActivateExtension naumovs.color-highlight, startup: true, activationEvent: '*'
[2022-06-04 05:00:33.834] [exthost] [info] ExtensionService#_doActivateExtension vscode.git, startup: true, activationEvent: '*'
[2022-06-04 05:00:34.167] [exthost] [info] ExtensionService#_doActivateExtension vscode.github, startup: true, activationEvent: '*'
[2022-06-04 05:00:34.540] [exthost] [info] Eager extensions activated
[2022-06-04 05:00:34.713] [exthost] [info] ExtensionService#_doActivateExtension vscode.emmet, startup: false, activationEvent: 'onStartupFinished'
[2022-06-04 05:00:35.000] [exthost] [info] ExtensionService#_doActivateExtension vscode.merge-conflict, startup: false, activationEvent: 'onStartupFinished'
[2022-06-04 05:00:35.166] [exthost] [info] ExtensionService#_doActivateExtension Equinusocio.vsc-material-theme, startup: false, activationEvent: 'onStartupFinished'
[2022-06-04 05:00:35.689] [exthost] [info] ExtensionService#_doActivateExtension equinusocio.vsc-material-theme-icons, startup: false, activationEvent: 'onStartupFinished'
[2022-06-04 05:22:11.694] [exthost] [info] Extension host terminating: renderer closed the socket
[2022-06-04 05:22:11.727] [exthost] [info] Extension host with pid 35099 exiting with code 0
[2022-06-04 05:22:19.650] [exthost] [info] Extension host with pid 36076 started
[2022-06-04 05:22:19.650] [exthost] [info] Skipping acquiring lock for /home/xmig/.config/Code - OSS/User/workspaceStorage/c158eb0cac08577b861f8377f1a5519a.
[2022-06-04 05:22:19.790] [exthost] [info] ExtensionService#_doActivateExtension vscode.debug-auto-launch, startup: true, activationEvent: '*'
[2022-06-04 05:22:19.830] [exthost] [info] ExtensionService#_doActivateExtension vscode.git-base, startup: true, activationEvent: '*'
[2022-06-04 05:22:19.878] [exthost] [info] ExtensionService#_doActivateExtension vscode.ipynb, startup: true, activationEvent: '*'
[2022-06-04 05:22:19.914] [exthost] [info] ExtensionService#_doActivateExtension naumovs.color-highlight, startup: true, activationEvent: '*'
[2022-06-04 05:22:20.084] [exthost] [info] ExtensionService#_doActivateExtension vscode.github, startup: true, activationEvent: '*'
[2022-06-04 05:22:20.156] [exthost] [info] Eager extensions activated
[2022-06-04 05:22:20.178] [exthost] [info] ExtensionService#_doActivateExtension vscode.emmet, startup: false, activationEvent: 'onStartupFinished'
[2022-06-04 05:22:20.267] [exthost] [info] ExtensionService#_doActivateExtension vscode.merge-conflict, startup: false, activationEvent: 'onStartupFinished'
[2022-06-04 05:22:20.318] [exthost] [info] ExtensionService#_doActivateExtension Equinusocio.vsc-material-theme, startup: false, activationEvent: 'onStartupFinished'
[2022-06-04 05:22:23.610] [exthost] [info] ExtensionService#_doActivateExtension vscode.git, startup: false, activationEvent: 'api', root cause: vscode.github
[2022-06-04 05:22:23.866] [exthost] [info] ExtensionService#_doActivateExtension equinusocio.vsc-material-theme-icons, startup: false, activationEvent: 'onStartupFinished'
[2022-06-04 07:08:34.473] [exthost] [info] Extension host terminating: renderer closed the socket
[2022-06-04 07:08:34.576] [exthost] [info] Extension host with pid 36076 exiting with code 0
