[2022-06-04T01:35:04.491Z] Validating found git in: git
[2022-06-04T01:35:04.523Z] Using git 2.36.1 from git
[2022-06-04T01:35:04.554Z] > git rev-parse --show-toplevel [12ms]
[2022-06-04T01:35:04.554Z] fatal: not a git repository (or any parent up to mount point /)
Stopping at filesystem boundary (GIT_DISCOVERY_ACROSS_FILESYSTEM not set).
[2022-06-04T01:35:04.582Z] > git rev-parse --show-toplevel [4ms]
[2022-06-04T01:35:04.582Z] fatal: not a git repository (or any parent up to mount point /)
Stopping at filesystem boundary (GIT_DISCOVERY_ACROSS_FILESYSTEM not set).
[2022-06-04T01:35:04.598Z] > git rev-parse --show-toplevel [6ms]
[2022-06-04T01:35:04.598Z] fatal: not a git repository (or any parent up to mount point /)
Stopping at filesystem boundary (GIT_DISCOVERY_ACROSS_FILESYSTEM not set).
[2022-06-04T01:35:19.367Z] > git rev-parse --show-toplevel [4ms]
[2022-06-04T01:35:19.367Z] fatal: not a git repository (or any parent up to mount point /)
Stopping at filesystem boundary (GIT_DISCOVERY_ACROSS_FILESYSTEM not set).
[2022-06-04T01:35:22.085Z] > git rev-parse --show-toplevel [2ms]
[2022-06-04T01:35:22.086Z] fatal: not a git repository (or any parent up to mount point /)
Stopping at filesystem boundary (GIT_DISCOVERY_ACROSS_FILESYSTEM not set).
[2022-06-04T01:35:24.692Z] > git rev-parse --show-toplevel [4ms]
[2022-06-04T01:35:24.692Z] fatal: not a git repository (or any parent up to mount point /)
Stopping at filesystem boundary (GIT_DISCOVERY_ACROSS_FILESYSTEM not set).
[2022-06-04T01:35:25.703Z] > git rev-parse --show-toplevel [7ms]
[2022-06-04T01:35:25.703Z] fatal: not a git repository (or any parent up to mount point /)
Stopping at filesystem boundary (GIT_DISCOVERY_ACROSS_FILESYSTEM not set).
[2022-06-04T01:35:27.362Z] > git rev-parse --show-toplevel [4ms]
[2022-06-04T01:35:27.362Z] fatal: not a git repository (or any parent up to mount point /)
Stopping at filesystem boundary (GIT_DISCOVERY_ACROSS_FILESYSTEM not set).
[2022-06-04T01:35:28.259Z] > git rev-parse --show-toplevel [3ms]
[2022-06-04T01:35:28.259Z] fatal: not a git repository (or any parent up to mount point /)
Stopping at filesystem boundary (GIT_DISCOVERY_ACROSS_FILESYSTEM not set).
[2022-06-04T01:35:38.532Z] > git rev-parse --show-toplevel [1ms]
[2022-06-04T01:35:38.532Z] fatal: not a git repository (or any parent up to mount point /)
Stopping at filesystem boundary (GIT_DISCOVERY_ACROSS_FILESYSTEM not set).
[2022-06-04T01:35:47.732Z] > git rev-parse --show-toplevel [3ms]
[2022-06-04T01:35:47.732Z] fatal: not a git repository (or any parent up to mount point /)
Stopping at filesystem boundary (GIT_DISCOVERY_ACROSS_FILESYSTEM not set).
[2022-06-04T01:35:58.005Z] > git rev-parse --show-toplevel [2ms]
[2022-06-04T01:35:58.005Z] fatal: not a git repository (or any parent up to mount point /)
Stopping at filesystem boundary (GIT_DISCOVERY_ACROSS_FILESYSTEM not set).
[2022-06-04T01:36:01.938Z] > git rev-parse --show-toplevel [1ms]
[2022-06-04T01:36:01.938Z] fatal: not a git repository (or any parent up to mount point /)
Stopping at filesystem boundary (GIT_DISCOVERY_ACROSS_FILESYSTEM not set).
[2022-06-04T01:36:04.289Z] > git rev-parse --show-toplevel [7ms]
[2022-06-04T01:36:04.289Z] fatal: not a git repository (or any parent up to mount point /)
Stopping at filesystem boundary (GIT_DISCOVERY_ACROSS_FILESYSTEM not set).
[2022-06-04T01:36:30.287Z] > git rev-parse --show-toplevel [1ms]
[2022-06-04T01:36:30.287Z] fatal: not a git repository (or any parent up to mount point /)
Stopping at filesystem boundary (GIT_DISCOVERY_ACROSS_FILESYSTEM not set).
[2022-06-04T01:36:33.376Z] > git rev-parse --show-toplevel [2ms]
[2022-06-04T01:36:33.376Z] fatal: not a git repository (or any parent up to mount point /)
Stopping at filesystem boundary (GIT_DISCOVERY_ACROSS_FILESYSTEM not set).
[2022-06-04T01:37:02.016Z] > git rev-parse --show-toplevel [2ms]
[2022-06-04T01:37:02.016Z] fatal: not a git repository (or any parent up to mount point /)
Stopping at filesystem boundary (GIT_DISCOVERY_ACROSS_FILESYSTEM not set).
[2022-06-04T01:37:05.563Z] > git rev-parse --show-toplevel [3ms]
[2022-06-04T01:37:05.563Z] fatal: not a git repository (or any parent up to mount point /)
Stopping at filesystem boundary (GIT_DISCOVERY_ACROSS_FILESYSTEM not set).
[2022-06-04T01:37:05.975Z] > git rev-parse --show-toplevel [3ms]
[2022-06-04T01:37:05.975Z] fatal: not a git repository (or any parent up to mount point /)
Stopping at filesystem boundary (GIT_DISCOVERY_ACROSS_FILESYSTEM not set).
[2022-06-04T01:37:18.909Z] > git rev-parse --show-toplevel [3ms]
[2022-06-04T01:37:18.909Z] fatal: not a git repository (or any parent up to mount point /)
Stopping at filesystem boundary (GIT_DISCOVERY_ACROSS_FILESYSTEM not set).
[2022-06-04T01:37:19.049Z] > git rev-parse --show-toplevel [2ms]
[2022-06-04T01:37:19.049Z] fatal: not a git repository (or any parent up to mount point /)
Stopping at filesystem boundary (GIT_DISCOVERY_ACROSS_FILESYSTEM not set).
[2022-06-04T01:37:37.883Z] > git rev-parse --show-toplevel [3ms]
[2022-06-04T01:37:37.883Z] fatal: not a git repository (or any parent up to mount point /)
Stopping at filesystem boundary (GIT_DISCOVERY_ACROSS_FILESYSTEM not set).
[2022-06-04T01:37:38.371Z] > git rev-parse --show-toplevel [3ms]
[2022-06-04T01:37:38.371Z] fatal: not a git repository (or any parent up to mount point /)
Stopping at filesystem boundary (GIT_DISCOVERY_ACROSS_FILESYSTEM not set).
[2022-06-04T01:37:56.026Z] > git rev-parse --show-toplevel [1ms]
[2022-06-04T01:37:56.026Z] fatal: not a git repository (or any parent up to mount point /)
Stopping at filesystem boundary (GIT_DISCOVERY_ACROSS_FILESYSTEM not set).
[2022-06-04T01:37:58.013Z] > git rev-parse --show-toplevel [4ms]
[2022-06-04T01:37:58.013Z] fatal: not a git repository (or any parent up to mount point /)
Stopping at filesystem boundary (GIT_DISCOVERY_ACROSS_FILESYSTEM not set).
[2022-06-04T01:38:09.071Z] > git rev-parse --show-toplevel [1ms]
[2022-06-04T01:38:09.071Z] fatal: not a git repository (or any parent up to mount point /)
Stopping at filesystem boundary (GIT_DISCOVERY_ACROSS_FILESYSTEM not set).
[2022-06-04T01:38:09.604Z] > git rev-parse --show-toplevel [2ms]
[2022-06-04T01:38:09.604Z] fatal: not a git repository (or any parent up to mount point /)
Stopping at filesystem boundary (GIT_DISCOVERY_ACROSS_FILESYSTEM not set).
[2022-06-04T01:38:16.533Z] > git rev-parse --show-toplevel [4ms]
[2022-06-04T01:38:16.533Z] fatal: not a git repository (or any parent up to mount point /)
Stopping at filesystem boundary (GIT_DISCOVERY_ACROSS_FILESYSTEM not set).
[2022-06-04T01:38:16.590Z] > git rev-parse --show-toplevel [1ms]
[2022-06-04T01:38:16.590Z] fatal: not a git repository (or any parent up to mount point /)
Stopping at filesystem boundary (GIT_DISCOVERY_ACROSS_FILESYSTEM not set).
