[2022-06-04T12:16:03.002Z] Validating found git in: git
[2022-06-04T12:16:03.030Z] Using git 2.36.1 from git
[2022-06-04T12:16:03.057Z] > git rev-parse --show-toplevel [6ms]
[2022-06-04T12:16:03.076Z] > git rev-parse --git-dir --git-common-dir [4ms]
[2022-06-04T12:16:03.094Z] Open repository: /home/xmig/.local/share/nvim/site/pack/packer/opt/base46
[2022-06-04T12:16:03.225Z] > git status -z -uall [117ms]
[2022-06-04T12:16:03.262Z] > git symbolic-ref --short HEAD [27ms]
[2022-06-04T12:16:03.273Z] > git for-each-ref --format=%(refname)%00%(upstream:short)%00%(objectname)%00%(upstream:track)%00%(upstream:remotename)%00%(upstream:remoteref) refs/heads/master refs/remotes/master [3ms]
[2022-06-04T12:16:03.297Z] > git remote --verbose [7ms]
[2022-06-04T12:16:03.298Z] > git for-each-ref --sort -committerdate --format %(refname) %(objectname) %(*objectname) [16ms]
[2022-06-04T12:16:03.319Z] > git config --get commit.template [5ms]
[2022-06-04T12:16:03.641Z] > git show --textconv :lua/hl_themes/pseudo.lua [19ms]
[2022-06-04T12:16:03.641Z] > git check-ignore -v -z --stdin [2ms]
[2022-06-04T12:16:03.643Z] > git ls-files --stage -- /home/xmig/.local/share/nvim/site/pack/packer/opt/base46/lua/hl_themes/pseudo.lua [13ms]
[2022-06-04T12:16:03.655Z] > git cat-file -s 31e8f25c295d9710832536809e7b61e028f303ce [4ms]
[2022-06-04T12:17:54.318Z] > git status -z -uall [5ms]
[2022-06-04T12:17:54.331Z] > git symbolic-ref --short HEAD [3ms]
[2022-06-04T12:17:54.344Z] > git for-each-ref --format=%(refname)%00%(upstream:short)%00%(objectname)%00%(upstream:track)%00%(upstream:remotename)%00%(upstream:remoteref) refs/heads/master refs/remotes/master [4ms]
[2022-06-04T12:17:54.373Z] > git remote --verbose [4ms]
[2022-06-04T12:17:54.374Z] > git for-each-ref --sort -committerdate --format %(refname) %(objectname) %(*objectname) [21ms]
[2022-06-04T12:17:54.415Z] > git config --get commit.template [6ms]
[2022-06-04T18:39:23.197Z] > git rev-parse --show-toplevel [46ms]
[2022-06-04T18:39:23.198Z] fatal: not a git repository (or any parent up to mount point /)
Stopping at filesystem boundary (GIT_DISCOVERY_ACROSS_FILESYSTEM not set).
