[2022-06-04T10:09:01.885Z] Validating found git in: git
[2022-06-04T10:09:01.923Z] Using git 2.36.1 from git
[2022-06-04T10:09:01.975Z] > git rev-parse --show-toplevel [8ms]
[2022-06-04T10:09:02.000Z] > git rev-parse --git-dir --git-common-dir [5ms]
[2022-06-04T10:09:02.016Z] Open repository: /home/xmig/.local/share/nvim/site/pack/packer/opt/base46
[2022-06-04T10:09:02.045Z] > git status -z -uall [8ms]
[2022-06-04T10:09:02.065Z] > git symbolic-ref --short HEAD [11ms]
[2022-06-04T10:09:02.935Z] > git for-each-ref --format=%(refname)%00%(upstream:short)%00%(objectname)%00%(upstream:track)%00%(upstream:remotename)%00%(upstream:remoteref) refs/heads/master refs/remotes/master [859ms]
[2022-06-04T10:09:02.987Z] > git for-each-ref --sort -committerdate --format %(refname) %(objectname) %(*objectname) [19ms]
[2022-06-04T10:09:02.997Z] > git remote --verbose [14ms]
[2022-06-04T10:09:03.167Z] > git show --textconv :lua/hl_themes/pseudo.lua [102ms]
[2022-06-04T10:09:03.168Z] > git ls-files --stage -- /home/xmig/.local/share/nvim/site/pack/packer/opt/base46/lua/hl_themes/pseudo.lua [85ms]
[2022-06-04T10:09:03.197Z] > git cat-file -s 31e8f25c295d9710832536809e7b61e028f303ce [11ms]
[2022-06-04T10:09:03.198Z] > git config --get commit.template [48ms]
[2022-06-04T10:09:03.437Z] > git check-ignore -v -z --stdin [2ms]
[2022-06-04T10:09:23.125Z] > git status -z -uall [11ms]
[2022-06-04T10:09:23.158Z] > git symbolic-ref --short HEAD [7ms]
[2022-06-04T10:09:23.192Z] > git for-each-ref --format=%(refname)%00%(upstream:short)%00%(objectname)%00%(upstream:track)%00%(upstream:remotename)%00%(upstream:remoteref) refs/heads/master refs/remotes/master [8ms]
[2022-06-04T10:09:23.221Z] > git for-each-ref --sort -committerdate --format %(refname) %(objectname) %(*objectname) [16ms]
[2022-06-04T10:09:23.223Z] > git remote --verbose [4ms]
[2022-06-04T10:09:23.242Z] > git config --get commit.template [3ms]
[2022-06-04T10:09:39.580Z] > git status -z -uall [3ms]
[2022-06-04T10:09:39.597Z] > git symbolic-ref --short HEAD [5ms]
[2022-06-04T10:09:39.613Z] > git for-each-ref --format=%(refname)%00%(upstream:short)%00%(objectname)%00%(upstream:track)%00%(upstream:remotename)%00%(upstream:remoteref) refs/heads/master refs/remotes/master [3ms]
[2022-06-04T10:09:39.640Z] > git for-each-ref --sort -committerdate --format %(refname) %(objectname) %(*objectname) [15ms]
[2022-06-04T10:09:39.642Z] > git remote --verbose [5ms]
[2022-06-04T10:09:39.657Z] > git config --get commit.template [3ms]
[2022-06-04T10:10:04.588Z] > git status -z -uall [3ms]
[2022-06-04T10:10:04.598Z] > git symbolic-ref --short HEAD [4ms]
[2022-06-04T10:10:04.608Z] > git for-each-ref --format=%(refname)%00%(upstream:short)%00%(objectname)%00%(upstream:track)%00%(upstream:remotename)%00%(upstream:remoteref) refs/heads/master refs/remotes/master [2ms]
[2022-06-04T10:10:04.626Z] > git for-each-ref --sort -committerdate --format %(refname) %(objectname) %(*objectname) [8ms]
[2022-06-04T10:10:04.627Z] > git remote --verbose [3ms]
[2022-06-04T10:10:04.648Z] > git config --get commit.template [6ms]
[2022-06-04T10:10:13.251Z] > git rev-parse --show-toplevel [12ms]
[2022-06-04T10:10:13.251Z] fatal: not a git repository (or any parent up to mount point /)
Stopping at filesystem boundary (GIT_DISCOVERY_ACROSS_FILESYSTEM not set).
[2022-06-04T10:10:16.906Z] > git show --textconv :lua/hl_themes/pseudo.lua [10ms]
[2022-06-04T10:10:16.907Z] > git ls-files --stage -- /home/xmig/.local/share/nvim/site/pack/packer/opt/base46/lua/hl_themes/pseudo.lua [2ms]
[2022-06-04T10:10:16.921Z] > git cat-file -s 31e8f25c295d9710832536809e7b61e028f303ce [2ms]
[2022-06-04T10:10:21.200Z] > git rev-parse --show-toplevel [10ms]
[2022-06-04T10:10:21.200Z] fatal: not a git repository (or any parent up to mount point /)
Stopping at filesystem boundary (GIT_DISCOVERY_ACROSS_FILESYSTEM not set).
[2022-06-04T10:10:28.171Z] > git show --textconv :lua/hl_themes/pseudo.lua [7ms]
[2022-06-04T10:10:28.172Z] > git ls-files --stage -- /home/xmig/.local/share/nvim/site/pack/packer/opt/base46/lua/hl_themes/pseudo.lua [2ms]
[2022-06-04T10:10:28.182Z] > git cat-file -s 31e8f25c295d9710832536809e7b61e028f303ce [1ms]
[2022-06-04T10:10:33.041Z] > git rev-parse --show-toplevel [21ms]
[2022-06-04T10:10:33.041Z] fatal: not a git repository (or any parent up to mount point /)
Stopping at filesystem boundary (GIT_DISCOVERY_ACROSS_FILESYSTEM not set).
[2022-06-04T10:10:43.025Z] > git show --textconv :lua/hl_themes/pseudo.lua [9ms]
[2022-06-04T10:10:43.027Z] > git ls-files --stage -- /home/xmig/.local/share/nvim/site/pack/packer/opt/base46/lua/hl_themes/pseudo.lua [2ms]
[2022-06-04T10:10:43.040Z] > git cat-file -s 31e8f25c295d9710832536809e7b61e028f303ce [5ms]
[2022-06-04T10:10:45.560Z] > git rev-parse --show-toplevel [9ms]
[2022-06-04T10:10:45.560Z] fatal: not a git repository (or any parent up to mount point /)
Stopping at filesystem boundary (GIT_DISCOVERY_ACROSS_FILESYSTEM not set).
[2022-06-04T10:10:50.060Z] > git show --textconv :lua/hl_themes/pseudo.lua [12ms]
[2022-06-04T10:10:50.062Z] > git ls-files --stage -- /home/xmig/.local/share/nvim/site/pack/packer/opt/base46/lua/hl_themes/pseudo.lua [3ms]
[2022-06-04T10:10:50.073Z] > git cat-file -s 31e8f25c295d9710832536809e7b61e028f303ce [4ms]
[2022-06-04T10:10:56.895Z] > git rev-parse --show-toplevel [11ms]
[2022-06-04T10:10:56.895Z] fatal: not a git repository (or any parent up to mount point /)
Stopping at filesystem boundary (GIT_DISCOVERY_ACROSS_FILESYSTEM not set).
[2022-06-04T10:11:02.849Z] > git show --textconv :lua/hl_themes/pseudo.lua [8ms]
[2022-06-04T10:11:02.853Z] > git ls-files --stage -- /home/xmig/.local/share/nvim/site/pack/packer/opt/base46/lua/hl_themes/pseudo.lua [5ms]
[2022-06-04T10:11:02.873Z] > git cat-file -s 31e8f25c295d9710832536809e7b61e028f303ce [4ms]
[2022-06-04T10:11:09.447Z] > git rev-parse --show-toplevel [4ms]
[2022-06-04T10:11:09.447Z] fatal: not a git repository (or any parent up to mount point /)
Stopping at filesystem boundary (GIT_DISCOVERY_ACROSS_FILESYSTEM not set).
[2022-06-04T10:11:13.069Z] > git show --textconv :lua/hl_themes/pseudo.lua [9ms]
[2022-06-04T10:11:13.070Z] > git ls-files --stage -- /home/xmig/.local/share/nvim/site/pack/packer/opt/base46/lua/hl_themes/pseudo.lua [3ms]
[2022-06-04T10:11:13.078Z] > git cat-file -s 31e8f25c295d9710832536809e7b61e028f303ce [2ms]
[2022-06-04T10:11:18.622Z] > git rev-parse --show-toplevel [11ms]
[2022-06-04T10:11:18.622Z] fatal: not a git repository (or any parent up to mount point /)
Stopping at filesystem boundary (GIT_DISCOVERY_ACROSS_FILESYSTEM not set).
[2022-06-04T10:11:20.461Z] > git show --textconv :lua/hl_themes/pseudo.lua [18ms]
[2022-06-04T10:11:20.466Z] > git ls-files --stage -- /home/xmig/.local/share/nvim/site/pack/packer/opt/base46/lua/hl_themes/pseudo.lua [6ms]
[2022-06-04T10:11:20.479Z] > git cat-file -s 31e8f25c295d9710832536809e7b61e028f303ce [2ms]
[2022-06-04T10:11:24.739Z] > git rev-parse --show-toplevel [15ms]
[2022-06-04T10:11:24.739Z] fatal: not a git repository (or any parent up to mount point /)
Stopping at filesystem boundary (GIT_DISCOVERY_ACROSS_FILESYSTEM not set).
[2022-06-04T10:11:30.640Z] > git show --textconv :lua/hl_themes/pseudo.lua [13ms]
[2022-06-04T10:11:30.642Z] > git ls-files --stage -- /home/xmig/.local/share/nvim/site/pack/packer/opt/base46/lua/hl_themes/pseudo.lua [3ms]
[2022-06-04T10:11:30.656Z] > git cat-file -s 31e8f25c295d9710832536809e7b61e028f303ce [2ms]
[2022-06-04T10:11:41.774Z] > git rev-parse --show-toplevel [8ms]
[2022-06-04T10:11:41.774Z] fatal: not a git repository (or any parent up to mount point /)
Stopping at filesystem boundary (GIT_DISCOVERY_ACROSS_FILESYSTEM not set).
[2022-06-04T10:11:45.751Z] > git show --textconv :lua/hl_themes/pseudo.lua [11ms]
[2022-06-04T10:11:45.752Z] > git ls-files --stage -- /home/xmig/.local/share/nvim/site/pack/packer/opt/base46/lua/hl_themes/pseudo.lua [2ms]
[2022-06-04T10:11:45.768Z] > git cat-file -s 31e8f25c295d9710832536809e7b61e028f303ce [6ms]
[2022-06-04T10:11:52.118Z] > git rev-parse --show-toplevel [13ms]
[2022-06-04T10:11:52.118Z] fatal: not a git repository (or any parent up to mount point /)
Stopping at filesystem boundary (GIT_DISCOVERY_ACROSS_FILESYSTEM not set).
[2022-06-04T10:11:58.716Z] > git show --textconv :lua/hl_themes/pseudo.lua [10ms]
[2022-06-04T10:11:58.717Z] > git ls-files --stage -- /home/xmig/.local/share/nvim/site/pack/packer/opt/base46/lua/hl_themes/pseudo.lua [2ms]
[2022-06-04T10:11:58.727Z] > git cat-file -s 31e8f25c295d9710832536809e7b61e028f303ce [4ms]
[2022-06-04T10:12:00.694Z] > git rev-parse --show-toplevel [9ms]
[2022-06-04T10:12:00.694Z] fatal: not a git repository (or any parent up to mount point /)
Stopping at filesystem boundary (GIT_DISCOVERY_ACROSS_FILESYSTEM not set).
[2022-06-04T10:12:04.581Z] > git show --textconv :lua/hl_themes/pseudo.lua [14ms]
[2022-06-04T10:12:04.582Z] > git ls-files --stage -- /home/xmig/.local/share/nvim/site/pack/packer/opt/base46/lua/hl_themes/pseudo.lua [2ms]
[2022-06-04T10:12:04.598Z] > git cat-file -s 31e8f25c295d9710832536809e7b61e028f303ce [4ms]
[2022-06-04T10:12:13.231Z] > git rev-parse --show-toplevel [7ms]
[2022-06-04T10:12:13.231Z] fatal: not a git repository (or any parent up to mount point /)
Stopping at filesystem boundary (GIT_DISCOVERY_ACROSS_FILESYSTEM not set).
[2022-06-04T10:12:17.171Z] > git show --textconv :lua/hl_themes/pseudo.lua [14ms]
[2022-06-04T10:12:17.174Z] > git ls-files --stage -- /home/xmig/.local/share/nvim/site/pack/packer/opt/base46/lua/hl_themes/pseudo.lua [4ms]
[2022-06-04T10:12:17.182Z] > git cat-file -s 31e8f25c295d9710832536809e7b61e028f303ce [2ms]
[2022-06-04T10:12:33.826Z] > git status -z -uall [1ms]
[2022-06-04T10:12:33.840Z] > git symbolic-ref --short HEAD [5ms]
[2022-06-04T10:12:33.855Z] > git for-each-ref --format=%(refname)%00%(upstream:short)%00%(objectname)%00%(upstream:track)%00%(upstream:remotename)%00%(upstream:remoteref) refs/heads/master refs/remotes/master [4ms]
[2022-06-04T10:12:33.877Z] > git for-each-ref --sort -committerdate --format %(refname) %(objectname) %(*objectname) [14ms]
[2022-06-04T10:12:33.878Z] > git remote --verbose [2ms]
[2022-06-04T10:12:33.901Z] > git config --get commit.template [7ms]
[2022-06-04T10:12:43.296Z] > git status -z -uall [8ms]
[2022-06-04T10:12:43.326Z] > git symbolic-ref --short HEAD [5ms]
[2022-06-04T10:12:43.356Z] > git for-each-ref --format=%(refname)%00%(upstream:short)%00%(objectname)%00%(upstream:track)%00%(upstream:remotename)%00%(upstream:remoteref) refs/heads/master refs/remotes/master [8ms]
[2022-06-04T10:12:43.408Z] > git remote --verbose [11ms]
[2022-06-04T10:12:43.410Z] > git for-each-ref --sort -committerdate --format %(refname) %(objectname) %(*objectname) [33ms]
[2022-06-04T10:12:43.446Z] > git config --get commit.template [4ms]
[2022-06-04T10:13:07.678Z] > git status -z -uall [4ms]
[2022-06-04T10:13:07.691Z] > git symbolic-ref --short HEAD [1ms]
[2022-06-04T10:13:07.706Z] > git for-each-ref --format=%(refname)%00%(upstream:short)%00%(objectname)%00%(upstream:track)%00%(upstream:remotename)%00%(upstream:remoteref) refs/heads/master refs/remotes/master [1ms]
[2022-06-04T10:13:07.726Z] > git for-each-ref --sort -committerdate --format %(refname) %(objectname) %(*objectname) [9ms]
[2022-06-04T10:13:07.728Z] > git remote --verbose [4ms]
[2022-06-04T10:13:07.751Z] > git config --get commit.template [2ms]
[2022-06-04T10:14:16.060Z] > git status -z -uall [3ms]
[2022-06-04T10:14:16.071Z] > git symbolic-ref --short HEAD [2ms]
[2022-06-04T10:14:16.082Z] > git for-each-ref --format=%(refname)%00%(upstream:short)%00%(objectname)%00%(upstream:track)%00%(upstream:remotename)%00%(upstream:remoteref) refs/heads/master refs/remotes/master [3ms]
[2022-06-04T10:14:16.102Z] > git for-each-ref --sort -committerdate --format %(refname) %(objectname) %(*objectname) [11ms]
[2022-06-04T10:14:16.102Z] > git remote --verbose [4ms]
[2022-06-04T10:14:16.119Z] > git config --get commit.template [3ms]
[2022-06-04T10:14:21.165Z] > git status -z -uall [12ms]
[2022-06-04T10:14:21.186Z] > git symbolic-ref --short HEAD [2ms]
[2022-06-04T10:14:21.199Z] > git for-each-ref --format=%(refname)%00%(upstream:short)%00%(objectname)%00%(upstream:track)%00%(upstream:remotename)%00%(upstream:remoteref) refs/heads/master refs/remotes/master [5ms]
[2022-06-04T10:14:21.224Z] > git for-each-ref --sort -committerdate --format %(refname) %(objectname) %(*objectname) [16ms]
[2022-06-04T10:14:21.225Z] > git remote --verbose [2ms]
[2022-06-04T10:14:21.246Z] > git config --get commit.template [2ms]
[2022-06-04T10:15:07.109Z] > git status -z -uall [6ms]
[2022-06-04T10:15:07.129Z] > git symbolic-ref --short HEAD [6ms]
[2022-06-04T10:15:07.169Z] > git for-each-ref --format=%(refname)%00%(upstream:short)%00%(objectname)%00%(upstream:track)%00%(upstream:remotename)%00%(upstream:remoteref) refs/heads/master refs/remotes/master [10ms]
[2022-06-04T10:15:07.216Z] > git for-each-ref --sort -committerdate --format %(refname) %(objectname) %(*objectname) [19ms]
[2022-06-04T10:15:07.218Z] > git remote --verbose [5ms]
[2022-06-04T10:15:07.262Z] > git config --get commit.template [7ms]
[2022-06-04T10:15:19.915Z] > git status -z -uall [3ms]
[2022-06-04T10:15:19.933Z] > git symbolic-ref --short HEAD [4ms]
[2022-06-04T10:15:19.950Z] > git for-each-ref --format=%(refname)%00%(upstream:short)%00%(objectname)%00%(upstream:track)%00%(upstream:remotename)%00%(upstream:remoteref) refs/heads/master refs/remotes/master [3ms]
[2022-06-04T10:15:19.984Z] > git for-each-ref --sort -committerdate --format %(refname) %(objectname) %(*objectname) [22ms]
[2022-06-04T10:15:19.990Z] > git remote --verbose [8ms]
[2022-06-04T10:15:20.008Z] > git config --get commit.template [1ms]
[2022-06-04T10:15:25.455Z] > git status -z -uall [14ms]
[2022-06-04T10:15:25.497Z] > git symbolic-ref --short HEAD [8ms]
[2022-06-04T10:15:25.520Z] > git for-each-ref --format=%(refname)%00%(upstream:short)%00%(objectname)%00%(upstream:track)%00%(upstream:remotename)%00%(upstream:remoteref) refs/heads/master refs/remotes/master [7ms]
[2022-06-04T10:15:25.543Z] > git for-each-ref --sort -committerdate --format %(refname) %(objectname) %(*objectname) [15ms]
[2022-06-04T10:15:25.546Z] > git remote --verbose [5ms]
[2022-06-04T10:15:25.570Z] > git config --get commit.template [6ms]
[2022-06-04T10:15:31.543Z] > git status -z -uall [2ms]
[2022-06-04T10:15:31.553Z] > git symbolic-ref --short HEAD [2ms]
[2022-06-04T10:15:31.562Z] > git for-each-ref --format=%(refname)%00%(upstream:short)%00%(objectname)%00%(upstream:track)%00%(upstream:remotename)%00%(upstream:remoteref) refs/heads/master refs/remotes/master [2ms]
[2022-06-04T10:15:31.577Z] > git for-each-ref --sort -committerdate --format %(refname) %(objectname) %(*objectname) [7ms]
[2022-06-04T10:15:31.578Z] > git remote --verbose [2ms]
[2022-06-04T10:15:31.592Z] > git config --get commit.template [2ms]
[2022-06-04T10:15:36.611Z] > git status -z -uall [3ms]
[2022-06-04T10:15:36.625Z] > git symbolic-ref --short HEAD [2ms]
[2022-06-04T10:15:36.634Z] > git for-each-ref --format=%(refname)%00%(upstream:short)%00%(objectname)%00%(upstream:track)%00%(upstream:remotename)%00%(upstream:remoteref) refs/heads/master refs/remotes/master [3ms]
[2022-06-04T10:15:36.654Z] > git for-each-ref --sort -committerdate --format %(refname) %(objectname) %(*objectname) [13ms]
[2022-06-04T10:15:36.654Z] > git remote --verbose [3ms]
[2022-06-04T10:15:36.668Z] > git config --get commit.template [4ms]
[2022-06-04T10:15:44.535Z] > git status -z -uall [10ms]
[2022-06-04T10:15:44.564Z] > git symbolic-ref --short HEAD [5ms]
[2022-06-04T10:15:44.581Z] > git for-each-ref --format=%(refname)%00%(upstream:short)%00%(objectname)%00%(upstream:track)%00%(upstream:remotename)%00%(upstream:remoteref) refs/heads/master refs/remotes/master [4ms]
[2022-06-04T10:15:44.608Z] > git for-each-ref --sort -committerdate --format %(refname) %(objectname) %(*objectname) [15ms]
[2022-06-04T10:15:44.609Z] > git remote --verbose [3ms]
[2022-06-04T10:15:44.630Z] > git config --get commit.template [4ms]
[2022-06-04T10:15:58.120Z] > git rev-parse --show-toplevel [5ms]
[2022-06-04T10:15:58.120Z] fatal: not a git repository (or any parent up to mount point /)
Stopping at filesystem boundary (GIT_DISCOVERY_ACROSS_FILESYSTEM not set).
[2022-06-04T10:16:05.373Z] > git show --textconv :lua/hl_themes/pseudo.lua [13ms]
[2022-06-04T10:16:05.374Z] > git ls-files --stage -- /home/xmig/.local/share/nvim/site/pack/packer/opt/base46/lua/hl_themes/pseudo.lua [2ms]
[2022-06-04T10:16:05.384Z] > git cat-file -s 31e8f25c295d9710832536809e7b61e028f303ce [2ms]
[2022-06-04T10:16:13.979Z] > git status -z -uall [8ms]
[2022-06-04T10:16:13.988Z] > git symbolic-ref --short HEAD [1ms]
[2022-06-04T10:16:14.001Z] > git for-each-ref --format=%(refname)%00%(upstream:short)%00%(objectname)%00%(upstream:track)%00%(upstream:remotename)%00%(upstream:remoteref) refs/heads/master refs/remotes/master [2ms]
[2022-06-04T10:16:14.019Z] > git for-each-ref --sort -committerdate --format %(refname) %(objectname) %(*objectname) [7ms]
[2022-06-04T10:16:14.020Z] > git remote --verbose [2ms]
[2022-06-04T10:16:14.033Z] > git config --get commit.template [2ms]
[2022-06-04T10:16:19.503Z] > git rev-parse --show-toplevel [7ms]
[2022-06-04T10:16:19.503Z] fatal: not a git repository (or any parent up to mount point /)
Stopping at filesystem boundary (GIT_DISCOVERY_ACROSS_FILESYSTEM not set).
[2022-06-04T10:16:23.887Z] > git show --textconv :lua/hl_themes/pseudo.lua [11ms]
[2022-06-04T10:16:23.889Z] > git ls-files --stage -- /home/xmig/.local/share/nvim/site/pack/packer/opt/base46/lua/hl_themes/pseudo.lua [3ms]
[2022-06-04T10:16:23.899Z] > git cat-file -s 31e8f25c295d9710832536809e7b61e028f303ce [2ms]
[2022-06-04T10:16:33.153Z] > git status -z -uall [16ms]
[2022-06-04T10:16:33.202Z] > git symbolic-ref --short HEAD [3ms]
[2022-06-04T10:16:33.217Z] > git for-each-ref --format=%(refname)%00%(upstream:short)%00%(objectname)%00%(upstream:track)%00%(upstream:remotename)%00%(upstream:remoteref) refs/heads/master refs/remotes/master [2ms]
[2022-06-04T10:16:33.248Z] > git for-each-ref --sort -committerdate --format %(refname) %(objectname) %(*objectname) [17ms]
[2022-06-04T10:16:33.248Z] > git remote --verbose [3ms]
[2022-06-04T10:16:33.267Z] > git config --get commit.template [2ms]
[2022-06-04T10:16:39.448Z] > git rev-parse --show-toplevel [3ms]
[2022-06-04T10:16:39.448Z] fatal: not a git repository (or any parent up to mount point /)
Stopping at filesystem boundary (GIT_DISCOVERY_ACROSS_FILESYSTEM not set).
[2022-06-04T10:16:43.481Z] > git show --textconv :lua/hl_themes/pseudo.lua [18ms]
[2022-06-04T10:16:43.482Z] > git ls-files --stage -- /home/xmig/.local/share/nvim/site/pack/packer/opt/base46/lua/hl_themes/pseudo.lua [2ms]
[2022-06-04T10:16:43.495Z] > git cat-file -s 31e8f25c295d9710832536809e7b61e028f303ce [2ms]
[2022-06-04T10:17:00.294Z] > git rev-parse --show-toplevel [9ms]
[2022-06-04T10:17:00.294Z] fatal: not a git repository (or any parent up to mount point /)
Stopping at filesystem boundary (GIT_DISCOVERY_ACROSS_FILESYSTEM not set).
[2022-06-04T10:17:04.044Z] > git show --textconv :lua/hl_themes/pseudo.lua [12ms]
[2022-06-04T10:17:04.047Z] > git ls-files --stage -- /home/xmig/.local/share/nvim/site/pack/packer/opt/base46/lua/hl_themes/pseudo.lua [4ms]
[2022-06-04T10:17:04.063Z] > git cat-file -s 31e8f25c295d9710832536809e7b61e028f303ce [3ms]
[2022-06-04T10:17:14.776Z] > git status -z -uall [2ms]
[2022-06-04T10:17:14.793Z] > git symbolic-ref --short HEAD [2ms]
[2022-06-04T10:17:14.808Z] > git for-each-ref --format=%(refname)%00%(upstream:short)%00%(objectname)%00%(upstream:track)%00%(upstream:remotename)%00%(upstream:remoteref) refs/heads/master refs/remotes/master [2ms]
[2022-06-04T10:17:14.828Z] > git for-each-ref --sort -committerdate --format %(refname) %(objectname) %(*objectname) [9ms]
[2022-06-04T10:17:14.831Z] > git remote --verbose [4ms]
[2022-06-04T10:17:14.842Z] > git config --get commit.template [1ms]
[2022-06-04T10:17:17.306Z] > git rev-parse --show-toplevel [12ms]
[2022-06-04T10:17:17.306Z] fatal: not a git repository (or any parent up to mount point /)
Stopping at filesystem boundary (GIT_DISCOVERY_ACROSS_FILESYSTEM not set).
[2022-06-04T10:17:19.886Z] > git status -z -uall [12ms]
[2022-06-04T10:17:19.920Z] > git symbolic-ref --short HEAD [8ms]
[2022-06-04T10:17:19.938Z] > git for-each-ref --format=%(refname)%00%(upstream:short)%00%(objectname)%00%(upstream:track)%00%(upstream:remotename)%00%(upstream:remoteref) refs/heads/master refs/remotes/master [3ms]
[2022-06-04T10:17:19.958Z] > git for-each-ref --sort -committerdate --format %(refname) %(objectname) %(*objectname) [13ms]
[2022-06-04T10:17:19.958Z] > git remote --verbose [2ms]
[2022-06-04T10:17:19.972Z] > git config --get commit.template [2ms]
[2022-06-04T10:17:20.973Z] > git show --textconv :lua/hl_themes/pseudo.lua [15ms]
[2022-06-04T10:17:20.975Z] > git ls-files --stage -- /home/xmig/.local/share/nvim/site/pack/packer/opt/base46/lua/hl_themes/pseudo.lua [3ms]
[2022-06-04T10:17:20.989Z] > git cat-file -s 31e8f25c295d9710832536809e7b61e028f303ce [1ms]
[2022-06-04T10:17:28.064Z] > git rev-parse --show-toplevel [6ms]
[2022-06-04T10:17:28.064Z] fatal: not a git repository (or any parent up to mount point /)
Stopping at filesystem boundary (GIT_DISCOVERY_ACROSS_FILESYSTEM not set).
[2022-06-04T10:17:28.249Z] > git status -z -uall [13ms]
[2022-06-04T10:17:28.282Z] > git symbolic-ref --short HEAD [10ms]
[2022-06-04T10:17:28.312Z] > git for-each-ref --format=%(refname)%00%(upstream:short)%00%(objectname)%00%(upstream:track)%00%(upstream:remotename)%00%(upstream:remoteref) refs/heads/master refs/remotes/master [5ms]
[2022-06-04T10:17:28.335Z] > git for-each-ref --sort -committerdate --format %(refname) %(objectname) %(*objectname) [12ms]
[2022-06-04T10:17:28.336Z] > git remote --verbose [3ms]
[2022-06-04T10:17:28.353Z] > git config --get commit.template [2ms]
[2022-06-04T10:17:34.771Z] > git show --textconv :lua/hl_themes/pseudo.lua [34ms]
[2022-06-04T10:17:34.779Z] > git ls-files --stage -- /home/xmig/.local/share/nvim/site/pack/packer/opt/base46/lua/hl_themes/pseudo.lua [8ms]
[2022-06-04T10:17:34.790Z] > git cat-file -s 31e8f25c295d9710832536809e7b61e028f303ce [2ms]
[2022-06-04T10:17:36.417Z] > git rev-parse --show-toplevel [12ms]
[2022-06-04T10:17:36.417Z] fatal: not a git repository (or any parent up to mount point /)
Stopping at filesystem boundary (GIT_DISCOVERY_ACROSS_FILESYSTEM not set).
[2022-06-04T10:17:41.112Z] > git show --textconv :lua/hl_themes/pseudo.lua [10ms]
[2022-06-04T10:17:41.113Z] > git ls-files --stage -- /home/xmig/.local/share/nvim/site/pack/packer/opt/base46/lua/hl_themes/pseudo.lua [2ms]
[2022-06-04T10:17:41.121Z] > git cat-file -s 31e8f25c295d9710832536809e7b61e028f303ce [2ms]
[2022-06-04T10:17:45.502Z] > git rev-parse --show-toplevel [5ms]
[2022-06-04T10:17:45.502Z] fatal: not a git repository (or any parent up to mount point /)
Stopping at filesystem boundary (GIT_DISCOVERY_ACROSS_FILESYSTEM not set).
[2022-06-04T10:17:47.316Z] > git show --textconv :lua/hl_themes/pseudo.lua [17ms]
[2022-06-04T10:17:47.318Z] > git ls-files --stage -- /home/xmig/.local/share/nvim/site/pack/packer/opt/base46/lua/hl_themes/pseudo.lua [2ms]
[2022-06-04T10:17:47.330Z] > git cat-file -s 31e8f25c295d9710832536809e7b61e028f303ce [2ms]
[2022-06-04T10:17:49.973Z] > git status -z -uall [8ms]
[2022-06-04T10:17:50.013Z] > git symbolic-ref --short HEAD [8ms]
[2022-06-04T10:17:50.049Z] > git for-each-ref --format=%(refname)%00%(upstream:short)%00%(objectname)%00%(upstream:track)%00%(upstream:remotename)%00%(upstream:remoteref) refs/heads/master refs/remotes/master [9ms]
[2022-06-04T10:17:50.083Z] > git for-each-ref --sort -committerdate --format %(refname) %(objectname) %(*objectname) [17ms]
[2022-06-04T10:17:50.084Z] > git remote --verbose [3ms]
[2022-06-04T10:17:50.105Z] > git config --get commit.template [3ms]
[2022-06-04T10:17:51.755Z] > git rev-parse --show-toplevel [5ms]
[2022-06-04T10:17:51.755Z] fatal: not a git repository (or any parent up to mount point /)
Stopping at filesystem boundary (GIT_DISCOVERY_ACROSS_FILESYSTEM not set).
[2022-06-04T10:17:56.001Z] > git show --textconv :lua/hl_themes/pseudo.lua [19ms]
[2022-06-04T10:17:56.003Z] > git ls-files --stage -- /home/xmig/.local/share/nvim/site/pack/packer/opt/base46/lua/hl_themes/pseudo.lua [2ms]
[2022-06-04T10:17:56.020Z] > git cat-file -s 31e8f25c295d9710832536809e7b61e028f303ce [3ms]
[2022-06-04T10:18:06.993Z] > git status -z -uall [20ms]
[2022-06-04T10:18:07.030Z] > git symbolic-ref --short HEAD [4ms]
[2022-06-04T10:18:07.061Z] > git for-each-ref --format=%(refname)%00%(upstream:short)%00%(objectname)%00%(upstream:track)%00%(upstream:remotename)%00%(upstream:remoteref) refs/heads/master refs/remotes/master [5ms]
[2022-06-04T10:18:07.083Z] > git for-each-ref --sort -committerdate --format %(refname) %(objectname) %(*objectname) [9ms]
[2022-06-04T10:18:07.083Z] > git remote --verbose [2ms]
[2022-06-04T10:18:07.100Z] > git config --get commit.template [2ms]
[2022-06-04T10:18:25.658Z] > git status -z -uall [6ms]
[2022-06-04T10:18:25.672Z] > git symbolic-ref --short HEAD [4ms]
[2022-06-04T10:18:25.687Z] > git for-each-ref --format=%(refname)%00%(upstream:short)%00%(objectname)%00%(upstream:track)%00%(upstream:remotename)%00%(upstream:remoteref) refs/heads/master refs/remotes/master [3ms]
[2022-06-04T10:18:25.708Z] > git for-each-ref --sort -committerdate --format %(refname) %(objectname) %(*objectname) [12ms]
[2022-06-04T10:18:25.709Z] > git remote --verbose [2ms]
[2022-06-04T10:18:25.725Z] > git config --get commit.template [2ms]
[2022-06-04T10:18:38.493Z] > git status -z -uall [6ms]
[2022-06-04T10:18:38.512Z] > git symbolic-ref --short HEAD [2ms]
[2022-06-04T10:18:38.527Z] > git for-each-ref --format=%(refname)%00%(upstream:short)%00%(objectname)%00%(upstream:track)%00%(upstream:remotename)%00%(upstream:remoteref) refs/heads/master refs/remotes/master [2ms]
[2022-06-04T10:18:38.552Z] > git remote --verbose [2ms]
[2022-06-04T10:18:38.552Z] > git for-each-ref --sort -committerdate --format %(refname) %(objectname) %(*objectname) [13ms]
[2022-06-04T10:18:38.562Z] > git config --get commit.template [2ms]
[2022-06-04T10:18:40.282Z] > git rev-parse --show-toplevel [7ms]
[2022-06-04T10:18:40.282Z] fatal: not a git repository (or any parent up to mount point /)
Stopping at filesystem boundary (GIT_DISCOVERY_ACROSS_FILESYSTEM not set).
[2022-06-04T10:18:49.941Z] > git show --textconv :lua/hl_themes/pseudo.lua [18ms]
[2022-06-04T10:18:49.942Z] > git ls-files --stage -- /home/xmig/.local/share/nvim/site/pack/packer/opt/base46/lua/hl_themes/pseudo.lua [2ms]
[2022-06-04T10:18:49.956Z] > git cat-file -s 31e8f25c295d9710832536809e7b61e028f303ce [2ms]
[2022-06-04T10:19:08.240Z] > git status -z -uall [3ms]
[2022-06-04T10:19:08.266Z] > git symbolic-ref --short HEAD [8ms]
[2022-06-04T10:19:08.283Z] > git for-each-ref --format=%(refname)%00%(upstream:short)%00%(objectname)%00%(upstream:track)%00%(upstream:remotename)%00%(upstream:remoteref) refs/heads/master refs/remotes/master [3ms]
[2022-06-04T10:19:08.307Z] > git for-each-ref --sort -committerdate --format %(refname) %(objectname) %(*objectname) [11ms]
[2022-06-04T10:19:08.308Z] > git remote --verbose [3ms]
[2022-06-04T10:19:08.320Z] > git config --get commit.template [1ms]
[2022-06-04T10:19:18.677Z] > git rev-parse --show-toplevel [8ms]
[2022-06-04T10:19:18.678Z] fatal: not a git repository (or any parent up to mount point /)
Stopping at filesystem boundary (GIT_DISCOVERY_ACROSS_FILESYSTEM not set).
[2022-06-04T10:19:21.991Z] > git show --textconv :lua/hl_themes/pseudo.lua [20ms]
[2022-06-04T10:19:21.998Z] > git ls-files --stage -- /home/xmig/.local/share/nvim/site/pack/packer/opt/base46/lua/hl_themes/pseudo.lua [9ms]
[2022-06-04T10:19:22.011Z] > git cat-file -s 31e8f25c295d9710832536809e7b61e028f303ce [5ms]
[2022-06-04T10:19:26.140Z] > git status -z -uall [10ms]
[2022-06-04T10:19:26.172Z] > git symbolic-ref --short HEAD [4ms]
[2022-06-04T10:19:26.187Z] > git for-each-ref --format=%(refname)%00%(upstream:short)%00%(objectname)%00%(upstream:track)%00%(upstream:remotename)%00%(upstream:remoteref) refs/heads/master refs/remotes/master [3ms]
[2022-06-04T10:19:26.213Z] > git for-each-ref --sort -committerdate --format %(refname) %(objectname) %(*objectname) [11ms]
[2022-06-04T10:19:26.214Z] > git remote --verbose [2ms]
[2022-06-04T10:19:26.231Z] > git config --get commit.template [2ms]
[2022-06-04T10:19:56.222Z] > git status -z -uall [9ms]
[2022-06-04T10:19:56.231Z] > git symbolic-ref --short HEAD [3ms]
[2022-06-04T10:19:56.244Z] > git for-each-ref --format=%(refname)%00%(upstream:short)%00%(objectname)%00%(upstream:track)%00%(upstream:remotename)%00%(upstream:remoteref) refs/heads/master refs/remotes/master [1ms]
[2022-06-04T10:19:56.263Z] > git for-each-ref --sort -committerdate --format %(refname) %(objectname) %(*objectname) [6ms]
[2022-06-04T10:19:56.269Z] > git remote --verbose [7ms]
[2022-06-04T10:19:56.289Z] > git config --get commit.template [4ms]
[2022-06-04T10:20:08.259Z] > git status -z -uall [3ms]
[2022-06-04T10:20:08.278Z] > git symbolic-ref --short HEAD [4ms]
[2022-06-04T10:20:08.302Z] > git for-each-ref --format=%(refname)%00%(upstream:short)%00%(objectname)%00%(upstream:track)%00%(upstream:remotename)%00%(upstream:remoteref) refs/heads/master refs/remotes/master [9ms]
[2022-06-04T10:20:08.335Z] > git for-each-ref --sort -committerdate --format %(refname) %(objectname) %(*objectname) [15ms]
[2022-06-04T10:20:08.339Z] > git remote --verbose [6ms]
[2022-06-04T10:20:08.358Z] > git config --get commit.template [2ms]
[2022-06-04T10:20:12.635Z] > git rev-parse --show-toplevel [11ms]
[2022-06-04T10:20:12.635Z] fatal: not a git repository (or any parent up to mount point /)
Stopping at filesystem boundary (GIT_DISCOVERY_ACROSS_FILESYSTEM not set).
[2022-06-04T10:20:15.603Z] > git show --textconv :lua/hl_themes/pseudo.lua [13ms]
[2022-06-04T10:20:15.607Z] > git ls-files --stage -- /home/xmig/.local/share/nvim/site/pack/packer/opt/base46/lua/hl_themes/pseudo.lua [4ms]
[2022-06-04T10:20:15.624Z] > git cat-file -s 31e8f25c295d9710832536809e7b61e028f303ce [2ms]
[2022-06-04T10:20:26.611Z] > git status -z -uall [5ms]
[2022-06-04T10:20:26.625Z] > git symbolic-ref --short HEAD [3ms]
[2022-06-04T10:20:26.641Z] > git for-each-ref --format=%(refname)%00%(upstream:short)%00%(objectname)%00%(upstream:track)%00%(upstream:remotename)%00%(upstream:remoteref) refs/heads/master refs/remotes/master [2ms]
[2022-06-04T10:20:26.669Z] > git for-each-ref --sort -committerdate --format %(refname) %(objectname) %(*objectname) [14ms]
[2022-06-04T10:20:26.670Z] > git remote --verbose [3ms]
[2022-06-04T10:20:26.686Z] > git config --get commit.template [4ms]
[2022-06-04T10:20:27.737Z] > git rev-parse --show-toplevel [12ms]
[2022-06-04T10:20:27.737Z] fatal: not a git repository (or any parent up to mount point /)
Stopping at filesystem boundary (GIT_DISCOVERY_ACROSS_FILESYSTEM not set).
[2022-06-04T10:20:30.517Z] > git show --textconv :lua/hl_themes/pseudo.lua [12ms]
[2022-06-04T10:20:30.518Z] > git ls-files --stage -- /home/xmig/.local/share/nvim/site/pack/packer/opt/base46/lua/hl_themes/pseudo.lua [3ms]
[2022-06-04T10:20:30.530Z] > git cat-file -s 31e8f25c295d9710832536809e7b61e028f303ce [3ms]
[2022-06-04T10:20:34.748Z] > git rev-parse --show-toplevel [7ms]
[2022-06-04T10:20:34.748Z] fatal: not a git repository (or any parent up to mount point /)
Stopping at filesystem boundary (GIT_DISCOVERY_ACROSS_FILESYSTEM not set).
[2022-06-04T10:20:37.435Z] > git show --textconv :lua/hl_themes/pseudo.lua [18ms]
[2022-06-04T10:20:37.437Z] > git ls-files --stage -- /home/xmig/.local/share/nvim/site/pack/packer/opt/base46/lua/hl_themes/pseudo.lua [4ms]
[2022-06-04T10:20:37.453Z] > git cat-file -s 31e8f25c295d9710832536809e7b61e028f303ce [2ms]
[2022-06-04T10:20:41.896Z] > git status -z -uall [8ms]
[2022-06-04T10:20:41.905Z] > git symbolic-ref --short HEAD [2ms]
[2022-06-04T10:20:41.915Z] > git for-each-ref --format=%(refname)%00%(upstream:short)%00%(objectname)%00%(upstream:track)%00%(upstream:remotename)%00%(upstream:remoteref) refs/heads/master refs/remotes/master [2ms]
[2022-06-04T10:20:41.931Z] > git for-each-ref --sort -committerdate --format %(refname) %(objectname) %(*objectname) [10ms]
[2022-06-04T10:20:41.931Z] > git remote --verbose [1ms]
[2022-06-04T10:20:41.941Z] > git config --get commit.template [2ms]
[2022-06-04T10:20:43.360Z] > git rev-parse --show-toplevel [7ms]
[2022-06-04T10:20:43.360Z] fatal: not a git repository (or any parent up to mount point /)
Stopping at filesystem boundary (GIT_DISCOVERY_ACROSS_FILESYSTEM not set).
[2022-06-04T10:20:46.703Z] > git show --textconv :lua/hl_themes/pseudo.lua [17ms]
[2022-06-04T10:20:46.704Z] > git ls-files --stage -- /home/xmig/.local/share/nvim/site/pack/packer/opt/base46/lua/hl_themes/pseudo.lua [4ms]
[2022-06-04T10:20:46.715Z] > git cat-file -s 31e8f25c295d9710832536809e7b61e028f303ce [2ms]
[2022-06-04T10:20:52.278Z] > git status -z -uall [2ms]
[2022-06-04T10:20:52.284Z] > git symbolic-ref --short HEAD [1ms]
[2022-06-04T10:20:52.294Z] > git for-each-ref --format=%(refname)%00%(upstream:short)%00%(objectname)%00%(upstream:track)%00%(upstream:remotename)%00%(upstream:remoteref) refs/heads/master refs/remotes/master [1ms]
[2022-06-04T10:20:52.308Z] > git for-each-ref --sort -committerdate --format %(refname) %(objectname) %(*objectname) [9ms]
[2022-06-04T10:20:52.308Z] > git remote --verbose [4ms]
[2022-06-04T10:20:52.316Z] > git config --get commit.template [1ms]
[2022-06-04T10:21:13.729Z] > git status -z -uall [3ms]
[2022-06-04T10:21:13.741Z] > git symbolic-ref --short HEAD [2ms]
[2022-06-04T10:21:13.757Z] > git for-each-ref --format=%(refname)%00%(upstream:short)%00%(objectname)%00%(upstream:track)%00%(upstream:remotename)%00%(upstream:remoteref) refs/heads/master refs/remotes/master [9ms]
[2022-06-04T10:21:13.779Z] > git for-each-ref --sort -committerdate --format %(refname) %(objectname) %(*objectname) [14ms]
[2022-06-04T10:21:13.779Z] > git remote --verbose [2ms]
[2022-06-04T10:21:13.795Z] > git config --get commit.template [2ms]
[2022-06-04T10:21:20.222Z] > git rev-parse --show-toplevel [8ms]
[2022-06-04T10:21:20.222Z] fatal: not a git repository (or any parent up to mount point /)
Stopping at filesystem boundary (GIT_DISCOVERY_ACROSS_FILESYSTEM not set).
[2022-06-04T10:21:25.062Z] > git show --textconv :lua/hl_themes/pseudo.lua [19ms]
[2022-06-04T10:21:25.069Z] > git ls-files --stage -- /home/xmig/.local/share/nvim/site/pack/packer/opt/base46/lua/hl_themes/pseudo.lua [9ms]
[2022-06-04T10:21:25.080Z] > git cat-file -s 31e8f25c295d9710832536809e7b61e028f303ce [2ms]
[2022-06-04T10:21:35.455Z] > git status -z -uall [11ms]
[2022-06-04T10:21:35.469Z] > git symbolic-ref --short HEAD [5ms]
[2022-06-04T10:21:35.490Z] > git for-each-ref --format=%(refname)%00%(upstream:short)%00%(objectname)%00%(upstream:track)%00%(upstream:remotename)%00%(upstream:remoteref) refs/heads/master refs/remotes/master [3ms]
[2022-06-04T10:21:35.522Z] > git for-each-ref --sort -committerdate --format %(refname) %(objectname) %(*objectname) [17ms]
[2022-06-04T10:21:35.525Z] > git remote --verbose [5ms]
[2022-06-04T10:21:35.541Z] > git config --get commit.template [2ms]
[2022-06-04T10:21:41.898Z] > git rev-parse --show-toplevel [7ms]
[2022-06-04T10:21:41.898Z] fatal: not a git repository (or any parent up to mount point /)
Stopping at filesystem boundary (GIT_DISCOVERY_ACROSS_FILESYSTEM not set).
[2022-06-04T10:21:46.705Z] > git show --textconv :lua/hl_themes/pseudo.lua [11ms]
[2022-06-04T10:21:46.706Z] > git ls-files --stage -- /home/xmig/.local/share/nvim/site/pack/packer/opt/base46/lua/hl_themes/pseudo.lua [2ms]
[2022-06-04T10:21:46.721Z] > git cat-file -s 31e8f25c295d9710832536809e7b61e028f303ce [2ms]
[2022-06-04T10:21:52.984Z] > git rev-parse --show-toplevel [11ms]
[2022-06-04T10:21:52.984Z] fatal: not a git repository (or any parent up to mount point /)
Stopping at filesystem boundary (GIT_DISCOVERY_ACROSS_FILESYSTEM not set).
[2022-06-04T10:21:58.396Z] > git show --textconv :lua/hl_themes/pseudo.lua [10ms]
[2022-06-04T10:21:58.399Z] > git ls-files --stage -- /home/xmig/.local/share/nvim/site/pack/packer/opt/base46/lua/hl_themes/pseudo.lua [3ms]
[2022-06-04T10:21:58.408Z] > git cat-file -s 31e8f25c295d9710832536809e7b61e028f303ce [2ms]
[2022-06-04T10:22:02.057Z] > git rev-parse --show-toplevel [6ms]
[2022-06-04T10:22:02.057Z] fatal: not a git repository (or any parent up to mount point /)
Stopping at filesystem boundary (GIT_DISCOVERY_ACROSS_FILESYSTEM not set).
[2022-06-04T10:22:05.114Z] > git show --textconv :lua/hl_themes/pseudo.lua [10ms]
[2022-06-04T10:22:05.116Z] > git ls-files --stage -- /home/xmig/.local/share/nvim/site/pack/packer/opt/base46/lua/hl_themes/pseudo.lua [2ms]
[2022-06-04T10:22:05.127Z] > git cat-file -s 31e8f25c295d9710832536809e7b61e028f303ce [4ms]
[2022-06-04T10:22:18.578Z] > git rev-parse --show-toplevel [10ms]
[2022-06-04T10:22:18.578Z] fatal: not a git repository (or any parent up to mount point /)
Stopping at filesystem boundary (GIT_DISCOVERY_ACROSS_FILESYSTEM not set).
[2022-06-04T10:22:23.056Z] > git show --textconv :lua/hl_themes/pseudo.lua [11ms]
[2022-06-04T10:22:23.064Z] > git ls-files --stage -- /home/xmig/.local/share/nvim/site/pack/packer/opt/base46/lua/hl_themes/pseudo.lua [10ms]
[2022-06-04T10:22:23.077Z] > git cat-file -s 31e8f25c295d9710832536809e7b61e028f303ce [4ms]
[2022-06-04T10:22:27.064Z] > git rev-parse --show-toplevel [9ms]
[2022-06-04T10:22:27.064Z] fatal: not a git repository (or any parent up to mount point /)
Stopping at filesystem boundary (GIT_DISCOVERY_ACROSS_FILESYSTEM not set).
[2022-06-04T10:22:33.077Z] > git show --textconv :lua/hl_themes/pseudo.lua [22ms]
[2022-06-04T10:22:33.080Z] > git ls-files --stage -- /home/xmig/.local/share/nvim/site/pack/packer/opt/base46/lua/hl_themes/pseudo.lua [7ms]
[2022-06-04T10:22:33.097Z] > git cat-file -s 31e8f25c295d9710832536809e7b61e028f303ce [2ms]
[2022-06-04T10:22:37.554Z] > git rev-parse --show-toplevel [7ms]
[2022-06-04T10:22:37.554Z] fatal: not a git repository (or any parent up to mount point /)
Stopping at filesystem boundary (GIT_DISCOVERY_ACROSS_FILESYSTEM not set).
[2022-06-04T10:22:41.080Z] > git show --textconv :lua/hl_themes/pseudo.lua [14ms]
[2022-06-04T10:22:41.081Z] > git ls-files --stage -- /home/xmig/.local/share/nvim/site/pack/packer/opt/base46/lua/hl_themes/pseudo.lua [1ms]
[2022-06-04T10:22:41.096Z] > git cat-file -s 31e8f25c295d9710832536809e7b61e028f303ce [3ms]
[2022-06-04T10:22:45.597Z] > git rev-parse --show-toplevel [12ms]
[2022-06-04T10:22:45.597Z] fatal: not a git repository (or any parent up to mount point /)
Stopping at filesystem boundary (GIT_DISCOVERY_ACROSS_FILESYSTEM not set).
[2022-06-04T10:22:48.820Z] > git show --textconv :lua/hl_themes/pseudo.lua [26ms]
[2022-06-04T10:22:48.821Z] > git ls-files --stage -- /home/xmig/.local/share/nvim/site/pack/packer/opt/base46/lua/hl_themes/pseudo.lua [1ms]
[2022-06-04T10:22:48.829Z] > git cat-file -s 31e8f25c295d9710832536809e7b61e028f303ce [1ms]
[2022-06-04T10:22:54.016Z] > git rev-parse --show-toplevel [6ms]
[2022-06-04T10:22:54.016Z] fatal: not a git repository (or any parent up to mount point /)
Stopping at filesystem boundary (GIT_DISCOVERY_ACROSS_FILESYSTEM not set).
[2022-06-04T10:22:58.462Z] > git show --textconv :lua/hl_themes/pseudo.lua [7ms]
[2022-06-04T10:22:58.464Z] > git ls-files --stage -- /home/xmig/.local/share/nvim/site/pack/packer/opt/base46/lua/hl_themes/pseudo.lua [3ms]
[2022-06-04T10:22:58.474Z] > git cat-file -s 31e8f25c295d9710832536809e7b61e028f303ce [2ms]
[2022-06-04T10:23:04.633Z] > git rev-parse --show-toplevel [5ms]
[2022-06-04T10:23:04.633Z] fatal: not a git repository (or any parent up to mount point /)
Stopping at filesystem boundary (GIT_DISCOVERY_ACROSS_FILESYSTEM not set).
[2022-06-04T10:23:06.070Z] > git show --textconv :lua/hl_themes/pseudo.lua [13ms]
[2022-06-04T10:23:06.072Z] > git ls-files --stage -- /home/xmig/.local/share/nvim/site/pack/packer/opt/base46/lua/hl_themes/pseudo.lua [3ms]
[2022-06-04T10:23:06.082Z] > git cat-file -s 31e8f25c295d9710832536809e7b61e028f303ce [3ms]
[2022-06-04T10:23:15.802Z] > git status -z -uall [7ms]
[2022-06-04T10:23:15.821Z] > git symbolic-ref --short HEAD [3ms]
[2022-06-04T10:23:15.839Z] > git for-each-ref --format=%(refname)%00%(upstream:short)%00%(objectname)%00%(upstream:track)%00%(upstream:remotename)%00%(upstream:remoteref) refs/heads/master refs/remotes/master [3ms]
[2022-06-04T10:23:15.871Z] > git for-each-ref --sort -committerdate --format %(refname) %(objectname) %(*objectname) [17ms]
[2022-06-04T10:23:15.872Z] > git remote --verbose [2ms]
[2022-06-04T10:23:15.892Z] > git config --get commit.template [3ms]
[2022-06-04T10:23:16.315Z] > git rev-parse --show-toplevel [8ms]
[2022-06-04T10:23:16.315Z] fatal: not a git repository (or any parent up to mount point /)
Stopping at filesystem boundary (GIT_DISCOVERY_ACROSS_FILESYSTEM not set).
[2022-06-04T10:23:20.926Z] > git status -z -uall [6ms]
[2022-06-04T10:23:20.940Z] > git symbolic-ref --short HEAD [2ms]
[2022-06-04T10:23:20.953Z] > git for-each-ref --format=%(refname)%00%(upstream:short)%00%(objectname)%00%(upstream:track)%00%(upstream:remotename)%00%(upstream:remoteref) refs/heads/master refs/remotes/master [2ms]
[2022-06-04T10:23:20.967Z] > git for-each-ref --sort -committerdate --format %(refname) %(objectname) %(*objectname) [9ms]
[2022-06-04T10:23:20.967Z] > git remote --verbose [1ms]
[2022-06-04T10:23:20.980Z] > git config --get commit.template [5ms]
[2022-06-04T10:23:23.009Z] > git show --textconv :lua/hl_themes/pseudo.lua [17ms]
[2022-06-04T10:23:23.011Z] > git ls-files --stage -- /home/xmig/.local/share/nvim/site/pack/packer/opt/base46/lua/hl_themes/pseudo.lua [3ms]
[2022-06-04T10:23:23.021Z] > git cat-file -s 31e8f25c295d9710832536809e7b61e028f303ce [2ms]
[2022-06-04T10:23:39.530Z] > git rev-parse --show-toplevel [11ms]
[2022-06-04T10:23:39.530Z] fatal: not a git repository (or any parent up to mount point /)
Stopping at filesystem boundary (GIT_DISCOVERY_ACROSS_FILESYSTEM not set).
[2022-06-04T10:23:43.173Z] > git show --textconv :lua/hl_themes/pseudo.lua [12ms]
[2022-06-04T10:23:43.178Z] > git ls-files --stage -- /home/xmig/.local/share/nvim/site/pack/packer/opt/base46/lua/hl_themes/pseudo.lua [6ms]
[2022-06-04T10:23:43.200Z] > git cat-file -s 31e8f25c295d9710832536809e7b61e028f303ce [0ms]
[2022-06-04T10:23:49.880Z] > git status -z -uall [11ms]
[2022-06-04T10:23:49.896Z] > git symbolic-ref --short HEAD [2ms]
[2022-06-04T10:23:49.911Z] > git for-each-ref --format=%(refname)%00%(upstream:short)%00%(objectname)%00%(upstream:track)%00%(upstream:remotename)%00%(upstream:remoteref) refs/heads/master refs/remotes/master [4ms]
[2022-06-04T10:23:49.931Z] > git for-each-ref --sort -committerdate --format %(refname) %(objectname) %(*objectname) [12ms]
[2022-06-04T10:23:49.932Z] > git remote --verbose [2ms]
[2022-06-04T10:23:49.942Z] > git config --get commit.template [3ms]
[2022-06-04T10:23:54.984Z] > git status -z -uall [12ms]
[2022-06-04T10:23:54.999Z] > git symbolic-ref --short HEAD [2ms]
[2022-06-04T10:23:55.010Z] > git for-each-ref --format=%(refname)%00%(upstream:short)%00%(objectname)%00%(upstream:track)%00%(upstream:remotename)%00%(upstream:remoteref) refs/heads/master refs/remotes/master [2ms]
[2022-06-04T10:23:55.028Z] > git for-each-ref --sort -committerdate --format %(refname) %(objectname) %(*objectname) [12ms]
[2022-06-04T10:23:55.029Z] > git remote --verbose [2ms]
[2022-06-04T10:23:55.043Z] > git config --get commit.template [2ms]
[2022-06-04T10:24:31.797Z] > git status -z -uall [2ms]
[2022-06-04T10:24:31.809Z] > git symbolic-ref --short HEAD [2ms]
[2022-06-04T10:24:31.826Z] > git for-each-ref --format=%(refname)%00%(upstream:short)%00%(objectname)%00%(upstream:track)%00%(upstream:remotename)%00%(upstream:remoteref) refs/heads/master refs/remotes/master [3ms]
[2022-06-04T10:24:31.851Z] > git remote --verbose [3ms]
[2022-06-04T10:24:31.852Z] > git for-each-ref --sort -committerdate --format %(refname) %(objectname) %(*objectname) [13ms]
[2022-06-04T10:24:31.863Z] > git config --get commit.template [2ms]
[2022-06-04T10:25:06.227Z] > git status -z -uall [7ms]
[2022-06-04T10:25:06.247Z] > git symbolic-ref --short HEAD [2ms]
[2022-06-04T10:25:06.266Z] > git for-each-ref --format=%(refname)%00%(upstream:short)%00%(objectname)%00%(upstream:track)%00%(upstream:remotename)%00%(upstream:remoteref) refs/heads/master refs/remotes/master [6ms]
[2022-06-04T10:25:06.287Z] > git for-each-ref --sort -committerdate --format %(refname) %(objectname) %(*objectname) [12ms]
[2022-06-04T10:25:06.288Z] > git remote --verbose [3ms]
[2022-06-04T10:25:06.303Z] > git config --get commit.template [1ms]
[2022-06-04T10:30:31.352Z] > git rev-parse --show-toplevel [10ms]
[2022-06-04T10:30:31.352Z] fatal: not a git repository (or any parent up to mount point /)
Stopping at filesystem boundary (GIT_DISCOVERY_ACROSS_FILESYSTEM not set).
[2022-06-04T10:30:35.655Z] > git show --textconv :lua/hl_themes/pseudo.lua [16ms]
[2022-06-04T10:30:35.656Z] > git ls-files --stage -- /home/xmig/.local/share/nvim/site/pack/packer/opt/base46/lua/hl_themes/pseudo.lua [2ms]
[2022-06-04T10:30:35.672Z] > git cat-file -s 31e8f25c295d9710832536809e7b61e028f303ce [2ms]
[2022-06-04T10:30:50.048Z] > git status -z -uall [6ms]
[2022-06-04T10:30:50.060Z] > git symbolic-ref --short HEAD [2ms]
[2022-06-04T10:30:50.073Z] > git for-each-ref --format=%(refname)%00%(upstream:short)%00%(objectname)%00%(upstream:track)%00%(upstream:remotename)%00%(upstream:remoteref) refs/heads/master refs/remotes/master [2ms]
[2022-06-04T10:30:50.096Z] > git for-each-ref --sort -committerdate --format %(refname) %(objectname) %(*objectname) [12ms]
[2022-06-04T10:30:50.098Z] > git remote --verbose [4ms]
[2022-06-04T10:30:50.113Z] > git config --get commit.template [1ms]
[2022-06-04T10:30:52.798Z] > git rev-parse --show-toplevel [9ms]
[2022-06-04T10:30:52.798Z] fatal: not a git repository (or any parent up to mount point /)
Stopping at filesystem boundary (GIT_DISCOVERY_ACROSS_FILESYSTEM not set).
[2022-06-04T10:31:08.892Z] > git show --textconv :lua/hl_themes/pseudo.lua [13ms]
[2022-06-04T10:31:08.895Z] > git ls-files --stage -- /home/xmig/.local/share/nvim/site/pack/packer/opt/base46/lua/hl_themes/pseudo.lua [5ms]
[2022-06-04T10:31:08.904Z] > git cat-file -s 31e8f25c295d9710832536809e7b61e028f303ce [2ms]
[2022-06-04T10:31:10.329Z] > git rev-parse --show-toplevel [7ms]
[2022-06-04T10:31:10.329Z] fatal: not a git repository (or any parent up to mount point /)
Stopping at filesystem boundary (GIT_DISCOVERY_ACROSS_FILESYSTEM not set).
[2022-06-04T10:31:16.332Z] > git show --textconv :lua/hl_themes/pseudo.lua [16ms]
[2022-06-04T10:31:16.333Z] > git ls-files --stage -- /home/xmig/.local/share/nvim/site/pack/packer/opt/base46/lua/hl_themes/pseudo.lua [2ms]
[2022-06-04T10:31:16.349Z] > git cat-file -s 31e8f25c295d9710832536809e7b61e028f303ce [3ms]
[2022-06-04T10:32:45.425Z] > git status -z -uall [8ms]
[2022-06-04T10:32:45.438Z] > git symbolic-ref --short HEAD [4ms]
[2022-06-04T10:32:45.456Z] > git for-each-ref --format=%(refname)%00%(upstream:short)%00%(objectname)%00%(upstream:track)%00%(upstream:remotename)%00%(upstream:remoteref) refs/heads/master refs/remotes/master [5ms]
[2022-06-04T10:32:45.481Z] > git for-each-ref --sort -committerdate --format %(refname) %(objectname) %(*objectname) [16ms]
[2022-06-04T10:32:45.482Z] > git remote --verbose [3ms]
[2022-06-04T10:32:45.498Z] > git config --get commit.template [1ms]
[2022-06-04T10:33:47.921Z] > git status -z -uall [9ms]
[2022-06-04T10:33:47.957Z] > git symbolic-ref --short HEAD [7ms]
[2022-06-04T10:33:47.991Z] > git for-each-ref --format=%(refname)%00%(upstream:short)%00%(objectname)%00%(upstream:track)%00%(upstream:remotename)%00%(upstream:remoteref) refs/heads/master refs/remotes/master [9ms]
[2022-06-04T10:33:48.012Z] > git for-each-ref --sort -committerdate --format %(refname) %(objectname) %(*objectname) [10ms]
[2022-06-04T10:33:48.013Z] > git remote --verbose [2ms]
[2022-06-04T10:33:48.028Z] > git config --get commit.template [3ms]
[2022-06-04T10:34:29.309Z] > git rev-parse --show-toplevel [6ms]
[2022-06-04T10:34:29.309Z] fatal: not a git repository (or any parent up to mount point /)
Stopping at filesystem boundary (GIT_DISCOVERY_ACROSS_FILESYSTEM not set).
[2022-06-04T10:34:33.647Z] > git show --textconv :lua/hl_themes/pseudo.lua [8ms]
[2022-06-04T10:34:33.648Z] > git ls-files --stage -- /home/xmig/.local/share/nvim/site/pack/packer/opt/base46/lua/hl_themes/pseudo.lua [2ms]
[2022-06-04T10:34:33.660Z] > git cat-file -s 31e8f25c295d9710832536809e7b61e028f303ce [3ms]
[2022-06-04T10:34:47.033Z] > git status -z -uall [15ms]
[2022-06-04T10:34:47.069Z] > git symbolic-ref --short HEAD [9ms]
[2022-06-04T10:34:47.086Z] > git for-each-ref --format=%(refname)%00%(upstream:short)%00%(objectname)%00%(upstream:track)%00%(upstream:remotename)%00%(upstream:remoteref) refs/heads/master refs/remotes/master [7ms]
[2022-06-04T10:34:47.103Z] > git for-each-ref --sort -committerdate --format %(refname) %(objectname) %(*objectname) [10ms]
[2022-06-04T10:34:47.104Z] > git remote --verbose [2ms]
[2022-06-04T10:34:47.118Z] > git config --get commit.template [1ms]
[2022-06-04T10:34:48.692Z] > git rev-parse --show-toplevel [3ms]
[2022-06-04T10:34:48.692Z] fatal: not a git repository (or any parent up to mount point /)
Stopping at filesystem boundary (GIT_DISCOVERY_ACROSS_FILESYSTEM not set).
[2022-06-04T10:34:54.316Z] > git show --textconv :lua/hl_themes/pseudo.lua [11ms]
[2022-06-04T10:34:54.317Z] > git ls-files --stage -- /home/xmig/.local/share/nvim/site/pack/packer/opt/base46/lua/hl_themes/pseudo.lua [2ms]
[2022-06-04T10:34:54.326Z] > git cat-file -s 31e8f25c295d9710832536809e7b61e028f303ce [2ms]
[2022-06-04T10:34:59.519Z] > git rev-parse --show-toplevel [10ms]
[2022-06-04T10:34:59.519Z] fatal: not a git repository (or any parent up to mount point /)
Stopping at filesystem boundary (GIT_DISCOVERY_ACROSS_FILESYSTEM not set).
[2022-06-04T10:35:03.403Z] > git show --textconv :lua/hl_themes/pseudo.lua [15ms]
[2022-06-04T10:35:03.404Z] > git ls-files --stage -- /home/xmig/.local/share/nvim/site/pack/packer/opt/base46/lua/hl_themes/pseudo.lua [2ms]
[2022-06-04T10:35:03.421Z] > git cat-file -s 31e8f25c295d9710832536809e7b61e028f303ce [4ms]
[2022-06-04T10:35:29.325Z] > git status -z -uall [6ms]
[2022-06-04T10:35:29.336Z] > git symbolic-ref --short HEAD [2ms]
[2022-06-04T10:35:29.352Z] > git for-each-ref --format=%(refname)%00%(upstream:short)%00%(objectname)%00%(upstream:track)%00%(upstream:remotename)%00%(upstream:remoteref) refs/heads/master refs/remotes/master [2ms]
[2022-06-04T10:35:29.380Z] > git remote --verbose [2ms]
[2022-06-04T10:35:29.380Z] > git for-each-ref --sort -committerdate --format %(refname) %(objectname) %(*objectname) [17ms]
[2022-06-04T10:35:29.395Z] > git config --get commit.template [5ms]
[2022-06-04T10:35:34.765Z] > git rev-parse --show-toplevel [13ms]
[2022-06-04T10:35:34.765Z] fatal: not a git repository (or any parent up to mount point /)
Stopping at filesystem boundary (GIT_DISCOVERY_ACROSS_FILESYSTEM not set).
[2022-06-04T10:35:37.866Z] > git show --textconv :lua/hl_themes/pseudo.lua [16ms]
[2022-06-04T10:35:37.867Z] > git ls-files --stage -- /home/xmig/.local/share/nvim/site/pack/packer/opt/base46/lua/hl_themes/pseudo.lua [2ms]
[2022-06-04T10:35:37.881Z] > git cat-file -s 31e8f25c295d9710832536809e7b61e028f303ce [2ms]
[2022-06-04T10:35:55.571Z] > git status -z -uall [6ms]
[2022-06-04T10:35:55.581Z] > git symbolic-ref --short HEAD [2ms]
[2022-06-04T10:35:55.597Z] > git for-each-ref --format=%(refname)%00%(upstream:short)%00%(objectname)%00%(upstream:track)%00%(upstream:remotename)%00%(upstream:remoteref) refs/heads/master refs/remotes/master [2ms]
[2022-06-04T10:35:55.628Z] > git for-each-ref --sort -committerdate --format %(refname) %(objectname) %(*objectname) [18ms]
[2022-06-04T10:35:55.629Z] > git remote --verbose [2ms]
[2022-06-04T10:35:55.648Z] > git config --get commit.template [2ms]
[2022-06-04T10:35:56.118Z] > git rev-parse --show-toplevel [7ms]
[2022-06-04T10:35:56.118Z] fatal: not a git repository (or any parent up to mount point /)
Stopping at filesystem boundary (GIT_DISCOVERY_ACROSS_FILESYSTEM not set).
[2022-06-04T10:35:59.308Z] > git show --textconv :lua/hl_themes/pseudo.lua [11ms]
[2022-06-04T10:35:59.309Z] > git ls-files --stage -- /home/xmig/.local/share/nvim/site/pack/packer/opt/base46/lua/hl_themes/pseudo.lua [2ms]
[2022-06-04T10:35:59.324Z] > git cat-file -s 31e8f25c295d9710832536809e7b61e028f303ce [2ms]
[2022-06-04T10:36:10.040Z] > git status -z -uall [15ms]
[2022-06-04T10:36:10.055Z] > git symbolic-ref --short HEAD [3ms]
[2022-06-04T10:36:10.071Z] > git for-each-ref --format=%(refname)%00%(upstream:short)%00%(objectname)%00%(upstream:track)%00%(upstream:remotename)%00%(upstream:remoteref) refs/heads/master refs/remotes/master [2ms]
[2022-06-04T10:36:10.086Z] > git for-each-ref --sort -committerdate --format %(refname) %(objectname) %(*objectname) [10ms]
[2022-06-04T10:36:10.086Z] > git remote --verbose [1ms]
[2022-06-04T10:36:10.095Z] > git config --get commit.template [1ms]
[2022-06-04T10:36:23.113Z] > git rev-parse --show-toplevel [6ms]
[2022-06-04T10:36:23.113Z] fatal: not a git repository (or any parent up to mount point /)
Stopping at filesystem boundary (GIT_DISCOVERY_ACROSS_FILESYSTEM not set).
[2022-06-04T10:36:25.487Z] > git show --textconv :lua/hl_themes/pseudo.lua [12ms]
[2022-06-04T10:36:25.488Z] > git ls-files --stage -- /home/xmig/.local/share/nvim/site/pack/packer/opt/base46/lua/hl_themes/pseudo.lua [3ms]
[2022-06-04T10:36:25.500Z] > git cat-file -s 31e8f25c295d9710832536809e7b61e028f303ce [2ms]
[2022-06-04T10:36:34.317Z] > git rev-parse --show-toplevel [9ms]
[2022-06-04T10:36:34.317Z] fatal: not a git repository (or any parent up to mount point /)
Stopping at filesystem boundary (GIT_DISCOVERY_ACROSS_FILESYSTEM not set).
[2022-06-04T10:36:37.478Z] > git show --textconv :lua/hl_themes/pseudo.lua [10ms]
[2022-06-04T10:36:37.483Z] > git ls-files --stage -- /home/xmig/.local/share/nvim/site/pack/packer/opt/base46/lua/hl_themes/pseudo.lua [7ms]
[2022-06-04T10:36:37.499Z] > git cat-file -s 31e8f25c295d9710832536809e7b61e028f303ce [4ms]
[2022-06-04T10:36:57.813Z] > git status -z -uall [8ms]
[2022-06-04T10:36:57.836Z] > git symbolic-ref --short HEAD [5ms]
[2022-06-04T10:36:57.853Z] > git for-each-ref --format=%(refname)%00%(upstream:short)%00%(objectname)%00%(upstream:track)%00%(upstream:remotename)%00%(upstream:remoteref) refs/heads/master refs/remotes/master [2ms]
[2022-06-04T10:36:57.887Z] > git for-each-ref --sort -committerdate --format %(refname) %(objectname) %(*objectname) [17ms]
[2022-06-04T10:36:57.890Z] > git remote --verbose [5ms]
[2022-06-04T10:36:57.903Z] > git config --get commit.template [1ms]
[2022-06-04T10:37:11.045Z] > git rev-parse --show-toplevel [5ms]
[2022-06-04T10:37:11.045Z] fatal: not a git repository (or any parent up to mount point /)
Stopping at filesystem boundary (GIT_DISCOVERY_ACROSS_FILESYSTEM not set).
[2022-06-04T10:37:15.541Z] > git show --textconv :lua/hl_themes/pseudo.lua [15ms]
[2022-06-04T10:37:15.541Z] > git ls-files --stage -- /home/xmig/.local/share/nvim/site/pack/packer/opt/base46/lua/hl_themes/pseudo.lua [2ms]
[2022-06-04T10:37:15.553Z] > git cat-file -s 31e8f25c295d9710832536809e7b61e028f303ce [4ms]
[2022-06-04T10:37:39.549Z] > git status -z -uall [6ms]
[2022-06-04T10:37:39.574Z] > git symbolic-ref --short HEAD [2ms]
[2022-06-04T10:37:39.589Z] > git for-each-ref --format=%(refname)%00%(upstream:short)%00%(objectname)%00%(upstream:track)%00%(upstream:remotename)%00%(upstream:remoteref) refs/heads/master refs/remotes/master [2ms]
[2022-06-04T10:37:39.611Z] > git remote --verbose [3ms]
[2022-06-04T10:37:39.611Z] > git for-each-ref --sort -committerdate --format %(refname) %(objectname) %(*objectname) [11ms]
[2022-06-04T10:37:39.630Z] > git config --get commit.template [3ms]
[2022-06-04T10:37:45.867Z] > git rev-parse --show-toplevel [7ms]
[2022-06-04T10:37:45.867Z] fatal: not a git repository (or any parent up to mount point /)
Stopping at filesystem boundary (GIT_DISCOVERY_ACROSS_FILESYSTEM not set).
[2022-06-04T10:37:49.497Z] > git show --textconv :lua/hl_themes/pseudo.lua [15ms]
[2022-06-04T10:37:49.499Z] > git ls-files --stage -- /home/xmig/.local/share/nvim/site/pack/packer/opt/base46/lua/hl_themes/pseudo.lua [6ms]
[2022-06-04T10:37:49.512Z] > git cat-file -s 31e8f25c295d9710832536809e7b61e028f303ce [3ms]
[2022-06-04T10:38:18.895Z] > git status -z -uall [2ms]
[2022-06-04T10:38:18.904Z] > git symbolic-ref --short HEAD [1ms]
[2022-06-04T10:38:18.918Z] > git for-each-ref --format=%(refname)%00%(upstream:short)%00%(objectname)%00%(upstream:track)%00%(upstream:remotename)%00%(upstream:remoteref) refs/heads/master refs/remotes/master [2ms]
[2022-06-04T10:38:18.944Z] > git remote --verbose [3ms]
[2022-06-04T10:38:18.945Z] > git for-each-ref --sort -committerdate --format %(refname) %(objectname) %(*objectname) [15ms]
[2022-06-04T10:38:18.959Z] > git config --get commit.template [5ms]
[2022-06-04T10:38:43.329Z] > git rev-parse --show-toplevel [8ms]
[2022-06-04T10:38:43.329Z] fatal: not a git repository (or any parent up to mount point /)
Stopping at filesystem boundary (GIT_DISCOVERY_ACROSS_FILESYSTEM not set).
[2022-06-04T10:42:45.369Z] > git show --textconv :lua/hl_themes/pseudo.lua [7ms]
[2022-06-04T10:42:45.370Z] > git ls-files --stage -- /home/xmig/.local/share/nvim/site/pack/packer/opt/base46/lua/hl_themes/pseudo.lua [2ms]
[2022-06-04T10:42:45.380Z] > git cat-file -s 31e8f25c295d9710832536809e7b61e028f303ce [2ms]
[2022-06-04T10:42:55.700Z] > git status -z -uall [4ms]
[2022-06-04T10:42:55.716Z] > git symbolic-ref --short HEAD [2ms]
[2022-06-04T10:42:55.726Z] > git for-each-ref --format=%(refname)%00%(upstream:short)%00%(objectname)%00%(upstream:track)%00%(upstream:remotename)%00%(upstream:remoteref) refs/heads/master refs/remotes/master [2ms]
[2022-06-04T10:42:55.744Z] > git for-each-ref --sort -committerdate --format %(refname) %(objectname) %(*objectname) [10ms]
[2022-06-04T10:42:55.745Z] > git remote --verbose [2ms]
[2022-06-04T10:42:55.755Z] > git config --get commit.template [3ms]
[2022-06-04T10:42:56.486Z] > git rev-parse --show-toplevel [5ms]
[2022-06-04T10:42:56.486Z] fatal: not a git repository (or any parent up to mount point /)
Stopping at filesystem boundary (GIT_DISCOVERY_ACROSS_FILESYSTEM not set).
[2022-06-04T10:43:00.273Z] > git show --textconv :lua/hl_themes/pseudo.lua [21ms]
[2022-06-04T10:43:00.274Z] > git ls-files --stage -- /home/xmig/.local/share/nvim/site/pack/packer/opt/base46/lua/hl_themes/pseudo.lua [3ms]
[2022-06-04T10:43:00.284Z] > git cat-file -s 31e8f25c295d9710832536809e7b61e028f303ce [2ms]
