[2022-06-04T08:22:24.119Z] Validating found git in: git
[2022-06-04T08:22:24.150Z] Using git 2.36.1 from git
[2022-06-04T08:22:24.171Z] > git rev-parse --show-toplevel [6ms]
[2022-06-04T08:22:24.195Z] > git rev-parse --git-dir --git-common-dir [9ms]
[2022-06-04T08:22:24.212Z] Open repository: /home/xmig/.local/share/nvim/site/pack/packer/opt/base46
[2022-06-04T08:22:24.249Z] > git status -z -uall [23ms]
[2022-06-04T08:22:24.267Z] > git symbolic-ref --short HEAD [9ms]
[2022-06-04T08:22:24.309Z] > git for-each-ref --format=%(refname)%00%(upstream:short)%00%(objectname)%00%(upstream:track)%00%(upstream:remotename)%00%(upstream:remoteref) refs/heads/master refs/remotes/master [18ms]
[2022-06-04T08:22:24.373Z] > git remote --verbose [5ms]
[2022-06-04T08:22:24.374Z] > git for-each-ref --sort -committerdate --format %(refname) %(objectname) %(*objectname) [29ms]
[2022-06-04T08:22:24.429Z] > git config --get commit.template [14ms]
[2022-06-04T08:22:24.820Z] > git check-ignore -v -z --stdin [2ms]
[2022-06-04T08:22:25.741Z] > git check-ignore -v -z --stdin [2ms]
[2022-06-04T08:22:27.182Z] > git show --textconv :lua/hl_themes/wombat.lua [24ms]
[2022-06-04T08:22:27.189Z] > git ls-files --stage -- /home/xmig/.local/share/nvim/site/pack/packer/opt/base46/lua/hl_themes/wombat.lua [8ms]
[2022-06-04T08:22:27.207Z] > git cat-file -s 8b5b476e3bfd256e9a6ff5c96545d91f29c3f6ea [2ms]
[2022-06-04T08:22:31.544Z] > git show --textconv :lua/hl_themes/radium.lua [16ms]
[2022-06-04T08:22:31.548Z] > git ls-files --stage -- /home/xmig/.local/share/nvim/site/pack/packer/opt/base46/lua/hl_themes/radium.lua [7ms]
[2022-06-04T08:22:31.568Z] > git cat-file -s 9ee4f40ca1cc3b44dda301c37d8e6d017dc9a50d [2ms]
[2022-06-04T08:22:42.666Z] > git show --textconv :lua/hl_themes/pseudo [11ms]
[2022-06-04T08:22:42.668Z] > git ls-files --stage -- /home/xmig/.local/share/nvim/site/pack/packer/opt/base46/lua/hl_themes/pseudo [3ms]
[2022-06-04T08:22:42.885Z] > git check-ignore -v -z --stdin [3ms]
[2022-06-04T08:22:43.425Z] > git status -z -uall [22ms]
[2022-06-04T08:22:43.461Z] > git symbolic-ref --short HEAD [10ms]
[2022-06-04T08:22:43.484Z] > git for-each-ref --format=%(refname)%00%(upstream:short)%00%(objectname)%00%(upstream:track)%00%(upstream:remotename)%00%(upstream:remoteref) refs/heads/master refs/remotes/master [5ms]
[2022-06-04T08:22:43.513Z] > git for-each-ref --sort -committerdate --format %(refname) %(objectname) %(*objectname) [13ms]
[2022-06-04T08:22:43.515Z] > git remote --verbose [4ms]
[2022-06-04T08:22:43.531Z] > git config --get commit.template [2ms]
[2022-06-04T08:22:45.215Z] > git show --textconv :lua/hl_themes/radium.lua [22ms]
[2022-06-04T08:22:45.218Z] > git ls-files --stage -- /home/xmig/.local/share/nvim/site/pack/packer/opt/base46/lua/hl_themes/radium.lua [6ms]
[2022-06-04T08:22:45.235Z] > git cat-file -s 9ee4f40ca1cc3b44dda301c37d8e6d017dc9a50d [4ms]
[2022-06-04T08:22:46.218Z] > git show --textconv :lua/hl_themes/pseudo [11ms]
[2022-06-04T08:22:46.220Z] > git ls-files --stage -- /home/xmig/.local/share/nvim/site/pack/packer/opt/base46/lua/hl_themes/pseudo [4ms]
[2022-06-04T08:22:50.928Z] > git show --textconv :lua/hl_themes/pseudo.lua [8ms]
[2022-06-04T08:22:50.930Z] > git ls-files --stage -- /home/xmig/.local/share/nvim/site/pack/packer/opt/base46/lua/hl_themes/pseudo.lua [2ms]
[2022-06-04T08:22:51.316Z] > git check-ignore -v -z --stdin [3ms]
[2022-06-04T08:22:51.809Z] > git status -z -uall [6ms]
[2022-06-04T08:22:51.829Z] > git symbolic-ref --short HEAD [5ms]
[2022-06-04T08:22:51.845Z] > git for-each-ref --format=%(refname)%00%(upstream:short)%00%(objectname)%00%(upstream:track)%00%(upstream:remotename)%00%(upstream:remoteref) refs/heads/master refs/remotes/master [7ms]
[2022-06-04T08:22:51.868Z] > git remote --verbose [4ms]
[2022-06-04T08:22:51.869Z] > git for-each-ref --sort -committerdate --format %(refname) %(objectname) %(*objectname) [15ms]
[2022-06-04T08:22:51.886Z] > git config --get commit.template [2ms]
[2022-06-04T08:22:52.428Z] > git show --textconv :lua/hl_themes/radium.lua [15ms]
[2022-06-04T08:22:52.429Z] > git ls-files --stage -- /home/xmig/.local/share/nvim/site/pack/packer/opt/base46/lua/hl_themes/radium.lua [2ms]
[2022-06-04T08:22:52.444Z] > git cat-file -s 9ee4f40ca1cc3b44dda301c37d8e6d017dc9a50d [5ms]
[2022-06-04T08:22:57.239Z] > git show --textconv :lua/hl_themes/pseudo.lua [14ms]
[2022-06-04T08:22:57.244Z] > git ls-files --stage -- /home/xmig/.local/share/nvim/site/pack/packer/opt/base46/lua/hl_themes/pseudo.lua [6ms]
[2022-06-04T08:23:00.900Z] > git status -z -uall [11ms]
[2022-06-04T08:23:00.916Z] > git symbolic-ref --short HEAD [2ms]
[2022-06-04T08:23:00.924Z] > git for-each-ref --format=%(refname)%00%(upstream:short)%00%(objectname)%00%(upstream:track)%00%(upstream:remotename)%00%(upstream:remoteref) refs/heads/master refs/remotes/master [1ms]
[2022-06-04T08:23:00.940Z] > git for-each-ref --sort -committerdate --format %(refname) %(objectname) %(*objectname) [7ms]
[2022-06-04T08:23:00.941Z] > git remote --verbose [2ms]
[2022-06-04T08:23:00.959Z] > git config --get commit.template [6ms]
[2022-06-04T08:29:37.956Z] > git rev-parse --show-toplevel [40ms]
[2022-06-04T08:29:37.956Z] fatal: not a git repository (or any parent up to mount point /)
Stopping at filesystem boundary (GIT_DISCOVERY_ACROSS_FILESYSTEM not set).
[2022-06-04T08:29:53.178Z] > git show --textconv :lua/hl_themes/pseudo.lua [9ms]
[2022-06-04T08:29:53.180Z] > git ls-files --stage -- /home/xmig/.local/share/nvim/site/pack/packer/opt/base46/lua/hl_themes/pseudo.lua [5ms]
[2022-06-04T08:29:56.199Z] > git rev-parse --show-toplevel [30ms]
[2022-06-04T08:29:56.199Z] fatal: not a git repository (or any parent up to mount point /)
Stopping at filesystem boundary (GIT_DISCOVERY_ACROSS_FILESYSTEM not set).
[2022-06-04T08:30:02.533Z] > git show --textconv :lua/hl_themes/pseudo.lua [12ms]
[2022-06-04T08:30:02.534Z] > git ls-files --stage -- /home/xmig/.local/share/nvim/site/pack/packer/opt/base46/lua/hl_themes/pseudo.lua [2ms]
[2022-06-04T08:30:09.584Z] > git status -z -uall [6ms]
[2022-06-04T08:30:09.595Z] > git symbolic-ref --short HEAD [1ms]
[2022-06-04T08:30:09.606Z] > git for-each-ref --format=%(refname)%00%(upstream:short)%00%(objectname)%00%(upstream:track)%00%(upstream:remotename)%00%(upstream:remoteref) refs/heads/master refs/remotes/master [3ms]
[2022-06-04T08:30:09.625Z] > git remote --verbose [3ms]
[2022-06-04T08:30:09.625Z] > git for-each-ref --sort -committerdate --format %(refname) %(objectname) %(*objectname) [12ms]
[2022-06-04T08:30:09.642Z] > git config --get commit.template [6ms]
[2022-06-04T08:30:39.932Z] > git status -z -uall [8ms]
[2022-06-04T08:30:39.955Z] > git symbolic-ref --short HEAD [8ms]
[2022-06-04T08:30:39.974Z] > git for-each-ref --format=%(refname)%00%(upstream:short)%00%(objectname)%00%(upstream:track)%00%(upstream:remotename)%00%(upstream:remoteref) refs/heads/master refs/remotes/master [6ms]
[2022-06-04T08:30:40.003Z] > git for-each-ref --sort -committerdate --format %(refname) %(objectname) %(*objectname) [14ms]
[2022-06-04T08:30:40.004Z] > git remote --verbose [5ms]
[2022-06-04T08:30:40.024Z] > git config --get commit.template [1ms]
[2022-06-04T08:30:45.357Z] > git status -z -uall [3ms]
[2022-06-04T08:30:45.365Z] > git symbolic-ref --short HEAD [3ms]
[2022-06-04T08:30:45.373Z] > git for-each-ref --format=%(refname)%00%(upstream:short)%00%(objectname)%00%(upstream:track)%00%(upstream:remotename)%00%(upstream:remoteref) refs/heads/master refs/remotes/master [2ms]
[2022-06-04T08:30:45.389Z] > git for-each-ref --sort -committerdate --format %(refname) %(objectname) %(*objectname) [10ms]
[2022-06-04T08:30:45.390Z] > git remote --verbose [2ms]
[2022-06-04T08:30:45.404Z] > git config --get commit.template [3ms]
[2022-06-04T08:31:17.446Z] > git rev-parse --show-toplevel [9ms]
[2022-06-04T08:31:17.446Z] fatal: not a git repository (or any parent up to mount point /)
Stopping at filesystem boundary (GIT_DISCOVERY_ACROSS_FILESYSTEM not set).
[2022-06-04T08:31:22.229Z] > git show --textconv :lua/hl_themes/pseudo.lua [39ms]
[2022-06-04T08:31:22.235Z] > git ls-files --stage -- /home/xmig/.local/share/nvim/site/pack/packer/opt/base46/lua/hl_themes/pseudo.lua [7ms]
[2022-06-04T08:31:35.680Z] > git status -z -uall [10ms]
[2022-06-04T08:31:35.693Z] > git symbolic-ref --short HEAD [5ms]
[2022-06-04T08:31:35.707Z] > git for-each-ref --format=%(refname)%00%(upstream:short)%00%(objectname)%00%(upstream:track)%00%(upstream:remotename)%00%(upstream:remoteref) refs/heads/master refs/remotes/master [5ms]
[2022-06-04T08:31:35.735Z] > git remote --verbose [2ms]
[2022-06-04T08:31:35.735Z] > git for-each-ref --sort -committerdate --format %(refname) %(objectname) %(*objectname) [19ms]
[2022-06-04T08:31:35.752Z] > git config --get commit.template [2ms]
[2022-06-04T08:31:40.774Z] > git status -z -uall [8ms]
[2022-06-04T08:31:40.784Z] > git symbolic-ref --short HEAD [3ms]
[2022-06-04T08:31:40.800Z] > git for-each-ref --format=%(refname)%00%(upstream:short)%00%(objectname)%00%(upstream:track)%00%(upstream:remotename)%00%(upstream:remoteref) refs/heads/master refs/remotes/master [3ms]
[2022-06-04T08:31:40.820Z] > git for-each-ref --sort -committerdate --format %(refname) %(objectname) %(*objectname) [10ms]
[2022-06-04T08:31:40.821Z] > git remote --verbose [3ms]
[2022-06-04T08:31:40.834Z] > git config --get commit.template [2ms]
[2022-06-04T08:32:02.441Z] > git status -z -uall [13ms]
[2022-06-04T08:32:02.460Z] > git symbolic-ref --short HEAD [5ms]
[2022-06-04T08:32:02.478Z] > git for-each-ref --format=%(refname)%00%(upstream:short)%00%(objectname)%00%(upstream:track)%00%(upstream:remotename)%00%(upstream:remoteref) refs/heads/master refs/remotes/master [5ms]
[2022-06-04T08:32:02.528Z] > git for-each-ref --sort -committerdate --format %(refname) %(objectname) %(*objectname) [33ms]
[2022-06-04T08:32:02.535Z] > git remote --verbose [9ms]
[2022-06-04T08:32:02.564Z] > git config --get commit.template [2ms]
[2022-06-04T08:32:59.615Z] > git show --textconv :lua/hl_themes/radium.lua [10ms]
[2022-06-04T08:32:59.616Z] > git ls-files --stage -- /home/xmig/.local/share/nvim/site/pack/packer/opt/base46/lua/hl_themes/radium.lua [2ms]
[2022-06-04T08:32:59.631Z] > git cat-file -s 9ee4f40ca1cc3b44dda301c37d8e6d017dc9a50d [4ms]
[2022-06-04T08:33:04.272Z] > git show --textconv :lua/hl_themes/pseudo.lua [11ms]
[2022-06-04T08:33:04.277Z] > git ls-files --stage -- /home/xmig/.local/share/nvim/site/pack/packer/opt/base46/lua/hl_themes/pseudo.lua [6ms]
[2022-06-04T08:33:57.207Z] > git show --textconv HEAD:lua/hl_themes/pseudo.lua [15ms]
[2022-06-04T08:33:57.209Z] > git ls-tree -l HEAD -- /home/xmig/.local/share/nvim/site/pack/packer/opt/base46/lua/hl_themes/pseudo.lua [3ms]
[2022-06-04T08:34:14.222Z] git.stage 1
[2022-06-04T08:34:14.224Z] git.stage.scmResources 1
[2022-06-04T08:34:14.243Z] > git add -A -- /home/xmig/.local/share/nvim/site/pack/packer/opt/base46/lua/hl_themes/pseudo.lua [5ms]
[2022-06-04T08:34:14.258Z] > git status -z -uall [4ms]
[2022-06-04T08:34:14.285Z] > git symbolic-ref --short HEAD [1ms]
[2022-06-04T08:34:14.303Z] > git for-each-ref --format=%(refname)%00%(upstream:short)%00%(objectname)%00%(upstream:track)%00%(upstream:remotename)%00%(upstream:remoteref) refs/heads/master refs/remotes/master [2ms]
[2022-06-04T08:34:14.337Z] > git for-each-ref --sort -committerdate --format %(refname) %(objectname) %(*objectname) [16ms]
[2022-06-04T08:34:14.337Z] > git remote --verbose [3ms]
[2022-06-04T08:34:14.366Z] > git config --get commit.template [5ms]
[2022-06-04T08:34:15.448Z] > git status -z -uall [7ms]
[2022-06-04T08:34:15.462Z] > git symbolic-ref --short HEAD [6ms]
[2022-06-04T08:34:15.477Z] > git for-each-ref --format=%(refname)%00%(upstream:short)%00%(objectname)%00%(upstream:track)%00%(upstream:remotename)%00%(upstream:remoteref) refs/heads/master refs/remotes/master [6ms]
[2022-06-04T08:34:15.503Z] > git for-each-ref --sort -committerdate --format %(refname) %(objectname) %(*objectname) [15ms]
[2022-06-04T08:34:15.504Z] > git remote --verbose [3ms]
[2022-06-04T08:34:15.533Z] > git config --get commit.template [4ms]
[2022-06-04T08:34:15.576Z] > git ls-files --stage -- /home/xmig/.local/share/nvim/site/pack/packer/opt/base46/lua/hl_themes/pseudo.lua [7ms]
[2022-06-04T08:34:15.594Z] > git cat-file -s 31e8f25c295d9710832536809e7b61e028f303ce [5ms]
[2022-06-04T08:34:15.630Z] > git show --textconv :lua/hl_themes/pseudo.lua [15ms]
[2022-06-04T08:34:18.819Z] > git show --textconv HEAD:lua/hl_themes/pseudo.lua [71ms]
[2022-06-04T08:34:18.819Z] > git show --textconv :lua/hl_themes/pseudo.lua [51ms]
[2022-06-04T08:34:18.819Z] > git ls-tree -l HEAD -- /home/xmig/.local/share/nvim/site/pack/packer/opt/base46/lua/hl_themes/pseudo.lua [27ms]
[2022-06-04T08:34:18.833Z] > git ls-files --stage -- /home/xmig/.local/share/nvim/site/pack/packer/opt/base46/lua/hl_themes/pseudo.lua [18ms]
[2022-06-04T08:34:18.851Z] > git cat-file -s 31e8f25c295d9710832536809e7b61e028f303ce [1ms]
[2022-06-04T08:34:19.335Z] > git check-ignore -v -z --stdin [3ms]
[2022-06-04T08:34:20.552Z] > git status -z -uall [3ms]
[2022-06-04T08:34:20.563Z] > git symbolic-ref --short HEAD [2ms]
[2022-06-04T08:34:20.580Z] > git for-each-ref --format=%(refname)%00%(upstream:short)%00%(objectname)%00%(upstream:track)%00%(upstream:remotename)%00%(upstream:remoteref) refs/heads/master refs/remotes/master [5ms]
[2022-06-04T08:34:20.610Z] > git for-each-ref --sort -committerdate --format %(refname) %(objectname) %(*objectname) [16ms]
[2022-06-04T08:34:20.616Z] > git remote --verbose [9ms]
[2022-06-04T08:34:20.637Z] > git config --get commit.template [4ms]
[2022-06-04T08:34:39.175Z] > git show --textconv :lua/hl_themes/pseudo.lua [21ms]
[2022-06-04T08:34:39.178Z] > git ls-files --stage -- /home/xmig/.local/share/nvim/site/pack/packer/opt/base46/lua/hl_themes/pseudo.lua [5ms]
[2022-06-04T08:34:39.194Z] > git cat-file -s 31e8f25c295d9710832536809e7b61e028f303ce [7ms]
[2022-06-04T08:36:34.658Z] > git -c user.useConfigOnly=true commit --quiet --allow-empty-message --file - [4ms]
[2022-06-04T08:36:34.658Z] Author identity unknown

*** Please tell me who you are.

Run

  git config --global user.email "you@example.com"
  git config --global user.name "Your Name"

to set your account's default identity.
Omit --global to set the identity only in this repository.

fatal: no email was given and auto-detection is disabled
[2022-06-04T08:36:34.671Z] > git config --get-all user.name [3ms]
[2022-06-04T08:36:36.277Z] > git status -z -uall [5ms]
[2022-06-04T08:36:36.298Z] > git symbolic-ref --short HEAD [3ms]
[2022-06-04T08:36:36.362Z] > git for-each-ref --format=%(refname)%00%(upstream:short)%00%(objectname)%00%(upstream:track)%00%(upstream:remotename)%00%(upstream:remoteref) refs/heads/master refs/remotes/master [22ms]
[2022-06-04T08:36:36.416Z] > git for-each-ref --sort -committerdate --format %(refname) %(objectname) %(*objectname) [28ms]
[2022-06-04T08:36:36.417Z] > git ls-files --stage -- /home/xmig/.local/share/nvim/site/pack/packer/opt/base46/lua/hl_themes/pseudo.lua [55ms]
[2022-06-04T08:36:36.440Z] > git remote --verbose [25ms]
[2022-06-04T08:36:36.476Z] > git config --get commit.template [5ms]
[2022-06-04T08:36:36.477Z] > git cat-file -s 31e8f25c295d9710832536809e7b61e028f303ce [38ms]
[2022-06-04T08:36:36.495Z] > git show --textconv :lua/hl_themes/pseudo.lua [2ms]
[2022-06-04T08:36:54.223Z] > git status -z -uall [5ms]
[2022-06-04T08:36:54.246Z] > git symbolic-ref --short HEAD [3ms]
[2022-06-04T08:36:54.263Z] > git for-each-ref --format=%(refname)%00%(upstream:short)%00%(objectname)%00%(upstream:track)%00%(upstream:remotename)%00%(upstream:remoteref) refs/heads/master refs/remotes/master [6ms]
[2022-06-04T08:36:54.293Z] > git for-each-ref --sort -committerdate --format %(refname) %(objectname) %(*objectname) [18ms]
[2022-06-04T08:36:54.297Z] > git remote --verbose [7ms]
[2022-06-04T08:36:54.321Z] > git config --get commit.template [7ms]
[2022-06-04T08:38:47.051Z] > git show --textconv :lua/hl_themes/monekai.lua [19ms]
[2022-06-04T08:38:47.052Z] > git ls-files --stage -- /home/xmig/.local/share/nvim/site/pack/packer/opt/base46/lua/hl_themes/monekai.lua [2ms]
[2022-06-04T08:38:47.062Z] > git cat-file -s edf69a417ee6566da187ef862f1be5212beae556 [3ms]
[2022-06-04T08:38:52.485Z] > git show --textconv :lua/hl_themes/nord.lua [17ms]
[2022-06-04T08:38:52.495Z] > git ls-files --stage -- /home/xmig/.local/share/nvim/site/pack/packer/opt/base46/lua/hl_themes/nord.lua [11ms]
[2022-06-04T08:38:52.533Z] > git cat-file -s 2d9fbebc8de8e0942799262df13942c6ca52ad56 [4ms]
[2022-06-04T08:40:25.428Z] > git show --textconv :lua/hl_themes/monekai.lua [8ms]
[2022-06-04T08:40:25.429Z] > git ls-files --stage -- /home/xmig/.local/share/nvim/site/pack/packer/opt/base46/lua/hl_themes/monekai.lua [2ms]
[2022-06-04T08:40:25.438Z] > git cat-file -s edf69a417ee6566da187ef862f1be5212beae556 [2ms]
[2022-06-04T08:40:27.008Z] > git show --textconv :lua/hl_themes/pseudo.lua [20ms]
[2022-06-04T08:40:27.009Z] > git ls-files --stage -- /home/xmig/.local/share/nvim/site/pack/packer/opt/base46/lua/hl_themes/pseudo.lua [4ms]
[2022-06-04T08:40:27.020Z] > git cat-file -s 31e8f25c295d9710832536809e7b61e028f303ce [3ms]
[2022-06-04T08:40:28.866Z] > git rev-parse --show-toplevel [5ms]
[2022-06-04T08:40:28.866Z] fatal: not a git repository (or any parent up to mount point /)
Stopping at filesystem boundary (GIT_DISCOVERY_ACROSS_FILESYSTEM not set).
[2022-06-04T08:40:33.029Z] > git show --textconv :lua/hl_themes/pseudo.lua [14ms]
[2022-06-04T08:40:33.030Z] > git ls-files --stage -- /home/xmig/.local/share/nvim/site/pack/packer/opt/base46/lua/hl_themes/pseudo.lua [2ms]
[2022-06-04T08:40:33.046Z] > git cat-file -s 31e8f25c295d9710832536809e7b61e028f303ce [5ms]
[2022-06-04T08:40:45.188Z] > git status -z -uall [8ms]
[2022-06-04T08:40:45.205Z] > git symbolic-ref --short HEAD [3ms]
[2022-06-04T08:40:45.223Z] > git for-each-ref --format=%(refname)%00%(upstream:short)%00%(objectname)%00%(upstream:track)%00%(upstream:remotename)%00%(upstream:remoteref) refs/heads/master refs/remotes/master [3ms]
[2022-06-04T08:40:45.263Z] > git for-each-ref --sort -committerdate --format %(refname) %(objectname) %(*objectname) [25ms]
[2022-06-04T08:40:45.264Z] > git remote --verbose [4ms]
[2022-06-04T08:40:45.291Z] > git config --get commit.template [4ms]
[2022-06-04T08:41:38.489Z] > git rev-parse --show-toplevel [12ms]
[2022-06-04T08:41:38.489Z] fatal: not a git repository (or any parent up to mount point /)
Stopping at filesystem boundary (GIT_DISCOVERY_ACROSS_FILESYSTEM not set).
[2022-06-04T08:41:43.371Z] > git show --textconv :lua/hl_themes/pseudo.lua [10ms]
[2022-06-04T08:41:43.376Z] > git ls-files --stage -- /home/xmig/.local/share/nvim/site/pack/packer/opt/base46/lua/hl_themes/pseudo.lua [7ms]
[2022-06-04T08:41:43.386Z] > git cat-file -s 31e8f25c295d9710832536809e7b61e028f303ce [2ms]
[2022-06-04T08:41:54.397Z] > git status -z -uall [9ms]
[2022-06-04T08:41:54.424Z] > git symbolic-ref --short HEAD [8ms]
[2022-06-04T08:41:54.444Z] > git for-each-ref --format=%(refname)%00%(upstream:short)%00%(objectname)%00%(upstream:track)%00%(upstream:remotename)%00%(upstream:remoteref) refs/heads/master refs/remotes/master [7ms]
[2022-06-04T08:41:54.476Z] > git for-each-ref --sort -committerdate --format %(refname) %(objectname) %(*objectname) [17ms]
[2022-06-04T08:41:54.477Z] > git remote --verbose [4ms]
[2022-06-04T08:41:54.489Z] > git config --get commit.template [4ms]
[2022-06-04T08:42:25.057Z] > git status -z -uall [14ms]
[2022-06-04T08:42:25.083Z] > git symbolic-ref --short HEAD [8ms]
[2022-06-04T08:42:25.111Z] > git for-each-ref --format=%(refname)%00%(upstream:short)%00%(objectname)%00%(upstream:track)%00%(upstream:remotename)%00%(upstream:remoteref) refs/heads/master refs/remotes/master [1ms]
[2022-06-04T08:42:25.145Z] > git for-each-ref --sort -committerdate --format %(refname) %(objectname) %(*objectname) [19ms]
[2022-06-04T08:42:25.155Z] > git remote --verbose [11ms]
[2022-06-04T08:42:25.172Z] > git config --get commit.template [2ms]
[2022-06-04T08:42:31.316Z] > git rev-parse --show-toplevel [9ms]
[2022-06-04T08:42:31.316Z] fatal: not a git repository (or any parent up to mount point /)
Stopping at filesystem boundary (GIT_DISCOVERY_ACROSS_FILESYSTEM not set).
[2022-06-04T08:42:36.684Z] > git show --textconv :lua/hl_themes/pseudo.lua [42ms]
[2022-06-04T08:42:36.684Z] > git ls-files --stage -- /home/xmig/.local/share/nvim/site/pack/packer/opt/base46/lua/hl_themes/pseudo.lua [3ms]
[2022-06-04T08:42:36.705Z] > git cat-file -s 31e8f25c295d9710832536809e7b61e028f303ce [2ms]
[2022-06-04T08:42:53.157Z] > git status -z -uall [6ms]
[2022-06-04T08:42:53.178Z] > git symbolic-ref --short HEAD [7ms]
[2022-06-04T08:42:53.200Z] > git for-each-ref --format=%(refname)%00%(upstream:short)%00%(objectname)%00%(upstream:track)%00%(upstream:remotename)%00%(upstream:remoteref) refs/heads/master refs/remotes/master [7ms]
[2022-06-04T08:42:53.225Z] > git for-each-ref --sort -committerdate --format %(refname) %(objectname) %(*objectname) [14ms]
[2022-06-04T08:42:53.226Z] > git remote --verbose [5ms]
[2022-06-04T08:42:53.257Z] > git config --get commit.template [2ms]
[2022-06-04T08:43:03.725Z] > git status -z -uall [6ms]
[2022-06-04T08:43:03.745Z] > git symbolic-ref --short HEAD [4ms]
[2022-06-04T08:43:03.771Z] > git for-each-ref --format=%(refname)%00%(upstream:short)%00%(objectname)%00%(upstream:track)%00%(upstream:remotename)%00%(upstream:remoteref) refs/heads/master refs/remotes/master [5ms]
[2022-06-04T08:43:03.808Z] > git for-each-ref --sort -committerdate --format %(refname) %(objectname) %(*objectname) [16ms]
[2022-06-04T08:43:03.816Z] > git remote --verbose [9ms]
[2022-06-04T08:43:03.841Z] > git config --get commit.template [9ms]
[2022-06-04T08:43:04.564Z] > git rev-parse --show-toplevel [12ms]
[2022-06-04T08:43:04.564Z] fatal: not a git repository (or any parent up to mount point /)
Stopping at filesystem boundary (GIT_DISCOVERY_ACROSS_FILESYSTEM not set).
[2022-06-04T08:43:08.970Z] > git show --textconv :lua/hl_themes/pseudo.lua [9ms]
[2022-06-04T08:43:08.972Z] > git ls-files --stage -- /home/xmig/.local/share/nvim/site/pack/packer/opt/base46/lua/hl_themes/pseudo.lua [3ms]
[2022-06-04T08:43:08.987Z] > git cat-file -s 31e8f25c295d9710832536809e7b61e028f303ce [4ms]
[2022-06-04T08:43:20.606Z] > git status -z -uall [5ms]
[2022-06-04T08:43:20.616Z] > git symbolic-ref --short HEAD [1ms]
[2022-06-04T08:43:20.627Z] > git for-each-ref --format=%(refname)%00%(upstream:short)%00%(objectname)%00%(upstream:track)%00%(upstream:remotename)%00%(upstream:remoteref) refs/heads/master refs/remotes/master [2ms]
[2022-06-04T08:43:20.644Z] > git for-each-ref --sort -committerdate --format %(refname) %(objectname) %(*objectname) [11ms]
[2022-06-04T08:43:20.644Z] > git remote --verbose [2ms]
[2022-06-04T08:43:20.660Z] > git config --get commit.template [3ms]
[2022-06-04T08:43:25.864Z] > git status -z -uall [5ms]
[2022-06-04T08:43:25.892Z] > git symbolic-ref --short HEAD [4ms]
[2022-06-04T08:43:25.912Z] > git for-each-ref --format=%(refname)%00%(upstream:short)%00%(objectname)%00%(upstream:track)%00%(upstream:remotename)%00%(upstream:remoteref) refs/heads/master refs/remotes/master [7ms]
[2022-06-04T08:43:25.949Z] > git for-each-ref --sort -committerdate --format %(refname) %(objectname) %(*objectname) [18ms]
[2022-06-04T08:43:25.954Z] > git remote --verbose [7ms]
[2022-06-04T08:43:25.972Z] > git config --get commit.template [2ms]
[2022-06-04T08:43:30.992Z] > git status -z -uall [6ms]
[2022-06-04T08:43:31.000Z] > git symbolic-ref --short HEAD [2ms]
[2022-06-04T08:43:31.015Z] > git for-each-ref --format=%(refname)%00%(upstream:short)%00%(objectname)%00%(upstream:track)%00%(upstream:remotename)%00%(upstream:remoteref) refs/heads/master refs/remotes/master [3ms]
[2022-06-04T08:43:31.038Z] > git for-each-ref --sort -committerdate --format %(refname) %(objectname) %(*objectname) [11ms]
[2022-06-04T08:43:31.042Z] > git remote --verbose [6ms]
[2022-06-04T08:43:31.059Z] > git config --get commit.template [2ms]
[2022-06-04T08:44:14.955Z] > git status -z -uall [6ms]
[2022-06-04T08:44:14.974Z] > git symbolic-ref --short HEAD [2ms]
[2022-06-04T08:44:15.001Z] > git for-each-ref --format=%(refname)%00%(upstream:short)%00%(objectname)%00%(upstream:track)%00%(upstream:remotename)%00%(upstream:remoteref) refs/heads/master refs/remotes/master [5ms]
[2022-06-04T08:44:15.048Z] > git for-each-ref --sort -committerdate --format %(refname) %(objectname) %(*objectname) [25ms]
[2022-06-04T08:44:15.053Z] > git remote --verbose [12ms]
[2022-06-04T08:44:15.089Z] > git config --get commit.template [1ms]
[2022-06-04T08:44:21.094Z] > git rev-parse --show-toplevel [6ms]
[2022-06-04T08:44:21.094Z] fatal: not a git repository (or any parent up to mount point /)
Stopping at filesystem boundary (GIT_DISCOVERY_ACROSS_FILESYSTEM not set).
[2022-06-04T08:44:29.449Z] > git show --textconv :lua/hl_themes/pseudo.lua [15ms]
[2022-06-04T08:44:29.454Z] > git ls-files --stage -- /home/xmig/.local/share/nvim/site/pack/packer/opt/base46/lua/hl_themes/pseudo.lua [6ms]
[2022-06-04T08:44:29.478Z] > git cat-file -s 31e8f25c295d9710832536809e7b61e028f303ce [9ms]
[2022-06-04T08:44:49.498Z] > git status -z -uall [64ms]
[2022-06-04T08:44:49.517Z] > git symbolic-ref --short HEAD [3ms]
[2022-06-04T08:44:49.533Z] > git for-each-ref --format=%(refname)%00%(upstream:short)%00%(objectname)%00%(upstream:track)%00%(upstream:remotename)%00%(upstream:remoteref) refs/heads/master refs/remotes/master [3ms]
[2022-06-04T08:44:49.565Z] > git for-each-ref --sort -committerdate --format %(refname) %(objectname) %(*objectname) [16ms]
[2022-06-04T08:44:49.566Z] > git remote --verbose [2ms]
[2022-06-04T08:44:49.589Z] > git config --get commit.template [4ms]
[2022-06-04T08:45:07.022Z] > git status -z -uall [3ms]
[2022-06-04T08:45:07.030Z] > git symbolic-ref --short HEAD [1ms]
[2022-06-04T08:45:07.042Z] > git for-each-ref --format=%(refname)%00%(upstream:short)%00%(objectname)%00%(upstream:track)%00%(upstream:remotename)%00%(upstream:remoteref) refs/heads/master refs/remotes/master [2ms]
[2022-06-04T08:45:07.061Z] > git for-each-ref --sort -committerdate --format %(refname) %(objectname) %(*objectname) [9ms]
[2022-06-04T08:45:07.061Z] > git remote --verbose [2ms]
[2022-06-04T08:45:07.085Z] > git config --get commit.template [12ms]
[2022-06-04T08:45:19.352Z] > git status -z -uall [4ms]
[2022-06-04T08:45:19.363Z] > git symbolic-ref --short HEAD [2ms]
[2022-06-04T08:45:19.372Z] > git for-each-ref --format=%(refname)%00%(upstream:short)%00%(objectname)%00%(upstream:track)%00%(upstream:remotename)%00%(upstream:remoteref) refs/heads/master refs/remotes/master [2ms]
[2022-06-04T08:45:19.389Z] > git for-each-ref --sort -committerdate --format %(refname) %(objectname) %(*objectname) [12ms]
[2022-06-04T08:45:19.390Z] > git remote --verbose [2ms]
[2022-06-04T08:45:19.404Z] > git config --get commit.template [3ms]
[2022-06-04T08:45:29.772Z] > git rev-parse --show-toplevel [8ms]
[2022-06-04T08:45:29.772Z] fatal: not a git repository (or any parent up to mount point /)
Stopping at filesystem boundary (GIT_DISCOVERY_ACROSS_FILESYSTEM not set).
[2022-06-04T08:45:39.890Z] > git show --textconv :lua/hl_themes/pseudo.lua [19ms]
[2022-06-04T08:45:39.891Z] > git ls-files --stage -- /home/xmig/.local/share/nvim/site/pack/packer/opt/base46/lua/hl_themes/pseudo.lua [3ms]
[2022-06-04T08:45:39.916Z] > git cat-file -s 31e8f25c295d9710832536809e7b61e028f303ce [5ms]
[2022-06-04T08:45:45.034Z] > git rev-parse --show-toplevel [13ms]
[2022-06-04T08:45:45.034Z] fatal: not a git repository (or any parent up to mount point /)
Stopping at filesystem boundary (GIT_DISCOVERY_ACROSS_FILESYSTEM not set).
[2022-06-04T08:45:50.062Z] > git show --textconv :lua/hl_themes/pseudo.lua [17ms]
[2022-06-04T08:45:50.064Z] > git ls-files --stage -- /home/xmig/.local/share/nvim/site/pack/packer/opt/base46/lua/hl_themes/pseudo.lua [3ms]
[2022-06-04T08:45:50.075Z] > git cat-file -s 31e8f25c295d9710832536809e7b61e028f303ce [4ms]
[2022-06-04T08:46:13.692Z] > git status -z -uall [12ms]
[2022-06-04T08:46:13.713Z] > git symbolic-ref --short HEAD [8ms]
[2022-06-04T08:46:13.731Z] > git for-each-ref --format=%(refname)%00%(upstream:short)%00%(objectname)%00%(upstream:track)%00%(upstream:remotename)%00%(upstream:remoteref) refs/heads/master refs/remotes/master [3ms]
[2022-06-04T08:46:13.752Z] > git for-each-ref --sort -committerdate --format %(refname) %(objectname) %(*objectname) [10ms]
[2022-06-04T08:46:13.753Z] > git remote --verbose [2ms]
[2022-06-04T08:46:13.773Z] > git config --get commit.template [2ms]
[2022-06-04T08:47:01.268Z] > git status -z -uall [11ms]
[2022-06-04T08:47:01.291Z] > git symbolic-ref --short HEAD [3ms]
[2022-06-04T08:47:01.314Z] > git for-each-ref --format=%(refname)%00%(upstream:short)%00%(objectname)%00%(upstream:track)%00%(upstream:remotename)%00%(upstream:remoteref) refs/heads/master refs/remotes/master [7ms]
[2022-06-04T08:47:01.351Z] > git for-each-ref --sort -committerdate --format %(refname) %(objectname) %(*objectname) [26ms]
[2022-06-04T08:47:01.353Z] > git remote --verbose [5ms]
[2022-06-04T08:47:01.376Z] > git config --get commit.template [2ms]
[2022-06-04T08:47:36.633Z] > git status -z -uall [6ms]
[2022-06-04T08:47:36.653Z] > git symbolic-ref --short HEAD [5ms]
[2022-06-04T08:47:36.681Z] > git for-each-ref --format=%(refname)%00%(upstream:short)%00%(objectname)%00%(upstream:track)%00%(upstream:remotename)%00%(upstream:remoteref) refs/heads/master refs/remotes/master [5ms]
[2022-06-04T08:47:36.713Z] > git for-each-ref --sort -committerdate --format %(refname) %(objectname) %(*objectname) [15ms]
[2022-06-04T08:47:36.714Z] > git remote --verbose [2ms]
[2022-06-04T08:47:36.740Z] > git config --get commit.template [6ms]
[2022-06-04T08:48:32.968Z] > git status -z -uall [7ms]
[2022-06-04T08:48:33.004Z] > git symbolic-ref --short HEAD [10ms]
[2022-06-04T08:48:33.026Z] > git for-each-ref --format=%(refname)%00%(upstream:short)%00%(objectname)%00%(upstream:track)%00%(upstream:remotename)%00%(upstream:remoteref) refs/heads/master refs/remotes/master [4ms]
[2022-06-04T08:48:33.045Z] > git for-each-ref --sort -committerdate --format %(refname) %(objectname) %(*objectname) [10ms]
[2022-06-04T08:48:33.046Z] > git remote --verbose [2ms]
[2022-06-04T08:48:33.059Z] > git config --get commit.template [2ms]
[2022-06-04T08:49:00.603Z] > git rev-parse --show-toplevel [5ms]
[2022-06-04T08:49:00.603Z] fatal: not a git repository (or any parent up to mount point /)
Stopping at filesystem boundary (GIT_DISCOVERY_ACROSS_FILESYSTEM not set).
[2022-06-04T08:49:04.606Z] > git show --textconv :lua/hl_themes/pseudo.lua [15ms]
[2022-06-04T08:49:04.608Z] > git ls-files --stage -- /home/xmig/.local/share/nvim/site/pack/packer/opt/base46/lua/hl_themes/pseudo.lua [4ms]
[2022-06-04T08:49:04.628Z] > git cat-file -s 31e8f25c295d9710832536809e7b61e028f303ce [8ms]
[2022-06-04T08:49:28.479Z] > git status -z -uall [5ms]
[2022-06-04T08:49:28.498Z] > git symbolic-ref --short HEAD [4ms]
[2022-06-04T08:49:28.526Z] > git for-each-ref --format=%(refname)%00%(upstream:short)%00%(objectname)%00%(upstream:track)%00%(upstream:remotename)%00%(upstream:remoteref) refs/heads/master refs/remotes/master [10ms]
[2022-06-04T08:49:28.561Z] > git for-each-ref --sort -committerdate --format %(refname) %(objectname) %(*objectname) [20ms]
[2022-06-04T08:49:28.562Z] > git remote --verbose [2ms]
[2022-06-04T08:49:28.603Z] > git config --get commit.template [9ms]
[2022-06-04T08:49:33.823Z] > git rev-parse --show-toplevel [12ms]
[2022-06-04T08:49:33.823Z] fatal: not a git repository (or any parent up to mount point /)
Stopping at filesystem boundary (GIT_DISCOVERY_ACROSS_FILESYSTEM not set).
[2022-06-04T08:49:37.495Z] > git show --textconv :lua/hl_themes/pseudo.lua [14ms]
[2022-06-04T08:49:37.497Z] > git ls-files --stage -- /home/xmig/.local/share/nvim/site/pack/packer/opt/base46/lua/hl_themes/pseudo.lua [3ms]
[2022-06-04T08:49:37.518Z] > git cat-file -s 31e8f25c295d9710832536809e7b61e028f303ce [6ms]
[2022-06-04T08:49:45.079Z] > git status -z -uall [4ms]
[2022-06-04T08:49:45.089Z] > git symbolic-ref --short HEAD [2ms]
[2022-06-04T08:49:45.104Z] > git for-each-ref --format=%(refname)%00%(upstream:short)%00%(objectname)%00%(upstream:track)%00%(upstream:remotename)%00%(upstream:remoteref) refs/heads/master refs/remotes/master [4ms]
[2022-06-04T08:49:45.131Z] > git remote --verbose [2ms]
[2022-06-04T08:49:45.132Z] > git for-each-ref --sort -committerdate --format %(refname) %(objectname) %(*objectname) [14ms]
[2022-06-04T08:49:45.145Z] > git config --get commit.template [2ms]
[2022-06-04T08:50:30.083Z] > git rev-parse --show-toplevel [8ms]
[2022-06-04T08:50:30.083Z] fatal: not a git repository (or any parent up to mount point /)
Stopping at filesystem boundary (GIT_DISCOVERY_ACROSS_FILESYSTEM not set).
[2022-06-04T08:51:28.376Z] > git show --textconv :lua/hl_themes/pseudo.lua [14ms]
[2022-06-04T08:51:28.379Z] > git ls-files --stage -- /home/xmig/.local/share/nvim/site/pack/packer/opt/base46/lua/hl_themes/pseudo.lua [5ms]
[2022-06-04T08:51:28.395Z] > git cat-file -s 31e8f25c295d9710832536809e7b61e028f303ce [5ms]
[2022-06-04T08:51:29.770Z] > git rev-parse --show-toplevel [6ms]
[2022-06-04T08:51:29.770Z] fatal: not a git repository (or any parent up to mount point /)
Stopping at filesystem boundary (GIT_DISCOVERY_ACROSS_FILESYSTEM not set).
[2022-06-04T08:51:31.940Z] > git show --textconv :lua/hl_themes/pseudo.lua [14ms]
[2022-06-04T08:51:31.942Z] > git ls-files --stage -- /home/xmig/.local/share/nvim/site/pack/packer/opt/base46/lua/hl_themes/pseudo.lua [3ms]
[2022-06-04T08:51:31.965Z] > git cat-file -s 31e8f25c295d9710832536809e7b61e028f303ce [3ms]
[2022-06-04T08:52:09.598Z] > git rev-parse --show-toplevel [13ms]
[2022-06-04T08:52:09.598Z] fatal: not a git repository (or any parent up to mount point /)
Stopping at filesystem boundary (GIT_DISCOVERY_ACROSS_FILESYSTEM not set).
[2022-06-04T08:52:15.025Z] > git show --textconv :lua/hl_themes/pseudo.lua [17ms]
[2022-06-04T08:52:15.052Z] > git ls-files --stage -- /home/xmig/.local/share/nvim/site/pack/packer/opt/base46/lua/hl_themes/pseudo.lua [30ms]
[2022-06-04T08:52:15.079Z] > git cat-file -s 31e8f25c295d9710832536809e7b61e028f303ce [3ms]
[2022-06-04T08:52:34.178Z] > git status -z -uall [3ms]
[2022-06-04T08:52:34.209Z] > git symbolic-ref --short HEAD [6ms]
[2022-06-04T08:52:34.232Z] > git for-each-ref --format=%(refname)%00%(upstream:short)%00%(objectname)%00%(upstream:track)%00%(upstream:remotename)%00%(upstream:remoteref) refs/heads/master refs/remotes/master [6ms]
[2022-06-04T08:52:34.268Z] > git for-each-ref --sort -committerdate --format %(refname) %(objectname) %(*objectname) [24ms]
[2022-06-04T08:52:34.270Z] > git remote --verbose [7ms]
[2022-06-04T08:52:34.290Z] > git config --get commit.template [2ms]
[2022-06-04T08:52:39.785Z] > git rev-parse --show-toplevel [9ms]
[2022-06-04T08:52:39.785Z] fatal: not a git repository (or any parent up to mount point /)
Stopping at filesystem boundary (GIT_DISCOVERY_ACROSS_FILESYSTEM not set).
[2022-06-04T08:52:44.655Z] > git show --textconv :lua/hl_themes/pseudo.lua [29ms]
[2022-06-04T08:52:44.655Z] > git ls-files --stage -- /home/xmig/.local/share/nvim/site/pack/packer/opt/base46/lua/hl_themes/pseudo.lua [2ms]
[2022-06-04T08:52:44.728Z] > git cat-file -s 31e8f25c295d9710832536809e7b61e028f303ce [21ms]
[2022-06-04T08:53:02.188Z] > git status -z -uall [13ms]
[2022-06-04T08:53:02.210Z] > git symbolic-ref --short HEAD [4ms]
[2022-06-04T08:53:02.230Z] > git for-each-ref --format=%(refname)%00%(upstream:short)%00%(objectname)%00%(upstream:track)%00%(upstream:remotename)%00%(upstream:remoteref) refs/heads/master refs/remotes/master [5ms]
[2022-06-04T08:53:02.266Z] > git for-each-ref --sort -committerdate --format %(refname) %(objectname) %(*objectname) [15ms]
[2022-06-04T08:53:02.267Z] > git remote --verbose [3ms]
[2022-06-04T08:53:02.279Z] > git config --get commit.template [2ms]
[2022-06-04T08:53:06.369Z] > git rev-parse --show-toplevel [10ms]
[2022-06-04T08:53:06.369Z] fatal: not a git repository (or any parent up to mount point /)
Stopping at filesystem boundary (GIT_DISCOVERY_ACROSS_FILESYSTEM not set).
[2022-06-04T08:53:08.554Z] > git show --textconv :lua/hl_themes/pseudo.lua [28ms]
[2022-06-04T08:53:08.560Z] > git ls-files --stage -- /home/xmig/.local/share/nvim/site/pack/packer/opt/base46/lua/hl_themes/pseudo.lua [7ms]
[2022-06-04T08:53:08.598Z] > git cat-file -s 31e8f25c295d9710832536809e7b61e028f303ce [4ms]
[2022-06-04T08:53:13.792Z] > git rev-parse --show-toplevel [21ms]
[2022-06-04T08:53:13.792Z] fatal: not a git repository (or any parent up to mount point /)
Stopping at filesystem boundary (GIT_DISCOVERY_ACROSS_FILESYSTEM not set).
[2022-06-04T08:53:17.696Z] > git show --textconv :lua/hl_themes/pseudo.lua [11ms]
[2022-06-04T08:53:17.697Z] > git ls-files --stage -- /home/xmig/.local/share/nvim/site/pack/packer/opt/base46/lua/hl_themes/pseudo.lua [2ms]
[2022-06-04T08:53:17.710Z] > git cat-file -s 31e8f25c295d9710832536809e7b61e028f303ce [1ms]
[2022-06-04T08:53:46.835Z] > git status -z -uall [11ms]
[2022-06-04T08:53:46.859Z] > git symbolic-ref --short HEAD [4ms]
[2022-06-04T08:53:46.875Z] > git for-each-ref --format=%(refname)%00%(upstream:short)%00%(objectname)%00%(upstream:track)%00%(upstream:remotename)%00%(upstream:remoteref) refs/heads/master refs/remotes/master [5ms]
[2022-06-04T08:53:46.904Z] > git remote --verbose [2ms]
[2022-06-04T08:53:46.905Z] > git for-each-ref --sort -committerdate --format %(refname) %(objectname) %(*objectname) [16ms]
[2022-06-04T08:53:46.920Z] > git config --get commit.template [1ms]
[2022-06-04T08:54:13.741Z] > git status -z -uall [4ms]
[2022-06-04T08:54:13.760Z] > git symbolic-ref --short HEAD [4ms]
[2022-06-04T08:54:13.778Z] > git for-each-ref --format=%(refname)%00%(upstream:short)%00%(objectname)%00%(upstream:track)%00%(upstream:remotename)%00%(upstream:remoteref) refs/heads/master refs/remotes/master [3ms]
[2022-06-04T08:54:13.801Z] > git for-each-ref --sort -committerdate --format %(refname) %(objectname) %(*objectname) [12ms]
[2022-06-04T08:54:13.802Z] > git remote --verbose [3ms]
[2022-06-04T08:54:13.819Z] > git config --get commit.template [3ms]
[2022-06-04T08:54:17.935Z] > git rev-parse --show-toplevel [12ms]
[2022-06-04T08:54:17.935Z] fatal: not a git repository (or any parent up to mount point /)
Stopping at filesystem boundary (GIT_DISCOVERY_ACROSS_FILESYSTEM not set).
[2022-06-04T08:54:20.409Z] > git show --textconv :lua/hl_themes/pseudo.lua [7ms]
[2022-06-04T08:54:20.411Z] > git ls-files --stage -- /home/xmig/.local/share/nvim/site/pack/packer/opt/base46/lua/hl_themes/pseudo.lua [2ms]
[2022-06-04T08:54:20.421Z] > git cat-file -s 31e8f25c295d9710832536809e7b61e028f303ce [0ms]
[2022-06-04T08:55:01.032Z] > git rev-parse --show-toplevel [4ms]
[2022-06-04T08:55:01.032Z] fatal: not a git repository (or any parent up to mount point /)
Stopping at filesystem boundary (GIT_DISCOVERY_ACROSS_FILESYSTEM not set).
[2022-06-04T08:55:05.013Z] > git show --textconv :lua/hl_themes/pseudo.lua [17ms]
[2022-06-04T08:55:05.021Z] > git ls-files --stage -- /home/xmig/.local/share/nvim/site/pack/packer/opt/base46/lua/hl_themes/pseudo.lua [9ms]
[2022-06-04T08:55:05.044Z] > git cat-file -s 31e8f25c295d9710832536809e7b61e028f303ce [10ms]
[2022-06-04T08:55:11.434Z] > git status -z -uall [4ms]
[2022-06-04T08:55:11.448Z] > git symbolic-ref --short HEAD [3ms]
[2022-06-04T08:55:11.467Z] > git for-each-ref --format=%(refname)%00%(upstream:short)%00%(objectname)%00%(upstream:track)%00%(upstream:remotename)%00%(upstream:remoteref) refs/heads/master refs/remotes/master [5ms]
[2022-06-04T08:55:11.495Z] > git for-each-ref --sort -committerdate --format %(refname) %(objectname) %(*objectname) [17ms]
[2022-06-04T08:55:11.495Z] > git remote --verbose [2ms]
[2022-06-04T08:55:11.516Z] > git config --get commit.template [3ms]
[2022-06-04T08:58:35.757Z] > git status -z -uall [11ms]
[2022-06-04T08:58:35.783Z] > git symbolic-ref --short HEAD [6ms]
[2022-06-04T08:58:35.799Z] > git for-each-ref --format=%(refname)%00%(upstream:short)%00%(objectname)%00%(upstream:track)%00%(upstream:remotename)%00%(upstream:remoteref) refs/heads/master refs/remotes/master [3ms]
[2022-06-04T08:58:35.834Z] > git for-each-ref --sort -committerdate --format %(refname) %(objectname) %(*objectname) [17ms]
[2022-06-04T08:58:35.835Z] > git remote --verbose [5ms]
[2022-06-04T08:58:35.856Z] > git config --get commit.template [4ms]
[2022-06-04T08:58:36.697Z] > git rev-parse --show-toplevel [19ms]
[2022-06-04T08:58:36.697Z] fatal: not a git repository (or any parent up to mount point /)
Stopping at filesystem boundary (GIT_DISCOVERY_ACROSS_FILESYSTEM not set).
[2022-06-04T08:58:40.254Z] > git show --textconv :lua/hl_themes/pseudo.lua [31ms]
[2022-06-04T08:58:40.265Z] > git ls-files --stage -- /home/xmig/.local/share/nvim/site/pack/packer/opt/base46/lua/hl_themes/pseudo.lua [23ms]
[2022-06-04T08:58:40.287Z] > git cat-file -s 31e8f25c295d9710832536809e7b61e028f303ce [4ms]
[2022-06-04T08:58:48.522Z] > git status -z -uall [8ms]
[2022-06-04T08:58:48.550Z] > git symbolic-ref --short HEAD [6ms]
[2022-06-04T08:58:48.567Z] > git for-each-ref --format=%(refname)%00%(upstream:short)%00%(objectname)%00%(upstream:track)%00%(upstream:remotename)%00%(upstream:remoteref) refs/heads/master refs/remotes/master [5ms]
[2022-06-04T08:58:48.591Z] > git remote --verbose [1ms]
[2022-06-04T08:58:48.591Z] > git for-each-ref --sort -committerdate --format %(refname) %(objectname) %(*objectname) [15ms]
[2022-06-04T08:58:48.612Z] > git config --get commit.template [4ms]
[2022-06-04T08:58:49.384Z] > git rev-parse --show-toplevel [17ms]
[2022-06-04T08:58:49.384Z] fatal: not a git repository (or any parent up to mount point /)
Stopping at filesystem boundary (GIT_DISCOVERY_ACROSS_FILESYSTEM not set).
[2022-06-04T08:58:53.167Z] > git show --textconv :lua/hl_themes/pseudo.lua [22ms]
[2022-06-04T08:58:53.169Z] > git ls-files --stage -- /home/xmig/.local/share/nvim/site/pack/packer/opt/base46/lua/hl_themes/pseudo.lua [3ms]
[2022-06-04T08:58:53.194Z] > git cat-file -s 31e8f25c295d9710832536809e7b61e028f303ce [6ms]
[2022-06-04T08:58:57.151Z] > git status -z -uall [4ms]
[2022-06-04T08:58:57.166Z] > git symbolic-ref --short HEAD [3ms]
[2022-06-04T08:58:57.185Z] > git for-each-ref --format=%(refname)%00%(upstream:short)%00%(objectname)%00%(upstream:track)%00%(upstream:remotename)%00%(upstream:remoteref) refs/heads/master refs/remotes/master [4ms]
[2022-06-04T08:58:57.212Z] > git for-each-ref --sort -committerdate --format %(refname) %(objectname) %(*objectname) [16ms]
[2022-06-04T08:58:57.218Z] > git remote --verbose [8ms]
[2022-06-04T08:58:57.237Z] > git config --get commit.template [2ms]
[2022-06-04T09:01:11.485Z] > git status -z -uall [7ms]
[2022-06-04T09:01:11.498Z] > git symbolic-ref --short HEAD [2ms]
[2022-06-04T09:01:11.513Z] > git for-each-ref --format=%(refname)%00%(upstream:short)%00%(objectname)%00%(upstream:track)%00%(upstream:remotename)%00%(upstream:remoteref) refs/heads/master refs/remotes/master [4ms]
[2022-06-04T09:01:11.538Z] > git for-each-ref --sort -committerdate --format %(refname) %(objectname) %(*objectname) [13ms]
[2022-06-04T09:01:11.539Z] > git remote --verbose [3ms]
[2022-06-04T09:01:11.556Z] > git config --get commit.template [2ms]
[2022-06-04T09:01:43.647Z] > git rev-parse --show-toplevel [16ms]
[2022-06-04T09:01:43.647Z] fatal: not a git repository (or any parent up to mount point /)
Stopping at filesystem boundary (GIT_DISCOVERY_ACROSS_FILESYSTEM not set).
[2022-06-04T09:01:55.390Z] > git show --textconv :lua/hl_themes/pseudo.lua [21ms]
[2022-06-04T09:01:55.393Z] > git ls-files --stage -- /home/xmig/.local/share/nvim/site/pack/packer/opt/base46/lua/hl_themes/pseudo.lua [10ms]
[2022-06-04T09:01:55.415Z] > git cat-file -s 31e8f25c295d9710832536809e7b61e028f303ce [4ms]
[2022-06-04T09:02:16.353Z] > git status -z -uall [6ms]
[2022-06-04T09:02:16.372Z] > git symbolic-ref --short HEAD [5ms]
[2022-06-04T09:02:16.395Z] > git for-each-ref --format=%(refname)%00%(upstream:short)%00%(objectname)%00%(upstream:track)%00%(upstream:remotename)%00%(upstream:remoteref) refs/heads/master refs/remotes/master [6ms]
[2022-06-04T09:02:16.434Z] > git remote --verbose [5ms]
[2022-06-04T09:02:16.434Z] > git for-each-ref --sort -committerdate --format %(refname) %(objectname) %(*objectname) [22ms]
[2022-06-04T09:02:16.460Z] > git config --get commit.template [3ms]
[2022-06-04T09:02:17.877Z] > git rev-parse --show-toplevel [13ms]
[2022-06-04T09:02:17.877Z] fatal: not a git repository (or any parent up to mount point /)
Stopping at filesystem boundary (GIT_DISCOVERY_ACROSS_FILESYSTEM not set).
[2022-06-04T09:02:19.702Z] > git show --textconv :lua/hl_themes/pseudo.lua [14ms]
[2022-06-04T09:02:19.705Z] > git ls-files --stage -- /home/xmig/.local/share/nvim/site/pack/packer/opt/base46/lua/hl_themes/pseudo.lua [3ms]
[2022-06-04T09:02:19.716Z] > git cat-file -s 31e8f25c295d9710832536809e7b61e028f303ce [3ms]
[2022-06-04T09:02:21.980Z] > git rev-parse --show-toplevel [8ms]
[2022-06-04T09:02:21.980Z] fatal: not a git repository (or any parent up to mount point /)
Stopping at filesystem boundary (GIT_DISCOVERY_ACROSS_FILESYSTEM not set).
[2022-06-04T09:02:26.702Z] > git show --textconv :lua/hl_themes/pseudo.lua [28ms]
[2022-06-04T09:02:26.709Z] > git ls-files --stage -- /home/xmig/.local/share/nvim/site/pack/packer/opt/base46/lua/hl_themes/pseudo.lua [9ms]
[2022-06-04T09:02:26.738Z] > git cat-file -s 31e8f25c295d9710832536809e7b61e028f303ce [4ms]
[2022-06-04T09:06:07.566Z] > git status -z -uall [1ms]
[2022-06-04T09:06:07.602Z] > git symbolic-ref --short HEAD [16ms]
[2022-06-04T09:06:07.638Z] > git for-each-ref --format=%(refname)%00%(upstream:short)%00%(objectname)%00%(upstream:track)%00%(upstream:remotename)%00%(upstream:remoteref) refs/heads/master refs/remotes/master [9ms]
[2022-06-04T09:06:07.690Z] > git for-each-ref --sort -committerdate --format %(refname) %(objectname) %(*objectname) [24ms]
[2022-06-04T09:06:07.691Z] > git remote --verbose [8ms]
[2022-06-04T09:06:07.722Z] > git config --get commit.template [1ms]
[2022-06-04T09:08:29.947Z] > git rev-parse --show-toplevel [17ms]
[2022-06-04T09:08:29.947Z] fatal: not a git repository (or any parent up to mount point /)
Stopping at filesystem boundary (GIT_DISCOVERY_ACROSS_FILESYSTEM not set).
[2022-06-04T09:09:14.442Z] > git show --textconv :lua/hl_themes/pseudo.lua [23ms]
[2022-06-04T09:09:14.449Z] > git ls-files --stage -- /home/xmig/.local/share/nvim/site/pack/packer/opt/base46/lua/hl_themes/pseudo.lua [8ms]
[2022-06-04T09:09:14.470Z] > git cat-file -s 31e8f25c295d9710832536809e7b61e028f303ce [1ms]
[2022-06-04T09:09:38.345Z] > git rev-parse --show-toplevel [13ms]
[2022-06-04T09:09:38.345Z] fatal: not a git repository (or any parent up to mount point /)
Stopping at filesystem boundary (GIT_DISCOVERY_ACROSS_FILESYSTEM not set).
[2022-06-04T09:09:45.712Z] > git show --textconv :lua/hl_themes/pseudo.lua [24ms]
[2022-06-04T09:09:45.726Z] > git ls-files --stage -- /home/xmig/.local/share/nvim/site/pack/packer/opt/base46/lua/hl_themes/pseudo.lua [15ms]
[2022-06-04T09:09:45.751Z] > git cat-file -s 31e8f25c295d9710832536809e7b61e028f303ce [5ms]
[2022-06-04T09:10:04.334Z] > git status -z -uall [7ms]
[2022-06-04T09:10:04.361Z] > git symbolic-ref --short HEAD [4ms]
[2022-06-04T09:10:04.400Z] > git for-each-ref --format=%(refname)%00%(upstream:short)%00%(objectname)%00%(upstream:track)%00%(upstream:remotename)%00%(upstream:remoteref) refs/heads/master refs/remotes/master [25ms]
[2022-06-04T09:10:04.460Z] > git for-each-ref --sort -committerdate --format %(refname) %(objectname) %(*objectname) [15ms]
[2022-06-04T09:10:04.466Z] > git remote --verbose [8ms]
[2022-06-04T09:10:04.486Z] > git config --get commit.template [4ms]
[2022-06-04T09:10:19.441Z] > git rev-parse --show-toplevel [15ms]
[2022-06-04T09:10:19.441Z] fatal: not a git repository (or any parent up to mount point /)
Stopping at filesystem boundary (GIT_DISCOVERY_ACROSS_FILESYSTEM not set).
[2022-06-04T09:10:21.306Z] > git show --textconv :lua/hl_themes/pseudo.lua [19ms]
[2022-06-04T09:10:21.307Z] > git ls-files --stage -- /home/xmig/.local/share/nvim/site/pack/packer/opt/base46/lua/hl_themes/pseudo.lua [2ms]
[2022-06-04T09:10:21.341Z] > git cat-file -s 31e8f25c295d9710832536809e7b61e028f303ce [16ms]
[2022-06-04T09:10:41.721Z] > git rev-parse --show-toplevel [17ms]
[2022-06-04T09:10:41.721Z] fatal: not a git repository (or any parent up to mount point /)
Stopping at filesystem boundary (GIT_DISCOVERY_ACROSS_FILESYSTEM not set).
[2022-06-04T09:10:50.538Z] > git show --textconv :lua/hl_themes/pseudo.lua [9ms]
[2022-06-04T09:10:50.545Z] > git ls-files --stage -- /home/xmig/.local/share/nvim/site/pack/packer/opt/base46/lua/hl_themes/pseudo.lua [7ms]
[2022-06-04T09:10:50.565Z] > git cat-file -s 31e8f25c295d9710832536809e7b61e028f303ce [3ms]
[2022-06-04T09:11:02.406Z] > git status -z -uall [4ms]
[2022-06-04T09:11:02.418Z] > git symbolic-ref --short HEAD [1ms]
[2022-06-04T09:11:02.430Z] > git for-each-ref --format=%(refname)%00%(upstream:short)%00%(objectname)%00%(upstream:track)%00%(upstream:remotename)%00%(upstream:remoteref) refs/heads/master refs/remotes/master [2ms]
[2022-06-04T09:11:02.449Z] > git for-each-ref --sort -committerdate --format %(refname) %(objectname) %(*objectname) [10ms]
[2022-06-04T09:11:02.449Z] > git remote --verbose [2ms]
[2022-06-04T09:11:02.469Z] > git config --get commit.template [4ms]
[2022-06-04T09:11:04.328Z] > git rev-parse --show-toplevel [13ms]
[2022-06-04T09:11:04.328Z] fatal: not a git repository (or any parent up to mount point /)
Stopping at filesystem boundary (GIT_DISCOVERY_ACROSS_FILESYSTEM not set).
[2022-06-04T09:11:09.162Z] > git show --textconv :lua/hl_themes/pseudo.lua [22ms]
[2022-06-04T09:11:09.166Z] > git ls-files --stage -- /home/xmig/.local/share/nvim/site/pack/packer/opt/base46/lua/hl_themes/pseudo.lua [5ms]
[2022-06-04T09:11:09.227Z] > git cat-file -s 31e8f25c295d9710832536809e7b61e028f303ce [13ms]
[2022-06-04T09:11:29.345Z] > git rev-parse --show-toplevel [7ms]
[2022-06-04T09:11:29.345Z] fatal: not a git repository (or any parent up to mount point /)
Stopping at filesystem boundary (GIT_DISCOVERY_ACROSS_FILESYSTEM not set).
[2022-06-04T09:11:31.078Z] > git show --textconv :lua/hl_themes/pseudo.lua [31ms]
[2022-06-04T09:11:31.085Z] > git ls-files --stage -- /home/xmig/.local/share/nvim/site/pack/packer/opt/base46/lua/hl_themes/pseudo.lua [8ms]
[2022-06-04T09:11:31.112Z] > git cat-file -s 31e8f25c295d9710832536809e7b61e028f303ce [6ms]
[2022-06-04T09:11:49.091Z] > git rev-parse --show-toplevel [13ms]
[2022-06-04T09:11:49.091Z] fatal: not a git repository (or any parent up to mount point /)
Stopping at filesystem boundary (GIT_DISCOVERY_ACROSS_FILESYSTEM not set).
[2022-06-04T09:11:54.155Z] > git show --textconv :lua/hl_themes/pseudo.lua [30ms]
[2022-06-04T09:11:54.156Z] > git ls-files --stage -- /home/xmig/.local/share/nvim/site/pack/packer/opt/base46/lua/hl_themes/pseudo.lua [2ms]
[2022-06-04T09:11:54.216Z] > git cat-file -s 31e8f25c295d9710832536809e7b61e028f303ce [16ms]
[2022-06-04T09:16:33.750Z] > git status -z -uall [29ms]
[2022-06-04T09:16:33.772Z] > git symbolic-ref --short HEAD [1ms]
[2022-06-04T09:16:33.789Z] > git for-each-ref --format=%(refname)%00%(upstream:short)%00%(objectname)%00%(upstream:track)%00%(upstream:remotename)%00%(upstream:remoteref) refs/heads/master refs/remotes/master [3ms]
[2022-06-04T09:16:33.823Z] > git remote --verbose [1ms]
[2022-06-04T09:16:33.824Z] > git for-each-ref --sort -committerdate --format %(refname) %(objectname) %(*objectname) [20ms]
[2022-06-04T09:16:33.839Z] > git config --get commit.template [3ms]
[2022-06-04T09:40:29.374Z] > git rev-parse --show-toplevel [5ms]
[2022-06-04T09:40:29.374Z] fatal: not a git repository (or any parent up to mount point /)
Stopping at filesystem boundary (GIT_DISCOVERY_ACROSS_FILESYSTEM not set).
[2022-06-04T09:40:35.772Z] > git show --textconv :lua/hl_themes/pseudo.lua [12ms]
[2022-06-04T09:40:35.774Z] > git ls-files --stage -- /home/xmig/.local/share/nvim/site/pack/packer/opt/base46/lua/hl_themes/pseudo.lua [2ms]
[2022-06-04T09:40:35.782Z] > git cat-file -s 31e8f25c295d9710832536809e7b61e028f303ce [2ms]
[2022-06-04T09:40:40.579Z] > git status -z -uall [10ms]
[2022-06-04T09:40:40.602Z] > git symbolic-ref --short HEAD [3ms]
[2022-06-04T09:40:40.625Z] > git for-each-ref --format=%(refname)%00%(upstream:short)%00%(objectname)%00%(upstream:track)%00%(upstream:remotename)%00%(upstream:remoteref) refs/heads/master refs/remotes/master [1ms]
[2022-06-04T09:40:40.652Z] > git remote --verbose [5ms]
[2022-06-04T09:40:40.653Z] > git for-each-ref --sort -committerdate --format %(refname) %(objectname) %(*objectname) [14ms]
[2022-06-04T09:40:40.673Z] > git config --get commit.template [4ms]
[2022-06-04T09:42:59.993Z] > git status -z -uall [6ms]
[2022-06-04T09:43:00.006Z] > git symbolic-ref --short HEAD [2ms]
[2022-06-04T09:43:00.030Z] > git for-each-ref --format=%(refname)%00%(upstream:short)%00%(objectname)%00%(upstream:track)%00%(upstream:remotename)%00%(upstream:remoteref) refs/heads/master refs/remotes/master [5ms]
[2022-06-04T09:43:00.058Z] > git for-each-ref --sort -committerdate --format %(refname) %(objectname) %(*objectname) [12ms]
[2022-06-04T09:43:00.063Z] > git remote --verbose [6ms]
[2022-06-04T09:43:00.077Z] > git config --get commit.template [4ms]
[2022-06-04T09:43:18.570Z] > git status -z -uall [5ms]
[2022-06-04T09:43:18.592Z] > git symbolic-ref --short HEAD [1ms]
[2022-06-04T09:43:18.610Z] > git for-each-ref --format=%(refname)%00%(upstream:short)%00%(objectname)%00%(upstream:track)%00%(upstream:remotename)%00%(upstream:remoteref) refs/heads/master refs/remotes/master [1ms]
[2022-06-04T09:43:18.631Z] > git for-each-ref --sort -committerdate --format %(refname) %(objectname) %(*objectname) [10ms]
[2022-06-04T09:43:18.633Z] > git remote --verbose [3ms]
[2022-06-04T09:43:18.658Z] > git config --get commit.template [6ms]
[2022-06-04T09:43:25.312Z] > git rev-parse --show-toplevel [3ms]
[2022-06-04T09:43:25.312Z] fatal: not a git repository (or any parent up to mount point /)
Stopping at filesystem boundary (GIT_DISCOVERY_ACROSS_FILESYSTEM not set).
[2022-06-04T09:43:34.273Z] > git show --textconv :lua/hl_themes/pseudo.lua [23ms]
[2022-06-04T09:43:34.273Z] > git ls-files --stage -- /home/xmig/.local/share/nvim/site/pack/packer/opt/base46/lua/hl_themes/pseudo.lua [1ms]
[2022-06-04T09:43:34.286Z] > git cat-file -s 31e8f25c295d9710832536809e7b61e028f303ce [2ms]
[2022-06-04T09:43:38.800Z] > git status -z -uall [9ms]
[2022-06-04T09:43:38.815Z] > git symbolic-ref --short HEAD [3ms]
[2022-06-04T09:43:38.827Z] > git for-each-ref --format=%(refname)%00%(upstream:short)%00%(objectname)%00%(upstream:track)%00%(upstream:remotename)%00%(upstream:remoteref) refs/heads/master refs/remotes/master [2ms]
[2022-06-04T09:43:38.848Z] > git for-each-ref --sort -committerdate --format %(refname) %(objectname) %(*objectname) [11ms]
[2022-06-04T09:43:38.849Z] > git remote --verbose [2ms]
[2022-06-04T09:43:38.862Z] > git config --get commit.template [2ms]
[2022-06-04T09:44:27.047Z] > git rev-parse --show-toplevel [7ms]
[2022-06-04T09:44:27.047Z] fatal: not a git repository (or any parent up to mount point /)
Stopping at filesystem boundary (GIT_DISCOVERY_ACROSS_FILESYSTEM not set).
[2022-06-04T09:44:33.732Z] > git show --textconv :lua/hl_themes/pseudo.lua [14ms]
[2022-06-04T09:44:33.733Z] > git ls-files --stage -- /home/xmig/.local/share/nvim/site/pack/packer/opt/base46/lua/hl_themes/pseudo.lua [2ms]
[2022-06-04T09:44:33.751Z] > git cat-file -s 31e8f25c295d9710832536809e7b61e028f303ce [3ms]
[2022-06-04T09:45:31.424Z] > git status -z -uall [3ms]
[2022-06-04T09:45:31.457Z] > git symbolic-ref --short HEAD [2ms]
[2022-06-04T09:45:31.482Z] > git for-each-ref --format=%(refname)%00%(upstream:short)%00%(objectname)%00%(upstream:track)%00%(upstream:remotename)%00%(upstream:remoteref) refs/heads/master refs/remotes/master [7ms]
[2022-06-04T09:45:31.518Z] > git remote --verbose [5ms]
[2022-06-04T09:45:31.518Z] > git for-each-ref --sort -committerdate --format %(refname) %(objectname) %(*objectname) [19ms]
[2022-06-04T09:45:31.532Z] > git config --get commit.template [2ms]
[2022-06-04T09:45:38.270Z] > git rev-parse --show-toplevel [5ms]
[2022-06-04T09:45:38.270Z] fatal: not a git repository (or any parent up to mount point /)
Stopping at filesystem boundary (GIT_DISCOVERY_ACROSS_FILESYSTEM not set).
[2022-06-04T09:54:39.100Z] > git show --textconv :lua/hl_themes/pseudo.lua [9ms]
[2022-06-04T09:54:39.101Z] > git ls-files --stage -- /home/xmig/.local/share/nvim/site/pack/packer/opt/base46/lua/hl_themes/pseudo.lua [2ms]
[2022-06-04T09:54:39.118Z] > git cat-file -s 31e8f25c295d9710832536809e7b61e028f303ce [2ms]
[2022-06-04T09:54:39.983Z] > git rev-parse --show-toplevel [9ms]
[2022-06-04T09:54:39.983Z] fatal: not a git repository (or any parent up to mount point /)
Stopping at filesystem boundary (GIT_DISCOVERY_ACROSS_FILESYSTEM not set).
[2022-06-04T09:58:13.510Z] > git show --textconv :lua/hl_themes/pseudo.lua [9ms]
[2022-06-04T09:58:13.512Z] > git ls-files --stage -- /home/xmig/.local/share/nvim/site/pack/packer/opt/base46/lua/hl_themes/pseudo.lua [2ms]
[2022-06-04T09:58:13.526Z] > git cat-file -s 31e8f25c295d9710832536809e7b61e028f303ce [2ms]
[2022-06-04T09:58:16.706Z] > git rev-parse --show-toplevel [7ms]
[2022-06-04T09:58:16.706Z] fatal: not a git repository (or any parent up to mount point /)
Stopping at filesystem boundary (GIT_DISCOVERY_ACROSS_FILESYSTEM not set).
[2022-06-04T09:58:23.352Z] > git show --textconv :lua/hl_themes/pseudo.lua [13ms]
[2022-06-04T09:58:23.353Z] > git ls-files --stage -- /home/xmig/.local/share/nvim/site/pack/packer/opt/base46/lua/hl_themes/pseudo.lua [2ms]
[2022-06-04T09:58:23.365Z] > git cat-file -s 31e8f25c295d9710832536809e7b61e028f303ce [4ms]
[2022-06-04T09:58:32.942Z] > git status -z -uall [4ms]
[2022-06-04T09:58:32.960Z] > git symbolic-ref --short HEAD [2ms]
[2022-06-04T09:58:32.975Z] > git for-each-ref --format=%(refname)%00%(upstream:short)%00%(objectname)%00%(upstream:track)%00%(upstream:remotename)%00%(upstream:remoteref) refs/heads/master refs/remotes/master [3ms]
[2022-06-04T09:58:33.003Z] > git for-each-ref --sort -committerdate --format %(refname) %(objectname) %(*objectname) [14ms]
[2022-06-04T09:58:33.003Z] > git remote --verbose [2ms]
[2022-06-04T09:58:33.019Z] > git config --get commit.template [2ms]
[2022-06-04T09:58:34.769Z] > git rev-parse --show-toplevel [16ms]
[2022-06-04T09:58:34.769Z] fatal: not a git repository (or any parent up to mount point /)
Stopping at filesystem boundary (GIT_DISCOVERY_ACROSS_FILESYSTEM not set).
[2022-06-04T09:58:38.655Z] > git show --textconv :lua/hl_themes/pseudo.lua [15ms]
[2022-06-04T09:58:38.656Z] > git ls-files --stage -- /home/xmig/.local/share/nvim/site/pack/packer/opt/base46/lua/hl_themes/pseudo.lua [1ms]
[2022-06-04T09:58:38.669Z] > git cat-file -s 31e8f25c295d9710832536809e7b61e028f303ce [2ms]
[2022-06-04T09:58:55.383Z] > git status -z -uall [6ms]
[2022-06-04T09:58:55.403Z] > git symbolic-ref --short HEAD [3ms]
[2022-06-04T09:58:55.425Z] > git for-each-ref --format=%(refname)%00%(upstream:short)%00%(objectname)%00%(upstream:track)%00%(upstream:remotename)%00%(upstream:remoteref) refs/heads/master refs/remotes/master [5ms]
[2022-06-04T09:58:55.454Z] > git for-each-ref --sort -committerdate --format %(refname) %(objectname) %(*objectname) [17ms]
[2022-06-04T09:58:55.455Z] > git remote --verbose [3ms]
[2022-06-04T09:58:55.484Z] > git config --get commit.template [5ms]
[2022-06-04T09:59:00.503Z] > git status -z -uall [3ms]
[2022-06-04T09:59:00.520Z] > git symbolic-ref --short HEAD [2ms]
[2022-06-04T09:59:00.537Z] > git for-each-ref --format=%(refname)%00%(upstream:short)%00%(objectname)%00%(upstream:track)%00%(upstream:remotename)%00%(upstream:remoteref) refs/heads/master refs/remotes/master [3ms]
[2022-06-04T09:59:00.570Z] > git for-each-ref --sort -committerdate --format %(refname) %(objectname) %(*objectname) [20ms]
[2022-06-04T09:59:00.573Z] > git remote --verbose [4ms]
[2022-06-04T09:59:00.599Z] > git config --get commit.template [7ms]
[2022-06-04T09:59:00.833Z] > git rev-parse --show-toplevel [9ms]
[2022-06-04T09:59:00.833Z] fatal: not a git repository (or any parent up to mount point /)
Stopping at filesystem boundary (GIT_DISCOVERY_ACROSS_FILESYSTEM not set).
[2022-06-04T09:59:04.146Z] > git show --textconv :lua/hl_themes/pseudo.lua [13ms]
[2022-06-04T09:59:04.149Z] > git ls-files --stage -- /home/xmig/.local/share/nvim/site/pack/packer/opt/base46/lua/hl_themes/pseudo.lua [3ms]
[2022-06-04T09:59:04.162Z] > git cat-file -s 31e8f25c295d9710832536809e7b61e028f303ce [3ms]
[2022-06-04T09:59:22.057Z] > git rev-parse --show-toplevel [7ms]
[2022-06-04T09:59:22.057Z] fatal: not a git repository (or any parent up to mount point /)
Stopping at filesystem boundary (GIT_DISCOVERY_ACROSS_FILESYSTEM not set).
[2022-06-04T09:59:25.920Z] > git show --textconv :lua/hl_themes/pseudo.lua [11ms]
[2022-06-04T09:59:25.924Z] > git ls-files --stage -- /home/xmig/.local/share/nvim/site/pack/packer/opt/base46/lua/hl_themes/pseudo.lua [6ms]
[2022-06-04T09:59:25.933Z] > git cat-file -s 31e8f25c295d9710832536809e7b61e028f303ce [2ms]
[2022-06-04T09:59:37.419Z] > git rev-parse --show-toplevel [9ms]
[2022-06-04T09:59:37.420Z] fatal: not a git repository (or any parent up to mount point /)
Stopping at filesystem boundary (GIT_DISCOVERY_ACROSS_FILESYSTEM not set).
[2022-06-04T09:59:41.989Z] > git show --textconv :lua/hl_themes/pseudo.lua [13ms]
[2022-06-04T09:59:41.990Z] > git ls-files --stage -- /home/xmig/.local/share/nvim/site/pack/packer/opt/base46/lua/hl_themes/pseudo.lua [2ms]
[2022-06-04T09:59:42.003Z] > git cat-file -s 31e8f25c295d9710832536809e7b61e028f303ce [2ms]
[2022-06-04T09:59:49.444Z] > git status -z -uall [9ms]
[2022-06-04T09:59:49.498Z] > git symbolic-ref --short HEAD [14ms]
[2022-06-04T09:59:49.517Z] > git for-each-ref --format=%(refname)%00%(upstream:short)%00%(objectname)%00%(upstream:track)%00%(upstream:remotename)%00%(upstream:remoteref) refs/heads/master refs/remotes/master [7ms]
[2022-06-04T09:59:49.568Z] > git for-each-ref --sort -committerdate --format %(refname) %(objectname) %(*objectname) [23ms]
[2022-06-04T09:59:49.578Z] > git remote --verbose [11ms]
[2022-06-04T09:59:49.605Z] > git config --get commit.template [3ms]
[2022-06-04T09:59:55.175Z] > git rev-parse --show-toplevel [6ms]
[2022-06-04T09:59:55.175Z] fatal: not a git repository (or any parent up to mount point /)
Stopping at filesystem boundary (GIT_DISCOVERY_ACROSS_FILESYSTEM not set).
[2022-06-04T09:59:58.565Z] > git show --textconv :lua/hl_themes/pseudo.lua [13ms]
[2022-06-04T09:59:58.568Z] > git ls-files --stage -- /home/xmig/.local/share/nvim/site/pack/packer/opt/base46/lua/hl_themes/pseudo.lua [6ms]
[2022-06-04T09:59:58.577Z] > git cat-file -s 31e8f25c295d9710832536809e7b61e028f303ce [2ms]
[2022-06-04T10:00:02.389Z] > git rev-parse --show-toplevel [7ms]
[2022-06-04T10:00:02.389Z] fatal: not a git repository (or any parent up to mount point /)
Stopping at filesystem boundary (GIT_DISCOVERY_ACROSS_FILESYSTEM not set).
[2022-06-04T10:00:05.575Z] > git show --textconv :lua/hl_themes/pseudo.lua [13ms]
[2022-06-04T10:00:05.577Z] > git ls-files --stage -- /home/xmig/.local/share/nvim/site/pack/packer/opt/base46/lua/hl_themes/pseudo.lua [3ms]
[2022-06-04T10:00:05.593Z] > git cat-file -s 31e8f25c295d9710832536809e7b61e028f303ce [3ms]
[2022-06-04T10:00:11.057Z] > git rev-parse --show-toplevel [7ms]
[2022-06-04T10:00:11.057Z] fatal: not a git repository (or any parent up to mount point /)
Stopping at filesystem boundary (GIT_DISCOVERY_ACROSS_FILESYSTEM not set).
[2022-06-04T10:00:16.223Z] > git show --textconv :lua/hl_themes/pseudo.lua [9ms]
[2022-06-04T10:00:16.225Z] > git ls-files --stage -- /home/xmig/.local/share/nvim/site/pack/packer/opt/base46/lua/hl_themes/pseudo.lua [3ms]
[2022-06-04T10:00:16.238Z] > git cat-file -s 31e8f25c295d9710832536809e7b61e028f303ce [2ms]
[2022-06-04T10:00:41.932Z] > git status -z -uall [2ms]
[2022-06-04T10:00:41.946Z] > git symbolic-ref --short HEAD [2ms]
[2022-06-04T10:00:41.964Z] > git for-each-ref --format=%(refname)%00%(upstream:short)%00%(objectname)%00%(upstream:track)%00%(upstream:remotename)%00%(upstream:remoteref) refs/heads/master refs/remotes/master [3ms]
[2022-06-04T10:00:41.993Z] > git for-each-ref --sort -committerdate --format %(refname) %(objectname) %(*objectname) [15ms]
[2022-06-04T10:00:41.993Z] > git remote --verbose [6ms]
[2022-06-04T10:00:42.009Z] > git config --get commit.template [3ms]
[2022-06-04T10:01:20.484Z] > git status -z -uall [6ms]
[2022-06-04T10:01:20.500Z] > git symbolic-ref --short HEAD [3ms]
[2022-06-04T10:01:20.517Z] > git for-each-ref --format=%(refname)%00%(upstream:short)%00%(objectname)%00%(upstream:track)%00%(upstream:remotename)%00%(upstream:remoteref) refs/heads/master refs/remotes/master [6ms]
[2022-06-04T10:01:20.554Z] > git remote --verbose [3ms]
[2022-06-04T10:01:20.555Z] > git for-each-ref --sort -committerdate --format %(refname) %(objectname) %(*objectname) [26ms]
[2022-06-04T10:01:20.578Z] > git config --get commit.template [3ms]
[2022-06-04T10:02:14.371Z] > git status -z -uall [9ms]
[2022-06-04T10:02:14.390Z] > git symbolic-ref --short HEAD [4ms]
[2022-06-04T10:02:14.407Z] > git for-each-ref --format=%(refname)%00%(upstream:short)%00%(objectname)%00%(upstream:track)%00%(upstream:remotename)%00%(upstream:remoteref) refs/heads/master refs/remotes/master [5ms]
[2022-06-04T10:02:14.443Z] > git for-each-ref --sort -committerdate --format %(refname) %(objectname) %(*objectname) [16ms]
[2022-06-04T10:02:14.446Z] > git remote --verbose [6ms]
[2022-06-04T10:02:14.476Z] > git config --get commit.template [5ms]
[2022-06-04T10:02:30.101Z] > git status -z -uall [7ms]
[2022-06-04T10:02:30.117Z] > git symbolic-ref --short HEAD [3ms]
[2022-06-04T10:02:30.130Z] > git for-each-ref --format=%(refname)%00%(upstream:short)%00%(objectname)%00%(upstream:track)%00%(upstream:remotename)%00%(upstream:remoteref) refs/heads/master refs/remotes/master [2ms]
[2022-06-04T10:02:30.161Z] > git for-each-ref --sort -committerdate --format %(refname) %(objectname) %(*objectname) [17ms]
[2022-06-04T10:02:30.162Z] > git remote --verbose [2ms]
[2022-06-04T10:02:30.179Z] > git config --get commit.template [2ms]
[2022-06-04T10:02:41.659Z] > git status -z -uall [4ms]
[2022-06-04T10:02:41.675Z] > git symbolic-ref --short HEAD [2ms]
[2022-06-04T10:02:41.690Z] > git for-each-ref --format=%(refname)%00%(upstream:short)%00%(objectname)%00%(upstream:track)%00%(upstream:remotename)%00%(upstream:remoteref) refs/heads/master refs/remotes/master [2ms]
[2022-06-04T10:02:41.711Z] > git for-each-ref --sort -committerdate --format %(refname) %(objectname) %(*objectname) [8ms]
[2022-06-04T10:02:41.714Z] > git remote --verbose [4ms]
[2022-06-04T10:02:41.742Z] > git config --get commit.template [4ms]
[2022-06-04T10:02:52.452Z] > git status -z -uall [3ms]
[2022-06-04T10:02:52.484Z] > git symbolic-ref --short HEAD [10ms]
[2022-06-04T10:02:52.505Z] > git for-each-ref --format=%(refname)%00%(upstream:short)%00%(objectname)%00%(upstream:track)%00%(upstream:remotename)%00%(upstream:remoteref) refs/heads/master refs/remotes/master [4ms]
[2022-06-04T10:02:52.538Z] > git for-each-ref --sort -committerdate --format %(refname) %(objectname) %(*objectname) [17ms]
[2022-06-04T10:02:52.541Z] > git remote --verbose [4ms]
[2022-06-04T10:02:52.556Z] > git config --get commit.template [2ms]
[2022-06-04T10:03:06.598Z] > git status -z -uall [5ms]
[2022-06-04T10:03:06.613Z] > git symbolic-ref --short HEAD [5ms]
[2022-06-04T10:03:06.633Z] > git for-each-ref --format=%(refname)%00%(upstream:short)%00%(objectname)%00%(upstream:track)%00%(upstream:remotename)%00%(upstream:remoteref) refs/heads/master refs/remotes/master [6ms]
[2022-06-04T10:03:06.661Z] > git for-each-ref --sort -committerdate --format %(refname) %(objectname) %(*objectname) [10ms]
[2022-06-04T10:03:06.662Z] > git remote --verbose [3ms]
[2022-06-04T10:03:06.672Z] > git config --get commit.template [1ms]
[2022-06-04T10:03:12.261Z] > git status -z -uall [5ms]
[2022-06-04T10:03:12.283Z] > git symbolic-ref --short HEAD [1ms]
[2022-06-04T10:03:12.301Z] > git for-each-ref --format=%(refname)%00%(upstream:short)%00%(objectname)%00%(upstream:track)%00%(upstream:remotename)%00%(upstream:remoteref) refs/heads/master refs/remotes/master [3ms]
[2022-06-04T10:03:12.337Z] > git for-each-ref --sort -committerdate --format %(refname) %(objectname) %(*objectname) [19ms]
[2022-06-04T10:03:12.338Z] > git remote --verbose [2ms]
[2022-06-04T10:03:12.365Z] > git config --get commit.template [2ms]
[2022-06-04T10:03:40.584Z] > git status -z -uall [3ms]
[2022-06-04T10:03:40.599Z] > git symbolic-ref --short HEAD [2ms]
[2022-06-04T10:03:40.612Z] > git for-each-ref --format=%(refname)%00%(upstream:short)%00%(objectname)%00%(upstream:track)%00%(upstream:remotename)%00%(upstream:remoteref) refs/heads/master refs/remotes/master [2ms]
[2022-06-04T10:03:40.634Z] > git remote --verbose [3ms]
[2022-06-04T10:03:40.636Z] > git for-each-ref --sort -committerdate --format %(refname) %(objectname) %(*objectname) [12ms]
[2022-06-04T10:03:40.650Z] > git config --get commit.template [2ms]
[2022-06-04T10:03:53.714Z] > git rev-parse --show-toplevel [4ms]
[2022-06-04T10:03:53.714Z] fatal: not a git repository (or any parent up to mount point /)
Stopping at filesystem boundary (GIT_DISCOVERY_ACROSS_FILESYSTEM not set).
[2022-06-04T10:04:00.292Z] > git show --textconv :lua/hl_themes/pseudo.lua [16ms]
[2022-06-04T10:04:00.294Z] > git ls-files --stage -- /home/xmig/.local/share/nvim/site/pack/packer/opt/base46/lua/hl_themes/pseudo.lua [2ms]
[2022-06-04T10:04:00.311Z] > git cat-file -s 31e8f25c295d9710832536809e7b61e028f303ce [2ms]
[2022-06-04T10:04:05.174Z] > git rev-parse --show-toplevel [5ms]
[2022-06-04T10:04:05.174Z] fatal: not a git repository (or any parent up to mount point /)
Stopping at filesystem boundary (GIT_DISCOVERY_ACROSS_FILESYSTEM not set).
[2022-06-04T10:04:08.684Z] > git show --textconv :lua/hl_themes/pseudo.lua [19ms]
[2022-06-04T10:04:08.685Z] > git ls-files --stage -- /home/xmig/.local/share/nvim/site/pack/packer/opt/base46/lua/hl_themes/pseudo.lua [3ms]
[2022-06-04T10:04:08.705Z] > git cat-file -s 31e8f25c295d9710832536809e7b61e028f303ce [6ms]
[2022-06-04T10:04:12.169Z] > git rev-parse --show-toplevel [18ms]
[2022-06-04T10:04:12.169Z] fatal: not a git repository (or any parent up to mount point /)
Stopping at filesystem boundary (GIT_DISCOVERY_ACROSS_FILESYSTEM not set).
[2022-06-04T10:04:15.243Z] > git show --textconv :lua/hl_themes/pseudo.lua [8ms]
[2022-06-04T10:04:15.244Z] > git ls-files --stage -- /home/xmig/.local/share/nvim/site/pack/packer/opt/base46/lua/hl_themes/pseudo.lua [2ms]
[2022-06-04T10:04:15.255Z] > git cat-file -s 31e8f25c295d9710832536809e7b61e028f303ce [2ms]
[2022-06-04T10:04:21.476Z] > git status -z -uall [21ms]
[2022-06-04T10:04:21.504Z] > git symbolic-ref --short HEAD [3ms]
[2022-06-04T10:04:21.520Z] > git for-each-ref --format=%(refname)%00%(upstream:short)%00%(objectname)%00%(upstream:track)%00%(upstream:remotename)%00%(upstream:remoteref) refs/heads/master refs/remotes/master [6ms]
[2022-06-04T10:04:21.549Z] > git remote --verbose [1ms]
[2022-06-04T10:04:21.549Z] > git for-each-ref --sort -committerdate --format %(refname) %(objectname) %(*objectname) [14ms]
[2022-06-04T10:04:21.570Z] > git config --get commit.template [2ms]
[2022-06-04T10:04:28.537Z] > git rev-parse --show-toplevel [5ms]
[2022-06-04T10:04:28.537Z] fatal: not a git repository (or any parent up to mount point /)
Stopping at filesystem boundary (GIT_DISCOVERY_ACROSS_FILESYSTEM not set).
[2022-06-04T10:04:29.848Z] > git show --textconv :lua/hl_themes/pseudo.lua [9ms]
[2022-06-04T10:04:29.849Z] > git ls-files --stage -- /home/xmig/.local/share/nvim/site/pack/packer/opt/base46/lua/hl_themes/pseudo.lua [2ms]
[2022-06-04T10:04:29.857Z] > git cat-file -s 31e8f25c295d9710832536809e7b61e028f303ce [2ms]
[2022-06-04T10:05:01.278Z] > git status -z -uall [10ms]
[2022-06-04T10:05:01.297Z] > git symbolic-ref --short HEAD [2ms]
[2022-06-04T10:05:01.315Z] > git for-each-ref --format=%(refname)%00%(upstream:short)%00%(objectname)%00%(upstream:track)%00%(upstream:remotename)%00%(upstream:remoteref) refs/heads/master refs/remotes/master [2ms]
[2022-06-04T10:05:01.346Z] > git for-each-ref --sort -committerdate --format %(refname) %(objectname) %(*objectname) [18ms]
[2022-06-04T10:05:01.346Z] > git remote --verbose [2ms]
[2022-06-04T10:05:01.364Z] > git config --get commit.template [1ms]
[2022-06-04T10:05:08.695Z] > git status -z -uall [12ms]
[2022-06-04T10:05:08.709Z] > git symbolic-ref --short HEAD [2ms]
[2022-06-04T10:05:08.723Z] > git for-each-ref --format=%(refname)%00%(upstream:short)%00%(objectname)%00%(upstream:track)%00%(upstream:remotename)%00%(upstream:remoteref) refs/heads/master refs/remotes/master [6ms]
[2022-06-04T10:05:08.742Z] > git for-each-ref --sort -committerdate --format %(refname) %(objectname) %(*objectname) [11ms]
[2022-06-04T10:05:08.742Z] > git remote --verbose [1ms]
[2022-06-04T10:05:08.753Z] > git config --get commit.template [3ms]
[2022-06-04T10:05:18.785Z] > git status -z -uall [10ms]
[2022-06-04T10:05:18.822Z] > git symbolic-ref --short HEAD [11ms]
[2022-06-04T10:05:18.855Z] > git for-each-ref --format=%(refname)%00%(upstream:short)%00%(objectname)%00%(upstream:track)%00%(upstream:remotename)%00%(upstream:remoteref) refs/heads/master refs/remotes/master [6ms]
[2022-06-04T10:05:18.885Z] > git for-each-ref --sort -committerdate --format %(refname) %(objectname) %(*objectname) [12ms]
[2022-06-04T10:05:18.889Z] > git remote --verbose [7ms]
[2022-06-04T10:05:18.905Z] > git config --get commit.template [3ms]
[2022-06-04T10:06:48.489Z] > git status -z -uall [10ms]
[2022-06-04T10:06:48.519Z] > git symbolic-ref --short HEAD [7ms]
[2022-06-04T10:06:48.550Z] > git for-each-ref --format=%(refname)%00%(upstream:short)%00%(objectname)%00%(upstream:track)%00%(upstream:remotename)%00%(upstream:remoteref) refs/heads/master refs/remotes/master [7ms]
[2022-06-04T10:06:48.608Z] > git for-each-ref --sort -committerdate --format %(refname) %(objectname) %(*objectname) [31ms]
[2022-06-04T10:06:48.610Z] > git remote --verbose [5ms]
[2022-06-04T10:06:48.630Z] > git config --get commit.template [1ms]
[2022-06-04T10:06:53.647Z] > git status -z -uall [3ms]
[2022-06-04T10:06:53.664Z] > git symbolic-ref --short HEAD [3ms]
[2022-06-04T10:06:53.678Z] > git for-each-ref --format=%(refname)%00%(upstream:short)%00%(objectname)%00%(upstream:track)%00%(upstream:remotename)%00%(upstream:remoteref) refs/heads/master refs/remotes/master [2ms]
[2022-06-04T10:06:53.706Z] > git for-each-ref --sort -committerdate --format %(refname) %(objectname) %(*objectname) [14ms]
[2022-06-04T10:06:53.707Z] > git remote --verbose [4ms]
[2022-06-04T10:06:53.722Z] > git config --get commit.template [2ms]
[2022-06-04T10:06:59.592Z] > git rev-parse --show-toplevel [4ms]
[2022-06-04T10:06:59.592Z] fatal: not a git repository (or any parent up to mount point /)
Stopping at filesystem boundary (GIT_DISCOVERY_ACROSS_FILESYSTEM not set).
[2022-06-04T10:07:03.066Z] > git show --textconv :lua/hl_themes/pseudo.lua [9ms]
[2022-06-04T10:07:03.067Z] > git ls-files --stage -- /home/xmig/.local/share/nvim/site/pack/packer/opt/base46/lua/hl_themes/pseudo.lua [2ms]
[2022-06-04T10:07:03.076Z] > git cat-file -s 31e8f25c295d9710832536809e7b61e028f303ce [2ms]
[2022-06-04T10:07:11.264Z] > git rev-parse --show-toplevel [5ms]
[2022-06-04T10:07:11.264Z] fatal: not a git repository (or any parent up to mount point /)
Stopping at filesystem boundary (GIT_DISCOVERY_ACROSS_FILESYSTEM not set).
[2022-06-04T10:07:14.694Z] > git show --textconv :lua/hl_themes/pseudo.lua [18ms]
[2022-06-04T10:07:14.702Z] > git ls-files --stage -- /home/xmig/.local/share/nvim/site/pack/packer/opt/base46/lua/hl_themes/pseudo.lua [9ms]
[2022-06-04T10:07:14.716Z] > git cat-file -s 31e8f25c295d9710832536809e7b61e028f303ce [4ms]
[2022-06-04T10:07:19.431Z] > git rev-parse --show-toplevel [5ms]
[2022-06-04T10:07:19.432Z] fatal: not a git repository (or any parent up to mount point /)
Stopping at filesystem boundary (GIT_DISCOVERY_ACROSS_FILESYSTEM not set).
[2022-06-04T10:07:22.851Z] > git show --textconv :lua/hl_themes/pseudo.lua [16ms]
[2022-06-04T10:07:22.854Z] > git ls-files --stage -- /home/xmig/.local/share/nvim/site/pack/packer/opt/base46/lua/hl_themes/pseudo.lua [4ms]
[2022-06-04T10:07:22.871Z] > git cat-file -s 31e8f25c295d9710832536809e7b61e028f303ce [3ms]
[2022-06-04T10:07:27.506Z] > git status -z -uall [2ms]
[2022-06-04T10:07:27.521Z] > git symbolic-ref --short HEAD [2ms]
[2022-06-04T10:07:27.536Z] > git for-each-ref --format=%(refname)%00%(upstream:short)%00%(objectname)%00%(upstream:track)%00%(upstream:remotename)%00%(upstream:remoteref) refs/heads/master refs/remotes/master [2ms]
[2022-06-04T10:07:27.558Z] > git for-each-ref --sort -committerdate --format %(refname) %(objectname) %(*objectname) [9ms]
[2022-06-04T10:07:27.559Z] > git remote --verbose [3ms]
[2022-06-04T10:07:27.577Z] > git config --get commit.template [4ms]
[2022-06-04T10:08:13.907Z] > git status -z -uall [11ms]
[2022-06-04T10:08:13.936Z] > git symbolic-ref --short HEAD [7ms]
[2022-06-04T10:08:13.958Z] > git for-each-ref --format=%(refname)%00%(upstream:short)%00%(objectname)%00%(upstream:track)%00%(upstream:remotename)%00%(upstream:remoteref) refs/heads/master refs/remotes/master [2ms]
[2022-06-04T10:08:13.976Z] > git for-each-ref --sort -committerdate --format %(refname) %(objectname) %(*objectname) [10ms]
[2022-06-04T10:08:13.977Z] > git remote --verbose [2ms]
[2022-06-04T10:08:13.990Z] > git config --get commit.template [2ms]
