[2022-06-04T08:00:34.363Z] Validating found git in: git
[2022-06-04T08:00:34.468Z] Using git 2.36.1 from git
[2022-06-04T08:00:34.549Z] > git rev-parse --show-toplevel [11ms]
[2022-06-04T08:00:34.606Z] > git rev-parse --git-dir --git-common-dir [5ms]
[2022-06-04T08:00:34.624Z] Open repository: /home/xmig/.config/nvim
[2022-06-04T08:00:36.764Z] > git status -z -uall [2124ms]
[2022-06-04T08:00:36.779Z] > git symbolic-ref --short HEAD [6ms]
[2022-06-04T08:00:36.882Z] > git for-each-ref --format=%(refname)%00%(upstream:short)%00%(objectname)%00%(upstream:track)%00%(upstream:remotename)%00%(upstream:remoteref) refs/heads/main refs/remotes/main [84ms]
[2022-06-04T08:00:36.911Z] > git remote --verbose [6ms]
[2022-06-04T08:00:36.922Z] > git for-each-ref --sort -committerdate --format %(refname) %(objectname) %(*objectname) [26ms]
[2022-06-04T08:00:36.942Z] > git config --get commit.template [2ms]
[2022-06-04T08:00:37.197Z] > git check-ignore -v -z --stdin [3ms]
[2022-06-04T08:00:37.257Z] > git show --textconv :.stylua.toml [9ms]
[2022-06-04T08:00:37.265Z] > git ls-files --stage -- /home/xmig/.config/nvim/.stylua.toml [9ms]
[2022-06-04T08:00:37.294Z] > git cat-file -s e9bf6487613e7e405cddb3338cee67f57ce33b2e [23ms]
[2022-06-04T08:00:51.954Z] > git show --textconv :init.lua [15ms]
[2022-06-04T08:00:51.960Z] > git ls-files --stage -- /home/xmig/.config/nvim/init.lua [8ms]
[2022-06-04T08:00:51.979Z] > git cat-file -s a7e171e2ecf6680af14298d7d579dd59c3fa4a4e [6ms]
[2022-06-04T08:01:02.675Z] > git show --textconv :LICENSE [9ms]
[2022-06-04T08:01:02.677Z] > git ls-files --stage -- /home/xmig/.config/nvim/LICENSE [4ms]
[2022-06-04T08:01:02.684Z] > git cat-file -s f288702d2fa16d3cdf0035b15a9fcbc552cd88e7 [2ms]
[2022-06-04T08:01:04.677Z] > git show --textconv :init.lua [11ms]
[2022-06-04T08:01:04.678Z] > git ls-files --stage -- /home/xmig/.config/nvim/init.lua [2ms]
[2022-06-04T08:01:04.686Z] > git cat-file -s a7e171e2ecf6680af14298d7d579dd59c3fa4a4e [2ms]
[2022-06-04T08:01:05.151Z] > git show --textconv :.stylua.toml [9ms]
[2022-06-04T08:01:05.151Z] > git ls-files --stage -- /home/xmig/.config/nvim/.stylua.toml [2ms]
[2022-06-04T08:01:05.164Z] > git cat-file -s e9bf6487613e7e405cddb3338cee67f57ce33b2e [2ms]
[2022-06-04T08:01:05.764Z] > git show --textconv :.gitignore [8ms]
[2022-06-04T08:01:05.766Z] > git ls-files --stage -- /home/xmig/.config/nvim/.gitignore [3ms]
[2022-06-04T08:01:05.777Z] > git cat-file -s db7df8ea2ef6c9e14538f06ea5b070702f544511 [2ms]
[2022-06-04T08:01:06.557Z] > git check-ignore -v -z --stdin [13ms]
[2022-06-04T08:01:06.945Z] > git show --textconv :plugin/packer_compiled.lua [20ms]
[2022-06-04T08:01:06.945Z] > git ls-files --stage -- /home/xmig/.config/nvim/plugin/packer_compiled.lua [3ms]
[2022-06-04T08:01:15.731Z] > git check-ignore -v -z --stdin [3ms]
[2022-06-04T08:01:16.339Z] > git check-ignore -v -z --stdin [2ms]
[2022-06-04T08:01:17.093Z] > git show --textconv :lua/core/default_config.lua [15ms]
[2022-06-04T08:01:17.098Z] > git ls-files --stage -- /home/xmig/.config/nvim/lua/core/default_config.lua [6ms]
[2022-06-04T08:01:17.114Z] > git cat-file -s cdfc9c5a2b9d82a45cc6401d6d59e2fb54af87c6 [4ms]
[2022-06-04T08:01:19.722Z] > git show --textconv :lua/core/init.lua [18ms]
[2022-06-04T08:01:19.728Z] > git ls-files --stage -- /home/xmig/.config/nvim/lua/core/init.lua [7ms]
[2022-06-04T08:01:19.746Z] > git cat-file -s 8e089d5737421c5441b1a7f704d37a2a60763348 [5ms]
[2022-06-04T08:01:21.263Z] > git show --textconv :lua/core/mappings.lua [15ms]
[2022-06-04T08:01:21.264Z] > git ls-files --stage -- /home/xmig/.config/nvim/lua/core/mappings.lua [2ms]
[2022-06-04T08:01:21.279Z] > git cat-file -s bc804fa235713f624d017490fb21665f3639c3d5 [3ms]
[2022-06-04T08:01:25.692Z] > git show --textconv :lua/core/options.lua [16ms]
[2022-06-04T08:01:25.695Z] > git ls-files --stage -- /home/xmig/.config/nvim/lua/core/options.lua [5ms]
[2022-06-04T08:01:25.713Z] > git cat-file -s dce5fcf93c54d080c4b1a3a8ce5dbf77ddd5e5f6 [3ms]
[2022-06-04T08:01:29.534Z] > git show --textconv :lua/core/packer.lua [16ms]
[2022-06-04T08:01:29.541Z] > git ls-files --stage -- /home/xmig/.config/nvim/lua/core/packer.lua [9ms]
[2022-06-04T08:01:29.563Z] > git cat-file -s 1e8332f9dc940a7e33375b3f063ecce211958953 [5ms]
[2022-06-04T08:01:31.291Z] > git show --textconv :lua/core/utils.lua [17ms]
[2022-06-04T08:01:31.294Z] > git ls-files --stage -- /home/xmig/.config/nvim/lua/core/utils.lua [10ms]
[2022-06-04T08:01:31.309Z] > git cat-file -s 244fc904adc9213bdb6c8fb9b92327ef1541594d [6ms]
[2022-06-04T08:01:35.324Z] > git check-ignore -v -z --stdin [1ms]
[2022-06-04T08:01:36.278Z] > git show --textconv :lua/plugins/init.lua [16ms]
[2022-06-04T08:01:36.285Z] > git ls-files --stage -- /home/xmig/.config/nvim/lua/plugins/init.lua [9ms]
[2022-06-04T08:01:36.310Z] > git cat-file -s 6a82e17ec8066772fd44cca81d017bc3fc4ef602 [1ms]
[2022-06-04T08:01:38.359Z] > git check-ignore -v -z --stdin [3ms]
[2022-06-04T08:01:38.811Z] > git show --textconv :lua/plugins/configs/alpha.lua [21ms]
[2022-06-04T08:01:38.815Z] > git ls-files --stage -- /home/xmig/.config/nvim/lua/plugins/configs/alpha.lua [10ms]
[2022-06-04T08:01:38.827Z] > git cat-file -s 6a57bd67eff7fd247651e7f9a87a6fe36296e1f1 [2ms]
[2022-06-04T08:01:44.211Z] > git show --textconv :lua/plugins/configs/bufferline.lua [15ms]
[2022-06-04T08:01:44.213Z] > git ls-files --stage -- /home/xmig/.config/nvim/lua/plugins/configs/bufferline.lua [5ms]
[2022-06-04T08:01:44.252Z] > git cat-file -s f554a54cd23de54949d4799efc5219b27477a5db [23ms]
[2022-06-04T08:01:46.420Z] > git show --textconv :lua/plugins/configs/cmp.lua [18ms]
[2022-06-04T08:01:46.420Z] > git ls-files --stage -- /home/xmig/.config/nvim/lua/plugins/configs/cmp.lua [10ms]
[2022-06-04T08:01:46.437Z] > git cat-file -s b28162be33450414f0fa10886757092b147aefe5 [5ms]
[2022-06-04T08:01:47.522Z] > git show --textconv :lua/plugins/configs/gps.lua [19ms]
[2022-06-04T08:01:47.525Z] > git ls-files --stage -- /home/xmig/.config/nvim/lua/plugins/configs/gps.lua [4ms]
[2022-06-04T08:01:47.544Z] > git cat-file -s 23799d721c6157e208e2c6a97435965d9ca08de6 [3ms]
[2022-06-04T08:01:49.112Z] > git show --textconv :lua/plugins/configs/icons.lua [10ms]
[2022-06-04T08:01:49.116Z] > git ls-files --stage -- /home/xmig/.config/nvim/lua/plugins/configs/icons.lua [7ms]
[2022-06-04T08:01:49.125Z] > git cat-file -s c3f3ba0ce73ebcbb1f0129320c795134c60bcd06 [2ms]
[2022-06-04T08:01:50.841Z] > git show --textconv :lua/plugins/configs/lsp_installer.lua [11ms]
[2022-06-04T08:01:50.841Z] > git ls-files --stage -- /home/xmig/.config/nvim/lua/plugins/configs/lsp_installer.lua [3ms]
[2022-06-04T08:01:50.866Z] > git cat-file -s 2e0cef91652591948ba9990efec450bb774c9084 [9ms]
[2022-06-04T08:01:54.955Z] > git show --textconv :lua/plugins/configs/lspconfig.lua [13ms]
[2022-06-04T08:01:54.956Z] > git ls-files --stage -- /home/xmig/.config/nvim/lua/plugins/configs/lspconfig.lua [2ms]
[2022-06-04T08:01:54.969Z] > git cat-file -s ded646be29fe546cb9a7f4d25dc10dfa0c882dc4 [1ms]
[2022-06-04T08:01:56.623Z] > git show --textconv :lua/plugins/configs/lspkind_icons.lua [12ms]
[2022-06-04T08:01:56.624Z] > git ls-files --stage -- /home/xmig/.config/nvim/lua/plugins/configs/lspkind_icons.lua [2ms]
[2022-06-04T08:01:56.645Z] > git cat-file -s 190ca408d53cedd0e58694cc67f15f4493d29413 [4ms]
[2022-06-04T08:01:58.215Z] > git show --textconv :lua/plugins/configs/nvimtree.lua [10ms]
[2022-06-04T08:01:58.217Z] > git ls-files --stage -- /home/xmig/.config/nvim/lua/plugins/configs/nvimtree.lua [3ms]
[2022-06-04T08:01:58.225Z] > git cat-file -s e2866b156e04ae56a16192070155ad0a392bb796 [2ms]
[2022-06-04T08:02:00.232Z] > git show --textconv :lua/plugins/configs/nvterm.lua [13ms]
[2022-06-04T08:02:00.234Z] > git ls-files --stage -- /home/xmig/.config/nvim/lua/plugins/configs/nvterm.lua [3ms]
[2022-06-04T08:02:00.250Z] > git cat-file -s 581e4c4a0c903d4870732dfcd897549973daf14d [10ms]
[2022-06-04T08:02:01.208Z] > git show --textconv :lua/plugins/configs/others.lua [9ms]
[2022-06-04T08:02:01.211Z] > git ls-files --stage -- /home/xmig/.config/nvim/lua/plugins/configs/others.lua [5ms]
[2022-06-04T08:02:01.228Z] > git cat-file -s 777f1bf7df0e15170359bfaf85b72b58ec24b59c [6ms]
[2022-06-04T08:02:02.701Z] > git show --textconv :lua/plugins/configs/statusline.lua [13ms]
[2022-06-04T08:02:02.703Z] > git ls-files --stage -- /home/xmig/.config/nvim/lua/plugins/configs/statusline.lua [3ms]
[2022-06-04T08:02:02.719Z] > git cat-file -s 6bdea537e5fe99720026830727e313e4c9184d3e [2ms]
[2022-06-04T08:02:11.172Z] > git show --textconv :lua/plugins/configs/telescope.lua [16ms]
[2022-06-04T08:02:11.174Z] > git ls-files --stage -- /home/xmig/.config/nvim/lua/plugins/configs/telescope.lua [3ms]
[2022-06-04T08:02:11.192Z] > git cat-file -s 15bd8007f5eaa094a177204849f25687b4defb3d [4ms]
[2022-06-04T08:02:12.965Z] > git show --textconv :lua/plugins/configs/treesitter.lua [12ms]
[2022-06-04T08:02:12.966Z] > git ls-files --stage -- /home/xmig/.config/nvim/lua/plugins/configs/treesitter.lua [2ms]
[2022-06-04T08:02:12.974Z] > git cat-file -s a6e6483e5b0b8b06f3d1ea9bc29194642d9b9058 [2ms]
[2022-06-04T08:02:14.505Z] > git show --textconv :lua/plugins/configs/whichkey.lua [7ms]
[2022-06-04T08:02:14.508Z] > git ls-files --stage -- /home/xmig/.config/nvim/lua/plugins/configs/whichkey.lua [4ms]
[2022-06-04T08:02:14.523Z] > git cat-file -s 30630a230deeeddb9cee335d762327d97701b41c [5ms]
[2022-06-04T08:02:15.933Z] > git show --textconv :lua/plugins/init.lua [18ms]
[2022-06-04T08:02:15.934Z] > git ls-files --stage -- /home/xmig/.config/nvim/lua/plugins/init.lua [2ms]
[2022-06-04T08:02:15.954Z] > git cat-file -s 6a82e17ec8066772fd44cca81d017bc3fc4ef602 [3ms]
[2022-06-04T08:02:25.377Z] > git check-ignore -v -z --stdin [1ms]
[2022-06-04T08:02:25.813Z] > git show --textconv :examples/chadrc.lua [12ms]
[2022-06-04T08:02:25.815Z] > git ls-files --stage -- /home/xmig/.config/nvim/examples/chadrc.lua [3ms]
[2022-06-04T08:02:25.831Z] > git cat-file -s 6aa25218f8442c8f2d01768738142bc80f7f5f64 [2ms]
[2022-06-04T08:02:30.147Z] > git show --textconv :examples/init.lua [12ms]
[2022-06-04T08:02:30.150Z] > git ls-files --stage -- /home/xmig/.config/nvim/examples/init.lua [4ms]
[2022-06-04T08:02:30.166Z] > git cat-file -s 809432db1f2668fcf8f12e625c63c47918639dd3 [3ms]
[2022-06-04T08:02:32.766Z] > git check-ignore -v -z --stdin [10ms]
[2022-06-04T08:02:45.527Z] > git show --textconv :lua/core/default_config.lua [15ms]
[2022-06-04T08:02:45.529Z] > git ls-files --stage -- /home/xmig/.config/nvim/lua/core/default_config.lua [3ms]
[2022-06-04T08:02:45.545Z] > git cat-file -s cdfc9c5a2b9d82a45cc6401d6d59e2fb54af87c6 [5ms]
[2022-06-04T08:02:46.860Z] > git show --textconv :lua/core/init.lua [11ms]
[2022-06-04T08:02:46.861Z] > git ls-files --stage -- /home/xmig/.config/nvim/lua/core/init.lua [2ms]
[2022-06-04T08:02:46.879Z] > git cat-file -s 8e089d5737421c5441b1a7f704d37a2a60763348 [4ms]
[2022-06-04T08:02:52.905Z] > git show --textconv :init.lua [11ms]
[2022-06-04T08:02:52.907Z] > git ls-files --stage -- /home/xmig/.config/nvim/init.lua [4ms]
[2022-06-04T08:02:52.918Z] > git cat-file -s a7e171e2ecf6680af14298d7d579dd59c3fa4a4e [3ms]
[2022-06-04T08:02:55.631Z] > git show --textconv :.gitignore [28ms]
[2022-06-04T08:02:55.639Z] > git ls-files --stage -- /home/xmig/.config/nvim/.gitignore [9ms]
[2022-06-04T08:02:55.654Z] > git cat-file -s db7df8ea2ef6c9e14538f06ea5b070702f544511 [6ms]
[2022-06-04T08:02:56.039Z] > git show --textconv :.stylua.toml [13ms]
[2022-06-04T08:02:56.042Z] > git ls-files --stage -- /home/xmig/.config/nvim/.stylua.toml [4ms]
[2022-06-04T08:02:56.059Z] > git cat-file -s e9bf6487613e7e405cddb3338cee67f57ce33b2e [4ms]
[2022-06-04T08:03:41.919Z] > git ls-files --stage -- /home/xmig/.config/nvim/lua/core/default_config.lua [118ms]
[2022-06-04T08:03:41.932Z] > git show --textconv :lua/core/default_config.lua [143ms]
[2022-06-04T08:03:41.935Z] > git cat-file -s cdfc9c5a2b9d82a45cc6401d6d59e2fb54af87c6 [4ms]
[2022-06-04T08:04:07.824Z] > git status -z -uall [22ms]
[2022-06-04T08:04:07.838Z] > git symbolic-ref --short HEAD [3ms]
[2022-06-04T08:04:07.854Z] > git for-each-ref --format=%(refname)%00%(upstream:short)%00%(objectname)%00%(upstream:track)%00%(upstream:remotename)%00%(upstream:remoteref) refs/heads/main refs/remotes/main [4ms]
[2022-06-04T08:04:07.879Z] > git for-each-ref --sort -committerdate --format %(refname) %(objectname) %(*objectname) [14ms]
[2022-06-04T08:04:07.881Z] > git remote --verbose [5ms]
[2022-06-04T08:04:07.902Z] > git config --get commit.template [4ms]
[2022-06-04T08:04:35.262Z] > git status -z -uall [3ms]
[2022-06-04T08:04:35.270Z] > git symbolic-ref --short HEAD [2ms]
[2022-06-04T08:04:35.278Z] > git for-each-ref --format=%(refname)%00%(upstream:short)%00%(objectname)%00%(upstream:track)%00%(upstream:remotename)%00%(upstream:remoteref) refs/heads/main refs/remotes/main [2ms]
[2022-06-04T08:04:35.291Z] > git for-each-ref --sort -committerdate --format %(refname) %(objectname) %(*objectname) [7ms]
[2022-06-04T08:04:35.291Z] > git remote --verbose [1ms]
[2022-06-04T08:04:35.301Z] > git config --get commit.template [1ms]
[2022-06-04T08:05:21.575Z] > git status -z -uall [7ms]
[2022-06-04T08:05:21.598Z] > git symbolic-ref --short HEAD [4ms]
[2022-06-04T08:05:21.615Z] > git for-each-ref --format=%(refname)%00%(upstream:short)%00%(objectname)%00%(upstream:track)%00%(upstream:remotename)%00%(upstream:remoteref) refs/heads/main refs/remotes/main [3ms]
[2022-06-04T08:05:21.635Z] > git for-each-ref --sort -committerdate --format %(refname) %(objectname) %(*objectname) [11ms]
[2022-06-04T08:05:21.636Z] > git remote --verbose [2ms]
[2022-06-04T08:05:21.652Z] > git config --get commit.template [1ms]
[2022-06-04T08:06:31.194Z] > git status -z -uall [12ms]
[2022-06-04T08:06:31.215Z] > git symbolic-ref --short HEAD [8ms]
[2022-06-04T08:06:31.232Z] > git for-each-ref --format=%(refname)%00%(upstream:short)%00%(objectname)%00%(upstream:track)%00%(upstream:remotename)%00%(upstream:remoteref) refs/heads/main refs/remotes/main [5ms]
[2022-06-04T08:06:31.253Z] > git for-each-ref --sort -committerdate --format %(refname) %(objectname) %(*objectname) [11ms]
[2022-06-04T08:06:31.254Z] > git remote --verbose [3ms]
[2022-06-04T08:06:31.266Z] > git config --get commit.template [1ms]
[2022-06-04T08:06:36.309Z] > git status -z -uall [15ms]
[2022-06-04T08:06:36.346Z] > git symbolic-ref --short HEAD [8ms]
[2022-06-04T08:06:36.372Z] > git for-each-ref --format=%(refname)%00%(upstream:short)%00%(objectname)%00%(upstream:track)%00%(upstream:remotename)%00%(upstream:remoteref) refs/heads/main refs/remotes/main [4ms]
[2022-06-04T08:06:36.399Z] > git for-each-ref --sort -committerdate --format %(refname) %(objectname) %(*objectname) [15ms]
[2022-06-04T08:06:36.400Z] > git remote --verbose [4ms]
[2022-06-04T08:06:36.418Z] > git config --get commit.template [1ms]
[2022-06-04T08:20:25.984Z] > git check-ignore -v -z --stdin [11ms]
