[2022-06-04 05:00:23.397] [main] [info] window#load: attempt to load window (id: 1)
[2022-06-04 05:00:23.409] [main] [info] update#ctor - updates are disabled as there is no update URL
[2022-06-04 05:00:23.484] [main] [info] ExtensionHostStarterWorker created
[2022-06-04 05:00:26.437] [main] [info] window#load: window reported ready (id: 1)
[2022-06-04 05:00:27.244] [main] [info] Starting extension host with pid 35099 (fork() took 52 ms).
[2022-06-04 05:00:27.245] [main] [info] ExtensionHostStarterWorker.start() took 57 ms.
[2022-06-04 05:22:11.733] [main] [info] window#load: attempt to load window (id: 1)
[2022-06-04 05:22:13.192] [main] [info] Extension host with pid 35099 exited with code: 0, signal: null.
[2022-06-04 05:22:15.689] [main] [info] window#load: window reported ready (id: 1)
[2022-06-04 05:22:16.355] [main] [info] Starting extension host with pid 36076 (fork() took 31 ms).
[2022-06-04 05:22:16.355] [main] [info] ExtensionHostStarterWorker.start() took 36 ms.
[2022-06-04 05:28:53.286] [main] [info] window#load: attempt to load window (id: 3)
[2022-06-04 05:28:58.506] [main] [info] window#load: window reported ready (id: 3)
[2022-06-04 05:29:00.235] [main] [info] Starting extension host with pid 36749 (fork() took 21 ms).
[2022-06-04 05:29:00.236] [main] [info] ExtensionHostStarterWorker.start() took 29 ms.
[2022-06-04 05:29:06.323] [main] [info] Extension host with pid 36749 exited with code: 0, signal: null.
[2022-06-04 07:08:34.521] [main] [info] Waiting for extension host with pid 36076 to exit.
[2022-06-04 07:08:34.831] [main] [info] Extension host with pid 36076 exited with code: 0, signal: null.
[2022-06-04 07:08:34.849] [main] [warning] [storage main] detected slow close() operation: Time: 365ms, DB size: 40960b, Large Keys: memento/workbench.editors.files.textFileEditor:12806, history.entries:3852, codelens/cache2:1480, __$__targetStorageMarker:1169, memento/workbench.parts.editor:578
[2022-06-04 07:08:35.035] [main] [warning] [storage main] detected slow close() operation: Time: 555ms, DB size: 32768b, Large Keys: memento/workbench.editors.files.textFileEditor:4118, __$__targetStorageMarker:1356, history.entries:1072, memento/workbench.parts.editor:990, codelens/cache2:866
[2022-06-04 07:08:35.086] [main] [warning] [storage main] detected slow close() operation: Time: 606ms, DB size: 159744b, Large Keys: iconThemeData:88484, colorThemeData:8945, workbench.activity.placeholderViewlets:2798, workbench.view.extensions.state.hidden:1525, __$__targetStorageMarker:1348
